15-Apr-2017 22:52:49.133 INFO [main] org.apache.catalina.startup.VersionLoggerListener.log Server version:        Apache Tomcat/9.0.0.M19
15-Apr-2017 22:52:49.136 INFO [main] org.apache.catalina.startup.VersionLoggerListener.log Server built:          Apr 14 2017 06:00:06 UTC
15-Apr-2017 22:52:49.137 INFO [main] org.apache.catalina.startup.VersionLoggerListener.log Server number:         9.0.0.0
15-Apr-2017 22:52:49.137 INFO [main] org.apache.catalina.startup.VersionLoggerListener.log OS Name:               Linux
15-Apr-2017 22:52:49.138 INFO [main] org.apache.catalina.startup.VersionLoggerListener.log OS Version:            4.4.0-72-generic
15-Apr-2017 22:52:49.138 INFO [main] org.apache.catalina.startup.VersionLoggerListener.log Architecture:          amd64
15-Apr-2017 22:52:49.138 INFO [main] org.apache.catalina.startup.VersionLoggerListener.log Java Home:             /var/lib/java/jdk1.8.0_121/jre
15-Apr-2017 22:52:49.138 INFO [main] org.apache.catalina.startup.VersionLoggerListener.log JVM Version:           1.8.0_121-b13
15-Apr-2017 22:52:49.138 INFO [main] org.apache.catalina.startup.VersionLoggerListener.log JVM Vendor:            Oracle Corporation
15-Apr-2017 22:52:49.139 INFO [main] org.apache.catalina.startup.VersionLoggerListener.log CATALINA_BASE:         /home/deadoggy/WorkSpace/java/Deliver/Server/Build
15-Apr-2017 22:52:49.139 INFO [main] org.apache.catalina.startup.VersionLoggerListener.log CATALINA_HOME:         /home/deadoggy/WorkSpace/java/Deliver/Server/Build
15-Apr-2017 22:52:49.140 INFO [main] org.apache.catalina.startup.VersionLoggerListener.log Command line argument: -Djava.util.logging.config.file=/home/deadoggy/WorkSpace/java/Deliver/Server/Build/conf/logging.properties
15-Apr-2017 22:52:49.140 INFO [main] org.apache.catalina.startup.VersionLoggerListener.log Command line argument: -Djava.util.logging.manager=org.apache.juli.ClassLoaderLogManager
15-Apr-2017 22:52:49.140 INFO [main] org.apache.catalina.startup.VersionLoggerListener.log Command line argument: -Djdk.tls.ephemeralDHKeySize=2048
15-Apr-2017 22:52:49.140 INFO [main] org.apache.catalina.startup.VersionLoggerListener.log Command line argument: -Djava.protocol.handler.pkgs=org.apache.catalina.webresources
15-Apr-2017 22:52:49.141 INFO [main] org.apache.catalina.startup.VersionLoggerListener.log Command line argument: -Dcatalina.base=/home/deadoggy/WorkSpace/java/Deliver/Server/Build
15-Apr-2017 22:52:49.141 INFO [main] org.apache.catalina.startup.VersionLoggerListener.log Command line argument: -Dcatalina.home=/home/deadoggy/WorkSpace/java/Deliver/Server/Build
15-Apr-2017 22:52:49.141 INFO [main] org.apache.catalina.startup.VersionLoggerListener.log Command line argument: -Djava.io.tmpdir=/home/deadoggy/WorkSpace/java/Deliver/Server/Build/temp
15-Apr-2017 22:52:49.141 INFO [main] org.apache.catalina.core.AprLifecycleListener.lifecycleEvent The APR based Apache Tomcat Native library which allows optimal performance in production environments was not found on the java.library.path: /usr/java/packages/lib/amd64:/usr/lib64:/lib64:/lib:/usr/lib
15-Apr-2017 22:52:49.255 INFO [main] org.apache.coyote.AbstractProtocol.init Initializing ProtocolHandler ["http-nio-8080"]
15-Apr-2017 22:52:49.268 INFO [main] org.apache.tomcat.util.net.NioSelectorPool.getSharedSelector Using a shared selector for servlet write/read
15-Apr-2017 22:52:49.270 INFO [main] org.apache.coyote.AbstractProtocol.init Initializing ProtocolHandler ["ajp-nio-8009"]
15-Apr-2017 22:52:49.271 INFO [main] org.apache.tomcat.util.net.NioSelectorPool.getSharedSelector Using a shared selector for servlet write/read
15-Apr-2017 22:52:49.272 INFO [main] org.apache.catalina.startup.Catalina.load Initialization processed in 532 ms
15-Apr-2017 22:52:49.294 INFO [main] org.apache.catalina.core.StandardService.startInternal Starting service Catalina
15-Apr-2017 22:52:49.294 INFO [main] org.apache.catalina.core.StandardEngine.startInternal Starting Servlet Engine: Apache Tomcat/9.0.0.M19
15-Apr-2017 22:52:49.547 INFO [main] org.apache.catalina.startup.HostConfig.deployDirectory Deploying web application directory /home/deadoggy/WorkSpace/java/Deliver/Server/Build/webapps/manager
15-Apr-2017 22:52:49.576 INFO [main] org.apache.catalina.startup.HostConfig.deployDirectory Deployment of web application directory /home/deadoggy/WorkSpace/java/Deliver/Server/Build/webapps/manager has finished in 29 ms
15-Apr-2017 22:52:49.577 INFO [main] org.apache.catalina.startup.HostConfig.deployDirectory Deploying web application directory /home/deadoggy/WorkSpace/java/Deliver/Server/Build/webapps/host-manager
15-Apr-2017 22:52:49.593 INFO [main] org.apache.catalina.startup.HostConfig.deployDirectory Deployment of web application directory /home/deadoggy/WorkSpace/java/Deliver/Server/Build/webapps/host-manager has finished in 16 ms
15-Apr-2017 22:52:49.593 INFO [main] org.apache.catalina.startup.HostConfig.deployDirectory Deploying web application directory /home/deadoggy/WorkSpace/java/Deliver/Server/Build/webapps/docs
15-Apr-2017 22:52:49.608 INFO [main] org.apache.catalina.startup.HostConfig.deployDirectory Deployment of web application directory /home/deadoggy/WorkSpace/java/Deliver/Server/Build/webapps/docs has finished in 15 ms
15-Apr-2017 22:52:49.608 INFO [main] org.apache.catalina.startup.HostConfig.deployDirectory Deploying web application directory /home/deadoggy/WorkSpace/java/Deliver/Server/Build/webapps/examples
15-Apr-2017 22:52:49.878 INFO [main] org.apache.catalina.startup.HostConfig.deployDirectory Deployment of web application directory /home/deadoggy/WorkSpace/java/Deliver/Server/Build/webapps/examples has finished in 270 ms
15-Apr-2017 22:52:49.881 INFO [main] org.apache.coyote.AbstractProtocol.start Starting ProtocolHandler ["http-nio-8080"]
15-Apr-2017 22:52:49.888 INFO [main] org.apache.coyote.AbstractProtocol.start Starting ProtocolHandler ["ajp-nio-8009"]
15-Apr-2017 22:52:49.891 INFO [main] org.apache.catalina.startup.Catalina.start Server startup in 619 ms
usage: java org.apache.catalina.startup.Catalina [ -config {pathname} ] [ -nonaming ]  { -help | start | stop }
15-Apr-2017 22:53:15.991 INFO [main] org.apache.catalina.startup.VersionLoggerListener.log Server version:        Apache Tomcat/9.0.0.M19
15-Apr-2017 22:53:15.993 INFO [main] org.apache.catalina.startup.VersionLoggerListener.log Server built:          Apr 14 2017 06:00:06 UTC
15-Apr-2017 22:53:15.993 INFO [main] org.apache.catalina.startup.VersionLoggerListener.log Server number:         9.0.0.0
15-Apr-2017 22:53:15.993 INFO [main] org.apache.catalina.startup.VersionLoggerListener.log OS Name:               Linux
15-Apr-2017 22:53:15.994 INFO [main] org.apache.catalina.startup.VersionLoggerListener.log OS Version:            4.4.0-72-generic
15-Apr-2017 22:53:15.994 INFO [main] org.apache.catalina.startup.VersionLoggerListener.log Architecture:          amd64
15-Apr-2017 22:53:15.994 INFO [main] org.apache.catalina.startup.VersionLoggerListener.log Java Home:             /var/lib/java/jdk1.8.0_121/jre
15-Apr-2017 22:53:15.994 INFO [main] org.apache.catalina.startup.VersionLoggerListener.log JVM Version:           1.8.0_121-b13
15-Apr-2017 22:53:15.994 INFO [main] org.apache.catalina.startup.VersionLoggerListener.log JVM Vendor:            Oracle Corporation
15-Apr-2017 22:53:15.994 INFO [main] org.apache.catalina.startup.VersionLoggerListener.log CATALINA_BASE:         /home/deadoggy/WorkSpace/java/Deliver/Server/Build
15-Apr-2017 22:53:15.994 INFO [main] org.apache.catalina.startup.VersionLoggerListener.log CATALINA_HOME:         /home/deadoggy/WorkSpace/java/Deliver/Server/Build
15-Apr-2017 22:53:15.995 INFO [main] org.apache.catalina.startup.VersionLoggerListener.log Command line argument: -Djava.util.logging.config.file=/home/deadoggy/WorkSpace/java/Deliver/Server/Build/conf/logging.properties
15-Apr-2017 22:53:15.995 INFO [main] org.apache.catalina.startup.VersionLoggerListener.log Command line argument: -Djava.util.logging.manager=org.apache.juli.ClassLoaderLogManager
15-Apr-2017 22:53:15.995 INFO [main] org.apache.catalina.startup.VersionLoggerListener.log Command line argument: -Djdk.tls.ephemeralDHKeySize=2048
15-Apr-2017 22:53:15.995 INFO [main] org.apache.catalina.startup.VersionLoggerListener.log Command line argument: -Djava.protocol.handler.pkgs=org.apache.catalina.webresources
15-Apr-2017 22:53:15.995 INFO [main] org.apache.catalina.startup.VersionLoggerListener.log Command line argument: -Dcatalina.base=/home/deadoggy/WorkSpace/java/Deliver/Server/Build
15-Apr-2017 22:53:15.995 INFO [main] org.apache.catalina.startup.VersionLoggerListener.log Command line argument: -Dcatalina.home=/home/deadoggy/WorkSpace/java/Deliver/Server/Build
15-Apr-2017 22:53:15.995 INFO [main] org.apache.catalina.startup.VersionLoggerListener.log Command line argument: -Djava.io.tmpdir=/home/deadoggy/WorkSpace/java/Deliver/Server/Build/temp
15-Apr-2017 22:53:15.995 INFO [main] org.apache.catalina.core.AprLifecycleListener.lifecycleEvent The APR based Apache Tomcat Native library which allows optimal performance in production environments was not found on the java.library.path: /usr/java/packages/lib/amd64:/usr/lib64:/lib64:/lib:/usr/lib
15-Apr-2017 22:53:16.111 INFO [main] org.apache.coyote.AbstractProtocol.init Initializing ProtocolHandler ["http-nio-8080"]
15-Apr-2017 22:53:16.126 SEVERE [main] org.apache.catalina.util.LifecycleBase.handleSubClassException Failed to initialize component [Connector[HTTP/1.1-8080]]
 org.apache.catalina.LifecycleException: Protocol handler initialization failed
	at org.apache.catalina.connector.Connector.initInternal(Connector.java:942)
	at org.apache.catalina.util.LifecycleBase.init(LifecycleBase.java:136)
	at org.apache.catalina.core.StandardService.initInternal(StandardService.java:530)
	at org.apache.catalina.util.LifecycleBase.init(LifecycleBase.java:136)
	at org.apache.catalina.core.StandardServer.initInternal(StandardServer.java:875)
	at org.apache.catalina.util.LifecycleBase.init(LifecycleBase.java:136)
	at org.apache.catalina.startup.Catalina.load(Catalina.java:606)
	at org.apache.catalina.startup.Catalina.start(Catalina.java:643)
	at sun.reflect.NativeMethodAccessorImpl.invoke0(Native Method)
	at sun.reflect.NativeMethodAccessorImpl.invoke(NativeMethodAccessorImpl.java:62)
	at sun.reflect.DelegatingMethodAccessorImpl.invoke(DelegatingMethodAccessorImpl.java:43)
	at java.lang.reflect.Method.invoke(Method.java:498)
	at org.apache.catalina.startup.Bootstrap.start(Bootstrap.java:355)
	at org.apache.catalina.startup.Bootstrap.main(Bootstrap.java:495)
Caused by: java.net.BindException: Address already in use
	at sun.nio.ch.Net.bind0(Native Method)
	at sun.nio.ch.Net.bind(Net.java:433)
	at sun.nio.ch.Net.bind(Net.java:425)
	at sun.nio.ch.ServerSocketChannelImpl.bind(ServerSocketChannelImpl.java:223)
	at sun.nio.ch.ServerSocketAdaptor.bind(ServerSocketAdaptor.java:74)
	at org.apache.tomcat.util.net.NioEndpoint.bind(NioEndpoint.java:206)
	at org.apache.tomcat.util.net.AbstractEndpoint.init(AbstractEndpoint.java:950)
	at org.apache.coyote.AbstractProtocol.init(AbstractProtocol.java:573)
	at org.apache.coyote.http11.AbstractHttp11Protocol.init(AbstractHttp11Protocol.java:70)
	at org.apache.catalina.connector.Connector.initInternal(Connector.java:939)
	... 13 more

15-Apr-2017 22:53:16.128 INFO [main] org.apache.coyote.AbstractProtocol.init Initializing ProtocolHandler ["ajp-nio-8009"]
15-Apr-2017 22:53:16.129 SEVERE [main] org.apache.catalina.util.LifecycleBase.handleSubClassException Failed to initialize component [Connector[AJP/1.3-8009]]
 org.apache.catalina.LifecycleException: Protocol handler initialization failed
	at org.apache.catalina.connector.Connector.initInternal(Connector.java:942)
	at org.apache.catalina.util.LifecycleBase.init(LifecycleBase.java:136)
	at org.apache.catalina.core.StandardService.initInternal(StandardService.java:530)
	at org.apache.catalina.util.LifecycleBase.init(LifecycleBase.java:136)
	at org.apache.catalina.core.StandardServer.initInternal(StandardServer.java:875)
	at org.apache.catalina.util.LifecycleBase.init(LifecycleBase.java:136)
	at org.apache.catalina.startup.Catalina.load(Catalina.java:606)
	at org.apache.catalina.startup.Catalina.start(Catalina.java:643)
	at sun.reflect.NativeMethodAccessorImpl.invoke0(Native Method)
	at sun.reflect.NativeMethodAccessorImpl.invoke(NativeMethodAccessorImpl.java:62)
	at sun.reflect.DelegatingMethodAccessorImpl.invoke(DelegatingMethodAccessorImpl.java:43)
	at java.lang.reflect.Method.invoke(Method.java:498)
	at org.apache.catalina.startup.Bootstrap.start(Bootstrap.java:355)
	at org.apache.catalina.startup.Bootstrap.main(Bootstrap.java:495)
Caused by: java.net.BindException: Address already in use
	at sun.nio.ch.Net.bind0(Native Method)
	at sun.nio.ch.Net.bind(Net.java:433)
	at sun.nio.ch.Net.bind(Net.java:425)
	at sun.nio.ch.ServerSocketChannelImpl.bind(ServerSocketChannelImpl.java:223)
	at sun.nio.ch.ServerSocketAdaptor.bind(ServerSocketAdaptor.java:74)
	at org.apache.tomcat.util.net.NioEndpoint.bind(NioEndpoint.java:206)
	at org.apache.tomcat.util.net.AbstractEndpoint.init(AbstractEndpoint.java:950)
	at org.apache.coyote.AbstractProtocol.init(AbstractProtocol.java:573)
	at org.apache.catalina.connector.Connector.initInternal(Connector.java:939)
	... 13 more

15-Apr-2017 22:53:16.130 INFO [main] org.apache.catalina.startup.Catalina.load Initialization processed in 547 ms
15-Apr-2017 22:53:16.149 INFO [main] org.apache.catalina.core.StandardService.startInternal Starting service Catalina
15-Apr-2017 22:53:16.150 INFO [main] org.apache.catalina.core.StandardEngine.startInternal Starting Servlet Engine: Apache Tomcat/9.0.0.M19
15-Apr-2017 22:53:16.390 INFO [main] org.apache.catalina.startup.HostConfig.deployDirectory Deploying web application directory /home/deadoggy/WorkSpace/java/Deliver/Server/Build/webapps/manager
15-Apr-2017 22:53:16.423 INFO [main] org.apache.catalina.startup.HostConfig.deployDirectory Deployment of web application directory /home/deadoggy/WorkSpace/java/Deliver/Server/Build/webapps/manager has finished in 33 ms
15-Apr-2017 22:53:16.424 INFO [main] org.apache.catalina.startup.HostConfig.deployDirectory Deploying web application directory /home/deadoggy/WorkSpace/java/Deliver/Server/Build/webapps/host-manager
15-Apr-2017 22:53:16.442 INFO [main] org.apache.catalina.startup.HostConfig.deployDirectory Deployment of web application directory /home/deadoggy/WorkSpace/java/Deliver/Server/Build/webapps/host-manager has finished in 19 ms
15-Apr-2017 22:53:16.442 INFO [main] org.apache.catalina.startup.HostConfig.deployDirectory Deploying web application directory /home/deadoggy/WorkSpace/java/Deliver/Server/Build/webapps/docs
15-Apr-2017 22:53:16.457 INFO [main] org.apache.catalina.startup.HostConfig.deployDirectory Deployment of web application directory /home/deadoggy/WorkSpace/java/Deliver/Server/Build/webapps/docs has finished in 15 ms
15-Apr-2017 22:53:16.457 INFO [main] org.apache.catalina.startup.HostConfig.deployDirectory Deploying web application directory /home/deadoggy/WorkSpace/java/Deliver/Server/Build/webapps/examples
15-Apr-2017 22:53:16.662 INFO [main] org.apache.catalina.startup.HostConfig.deployDirectory Deployment of web application directory /home/deadoggy/WorkSpace/java/Deliver/Server/Build/webapps/examples has finished in 205 ms
15-Apr-2017 22:53:16.664 INFO [main] org.apache.catalina.startup.Catalina.start Server startup in 534 ms
15-Apr-2017 22:53:16.666 SEVERE [main] org.apache.catalina.core.StandardServer.await StandardServer.await: create[localhost:8005]: 
 java.net.BindException: Address already in use (Bind failed)
	at java.net.PlainSocketImpl.socketBind(Native Method)
	at java.net.AbstractPlainSocketImpl.bind(AbstractPlainSocketImpl.java:387)
	at java.net.ServerSocket.bind(ServerSocket.java:375)
	at java.net.ServerSocket.<init>(ServerSocket.java:237)
	at org.apache.catalina.core.StandardServer.await(StandardServer.java:441)
	at org.apache.catalina.startup.Catalina.await(Catalina.java:743)
	at org.apache.catalina.startup.Catalina.start(Catalina.java:689)
	at sun.reflect.NativeMethodAccessorImpl.invoke0(Native Method)
	at sun.reflect.NativeMethodAccessorImpl.invoke(NativeMethodAccessorImpl.java:62)
	at sun.reflect.DelegatingMethodAccessorImpl.invoke(DelegatingMethodAccessorImpl.java:43)
	at java.lang.reflect.Method.invoke(Method.java:498)
	at org.apache.catalina.startup.Bootstrap.start(Bootstrap.java:355)
	at org.apache.catalina.startup.Bootstrap.main(Bootstrap.java:495)

15-Apr-2017 22:53:16.666 INFO [main] org.apache.coyote.AbstractProtocol.pause Pausing ProtocolHandler ["http-nio-8080"]
15-Apr-2017 22:53:16.666 INFO [main] org.apache.coyote.AbstractProtocol.pause Pausing ProtocolHandler ["ajp-nio-8009"]
15-Apr-2017 22:53:16.666 INFO [main] org.apache.catalina.core.StandardService.stopInternal Stopping service Catalina
15-Apr-2017 22:53:16.684 INFO [main] org.apache.coyote.AbstractProtocol.stop Stopping ProtocolHandler ["http-nio-8080"]
15-Apr-2017 22:53:16.685 INFO [main] org.apache.coyote.AbstractProtocol.destroy Destroying ProtocolHandler ["http-nio-8080"]
15-Apr-2017 22:53:16.685 INFO [main] org.apache.coyote.AbstractProtocol.stop Stopping ProtocolHandler ["ajp-nio-8009"]
15-Apr-2017 22:53:16.685 INFO [main] org.apache.coyote.AbstractProtocol.destroy Destroying ProtocolHandler ["ajp-nio-8009"]
15-Apr-2017 22:53:47.727 INFO [Thread-5] org.apache.coyote.AbstractProtocol.pause Pausing ProtocolHandler ["http-nio-8080"]
15-Apr-2017 22:53:47.789 INFO [Thread-5] org.apache.coyote.AbstractProtocol.pause Pausing ProtocolHandler ["ajp-nio-8009"]
15-Apr-2017 22:53:47.839 INFO [Thread-5] org.apache.catalina.core.StandardService.stopInternal Stopping service Catalina
15-Apr-2017 22:53:47.874 INFO [Thread-5] org.apache.coyote.AbstractProtocol.stop Stopping ProtocolHandler ["http-nio-8080"]
15-Apr-2017 22:53:47.876 INFO [Thread-5] org.apache.coyote.AbstractProtocol.stop Stopping ProtocolHandler ["ajp-nio-8009"]
15-Apr-2017 22:53:47.883 INFO [Thread-5] org.apache.coyote.AbstractProtocol.destroy Destroying ProtocolHandler ["http-nio-8080"]
15-Apr-2017 22:53:47.883 INFO [Thread-5] org.apache.coyote.AbstractProtocol.destroy Destroying ProtocolHandler ["ajp-nio-8009"]
17-Apr-2017 15:23:45.022 SEVERE [main] org.apache.catalina.startup.Catalina.initDirs Cannot find specified temporary folder at /home/deadoggy/WorkSpace/java/DeliverManagementSystem/Server/Build/temp
17-Apr-2017 15:23:45.498 INFO [main] org.apache.catalina.startup.VersionLoggerListener.log Server version:        Apache Tomcat/9.0.0.M19
17-Apr-2017 15:23:45.498 INFO [main] org.apache.catalina.startup.VersionLoggerListener.log Server built:          Apr 14 2017 06:00:06 UTC
17-Apr-2017 15:23:45.498 INFO [main] org.apache.catalina.startup.VersionLoggerListener.log Server number:         9.0.0.0
17-Apr-2017 15:23:45.498 INFO [main] org.apache.catalina.startup.VersionLoggerListener.log OS Name:               Linux
17-Apr-2017 15:23:45.499 INFO [main] org.apache.catalina.startup.VersionLoggerListener.log OS Version:            4.4.0-72-generic
17-Apr-2017 15:23:45.499 INFO [main] org.apache.catalina.startup.VersionLoggerListener.log Architecture:          amd64
17-Apr-2017 15:23:45.499 INFO [main] org.apache.catalina.startup.VersionLoggerListener.log Java Home:             /var/lib/java/jdk1.8.0_121/jre
17-Apr-2017 15:23:45.499 INFO [main] org.apache.catalina.startup.VersionLoggerListener.log JVM Version:           1.8.0_121-b13
17-Apr-2017 15:23:45.499 INFO [main] org.apache.catalina.startup.VersionLoggerListener.log JVM Vendor:            Oracle Corporation
17-Apr-2017 15:23:45.499 INFO [main] org.apache.catalina.startup.VersionLoggerListener.log CATALINA_BASE:         /home/deadoggy/WorkSpace/java/DeliverManagementSystem/Server/Build
17-Apr-2017 15:23:45.499 INFO [main] org.apache.catalina.startup.VersionLoggerListener.log CATALINA_HOME:         /home/deadoggy/WorkSpace/java/DeliverManagementSystem/Server/Build
17-Apr-2017 15:23:45.499 INFO [main] org.apache.catalina.startup.VersionLoggerListener.log Command line argument: -Djava.util.logging.config.file=/home/deadoggy/WorkSpace/java/DeliverManagementSystem/Server/Build/conf/logging.properties
17-Apr-2017 15:23:45.500 INFO [main] org.apache.catalina.startup.VersionLoggerListener.log Command line argument: -Djava.util.logging.manager=org.apache.juli.ClassLoaderLogManager
17-Apr-2017 15:23:45.500 INFO [main] org.apache.catalina.startup.VersionLoggerListener.log Command line argument: -Djdk.tls.ephemeralDHKeySize=2048
17-Apr-2017 15:23:45.500 INFO [main] org.apache.catalina.startup.VersionLoggerListener.log Command line argument: -Djava.protocol.handler.pkgs=org.apache.catalina.webresources
17-Apr-2017 15:23:45.500 INFO [main] org.apache.catalina.startup.VersionLoggerListener.log Command line argument: -Dcatalina.base=/home/deadoggy/WorkSpace/java/DeliverManagementSystem/Server/Build
17-Apr-2017 15:23:45.500 INFO [main] org.apache.catalina.startup.VersionLoggerListener.log Command line argument: -Dcatalina.home=/home/deadoggy/WorkSpace/java/DeliverManagementSystem/Server/Build
17-Apr-2017 15:23:45.500 INFO [main] org.apache.catalina.startup.VersionLoggerListener.log Command line argument: -Djava.io.tmpdir=/home/deadoggy/WorkSpace/java/DeliverManagementSystem/Server/Build/temp
17-Apr-2017 15:23:45.500 INFO [main] org.apache.catalina.core.AprLifecycleListener.lifecycleEvent The APR based Apache Tomcat Native library which allows optimal performance in production environments was not found on the java.library.path: /usr/java/packages/lib/amd64:/usr/lib64:/lib64:/lib:/usr/lib
17-Apr-2017 15:23:45.631 INFO [main] org.apache.coyote.AbstractProtocol.init Initializing ProtocolHandler ["http-nio-8080"]
17-Apr-2017 15:23:45.649 INFO [main] org.apache.tomcat.util.net.NioSelectorPool.getSharedSelector Using a shared selector for servlet write/read
17-Apr-2017 15:23:45.653 INFO [main] org.apache.coyote.AbstractProtocol.init Initializing ProtocolHandler ["ajp-nio-8009"]
17-Apr-2017 15:23:45.654 INFO [main] org.apache.tomcat.util.net.NioSelectorPool.getSharedSelector Using a shared selector for servlet write/read
17-Apr-2017 15:23:45.654 INFO [main] org.apache.catalina.startup.Catalina.load Initialization processed in 634 ms
17-Apr-2017 15:23:45.673 INFO [main] org.apache.catalina.core.StandardService.startInternal Starting service Catalina
17-Apr-2017 15:23:45.673 INFO [main] org.apache.catalina.core.StandardEngine.startInternal Starting Servlet Engine: Apache Tomcat/9.0.0.M19
17-Apr-2017 15:23:46.939 INFO [main] org.apache.jasper.servlet.TldScanner.scanJars At least one JAR was scanned for TLDs yet contained no TLDs. Enable debug logging for this logger for a complete list of JARs that were scanned but no TLDs were found in them. Skipping unneeded JARs during scanning can improve startup time and JSP compilation time.
SLF4J: Failed to load class "org.slf4j.impl.StaticLoggerBinder".
SLF4J: Defaulting to no-operation (NOP) logger implementation
SLF4J: See http://www.slf4j.org/codes.html#StaticLoggerBinder for further details.
17-Apr-2017 15:23:47.894 INFO [main] org.hibernate.validator.internal.util.Version.<clinit> HV000001: Hibernate Validator 5.4.1.Final
17-Apr-2017 15:23:48.224 INFO [main] org.hibernate.jpa.internal.util.LogHelper.logPersistenceUnitInformation HHH000204: Processing PersistenceUnitInfo [
	name: DeliverPU
	...]
17-Apr-2017 15:23:48.296 INFO [main] org.hibernate.Version.logVersion HHH000412: Hibernate Core {5.2.9.Final}
17-Apr-2017 15:23:48.297 INFO [main] org.hibernate.cfg.Environment.<clinit> HHH000206: hibernate.properties not found
17-Apr-2017 15:23:48.337 INFO [main] org.hibernate.annotations.common.reflection.java.JavaReflectionManager.<clinit> HCANN000001: Hibernate Commons Annotations {5.0.1.Final}
17-Apr-2017 15:23:48.466 INFO [main] org.hibernate.engine.jdbc.connections.internal.ConnectionProviderInitiator.initiateService HHH000130: Instantiating explicit connection provider: com.zaxxer.hikari.hibernate.HikariConnectionProvider
Mon Apr 17 15:23:48 CST 2017 WARN: Establishing SSL connection without server's identity verification is not recommended. According to MySQL 5.5.45+, 5.6.26+ and 5.7.6+ requirements SSL connection must be established by default if explicit option isn't set. For compliance with existing applications not using SSL the verifyServerCertificate property is set to 'false'. You need either to explicitly disable SSL by setting useSSL=false, or set useSSL=true and provide truststore for server certificate verification.
17-Apr-2017 15:23:48.833 INFO [main] org.hibernate.dialect.Dialect.<init> HHH000400: Using dialect: org.hibernate.dialect.MySQL5Dialect
Mon Apr 17 15:23:48 CST 2017 WARN: Establishing SSL connection without server's identity verification is not recommended. According to MySQL 5.5.45+, 5.6.26+ and 5.7.6+ requirements SSL connection must be established by default if explicit option isn't set. For compliance with existing applications not using SSL the verifyServerCertificate property is set to 'false'. You need either to explicitly disable SSL by setting useSSL=false, or set useSSL=true and provide truststore for server certificate verification.
Mon Apr 17 15:23:48 CST 2017 WARN: Establishing SSL connection without server's identity verification is not recommended. According to MySQL 5.5.45+, 5.6.26+ and 5.7.6+ requirements SSL connection must be established by default if explicit option isn't set. For compliance with existing applications not using SSL the verifyServerCertificate property is set to 'false'. You need either to explicitly disable SSL by setting useSSL=false, or set useSSL=true and provide truststore for server certificate verification.
Mon Apr 17 15:23:48 CST 2017 WARN: Establishing SSL connection without server's identity verification is not recommended. According to MySQL 5.5.45+, 5.6.26+ and 5.7.6+ requirements SSL connection must be established by default if explicit option isn't set. For compliance with existing applications not using SSL the verifyServerCertificate property is set to 'false'. You need either to explicitly disable SSL by setting useSSL=false, or set useSSL=true and provide truststore for server certificate verification.
Mon Apr 17 15:23:48 CST 2017 WARN: Establishing SSL connection without server's identity verification is not recommended. According to MySQL 5.5.45+, 5.6.26+ and 5.7.6+ requirements SSL connection must be established by default if explicit option isn't set. For compliance with existing applications not using SSL the verifyServerCertificate property is set to 'false'. You need either to explicitly disable SSL by setting useSSL=false, or set useSSL=true and provide truststore for server certificate verification.
17-Apr-2017 15:23:49.804 INFO [main] org.apache.coyote.AbstractProtocol.start Starting ProtocolHandler ["http-nio-8080"]
17-Apr-2017 15:23:49.810 INFO [main] org.apache.coyote.AbstractProtocol.start Starting ProtocolHandler ["ajp-nio-8009"]
17-Apr-2017 15:23:49.811 INFO [main] org.apache.catalina.startup.Catalina.start Server startup in 4156 ms
17-Apr-2017 15:24:23.973 INFO [main] org.apache.catalina.core.StandardServer.await A valid shutdown command was received via the shutdown port. Stopping the Server instance.
17-Apr-2017 15:24:23.973 INFO [main] org.apache.coyote.AbstractProtocol.pause Pausing ProtocolHandler ["http-nio-8080"]
17-Apr-2017 15:24:24.024 INFO [main] org.apache.coyote.AbstractProtocol.pause Pausing ProtocolHandler ["ajp-nio-8009"]
17-Apr-2017 15:24:24.075 INFO [main] org.apache.catalina.core.StandardService.stopInternal Stopping service Catalina
17-Apr-2017 15:24:24.156 WARNING [main] org.apache.catalina.loader.WebappClassLoaderBase.clearReferencesJdbc The web application [ROOT] registered the JDBC driver [com.mysql.jdbc.Driver] but failed to unregister it when the web application was stopped. To prevent a memory leak, the JDBC Driver has been forcibly unregistered.
17-Apr-2017 15:24:24.159 WARNING [main] org.apache.catalina.loader.WebappClassLoaderBase.clearReferencesThreads The web application [ROOT] appears to have started a thread named [Abandoned connection cleanup thread] but has failed to stop it. This is very likely to create a memory leak. Stack trace of thread:
 java.lang.Object.wait(Native Method)
 java.lang.ref.ReferenceQueue.remove(ReferenceQueue.java:143)
 com.mysql.jdbc.AbandonedConnectionCleanupThread.run(AbandonedConnectionCleanupThread.java:43)
17-Apr-2017 15:24:24.181 INFO [main] org.apache.coyote.AbstractProtocol.stop Stopping ProtocolHandler ["http-nio-8080"]
17-Apr-2017 15:24:24.184 INFO [main] org.apache.coyote.AbstractProtocol.stop Stopping ProtocolHandler ["ajp-nio-8009"]
17-Apr-2017 15:24:24.187 INFO [main] org.apache.coyote.AbstractProtocol.destroy Destroying ProtocolHandler ["http-nio-8080"]
17-Apr-2017 15:24:24.188 INFO [main] org.apache.coyote.AbstractProtocol.destroy Destroying ProtocolHandler ["ajp-nio-8009"]
17-Apr-2017 15:27:10.590 SEVERE [main] org.apache.catalina.startup.Catalina.initDirs Cannot find specified temporary folder at /home/deadoggy/WorkSpace/java/DeliverManagementSystem/Server/Build/temp
17-Apr-2017 15:27:11.024 INFO [main] org.apache.catalina.startup.VersionLoggerListener.log Server version:        Apache Tomcat/9.0.0.M19
17-Apr-2017 15:27:11.025 INFO [main] org.apache.catalina.startup.VersionLoggerListener.log Server built:          Apr 14 2017 06:00:06 UTC
17-Apr-2017 15:27:11.025 INFO [main] org.apache.catalina.startup.VersionLoggerListener.log Server number:         9.0.0.0
17-Apr-2017 15:27:11.025 INFO [main] org.apache.catalina.startup.VersionLoggerListener.log OS Name:               Linux
17-Apr-2017 15:27:11.025 INFO [main] org.apache.catalina.startup.VersionLoggerListener.log OS Version:            4.4.0-72-generic
17-Apr-2017 15:27:11.025 INFO [main] org.apache.catalina.startup.VersionLoggerListener.log Architecture:          amd64
17-Apr-2017 15:27:11.025 INFO [main] org.apache.catalina.startup.VersionLoggerListener.log Java Home:             /var/lib/java/jdk1.8.0_121/jre
17-Apr-2017 15:27:11.025 INFO [main] org.apache.catalina.startup.VersionLoggerListener.log JVM Version:           1.8.0_121-b13
17-Apr-2017 15:27:11.025 INFO [main] org.apache.catalina.startup.VersionLoggerListener.log JVM Vendor:            Oracle Corporation
17-Apr-2017 15:27:11.025 INFO [main] org.apache.catalina.startup.VersionLoggerListener.log CATALINA_BASE:         /home/deadoggy/WorkSpace/java/DeliverManagementSystem/Server/Build
17-Apr-2017 15:27:11.026 INFO [main] org.apache.catalina.startup.VersionLoggerListener.log CATALINA_HOME:         /home/deadoggy/WorkSpace/java/DeliverManagementSystem/Server/Build
17-Apr-2017 15:27:11.026 INFO [main] org.apache.catalina.startup.VersionLoggerListener.log Command line argument: -Djava.util.logging.config.file=/home/deadoggy/WorkSpace/java/DeliverManagementSystem/Server/Build/conf/logging.properties
17-Apr-2017 15:27:11.026 INFO [main] org.apache.catalina.startup.VersionLoggerListener.log Command line argument: -Djava.util.logging.manager=org.apache.juli.ClassLoaderLogManager
17-Apr-2017 15:27:11.026 INFO [main] org.apache.catalina.startup.VersionLoggerListener.log Command line argument: -Djdk.tls.ephemeralDHKeySize=2048
17-Apr-2017 15:27:11.026 INFO [main] org.apache.catalina.startup.VersionLoggerListener.log Command line argument: -Djava.protocol.handler.pkgs=org.apache.catalina.webresources
17-Apr-2017 15:27:11.026 INFO [main] org.apache.catalina.startup.VersionLoggerListener.log Command line argument: -Dcatalina.base=/home/deadoggy/WorkSpace/java/DeliverManagementSystem/Server/Build
17-Apr-2017 15:27:11.026 INFO [main] org.apache.catalina.startup.VersionLoggerListener.log Command line argument: -Dcatalina.home=/home/deadoggy/WorkSpace/java/DeliverManagementSystem/Server/Build
17-Apr-2017 15:27:11.026 INFO [main] org.apache.catalina.startup.VersionLoggerListener.log Command line argument: -Djava.io.tmpdir=/home/deadoggy/WorkSpace/java/DeliverManagementSystem/Server/Build/temp
17-Apr-2017 15:27:11.026 INFO [main] org.apache.catalina.core.AprLifecycleListener.lifecycleEvent The APR based Apache Tomcat Native library which allows optimal performance in production environments was not found on the java.library.path: /usr/java/packages/lib/amd64:/usr/lib64:/lib64:/lib:/usr/lib
17-Apr-2017 15:27:11.146 INFO [main] org.apache.coyote.AbstractProtocol.init Initializing ProtocolHandler ["http-nio-8080"]
17-Apr-2017 15:27:11.163 INFO [main] org.apache.tomcat.util.net.NioSelectorPool.getSharedSelector Using a shared selector for servlet write/read
17-Apr-2017 15:27:11.166 INFO [main] org.apache.coyote.AbstractProtocol.init Initializing ProtocolHandler ["ajp-nio-8009"]
17-Apr-2017 15:27:11.167 INFO [main] org.apache.tomcat.util.net.NioSelectorPool.getSharedSelector Using a shared selector for servlet write/read
17-Apr-2017 15:27:11.170 INFO [main] org.apache.catalina.startup.Catalina.load Initialization processed in 580 ms
17-Apr-2017 15:27:11.197 INFO [main] org.apache.catalina.core.StandardService.startInternal Starting service Catalina
17-Apr-2017 15:27:11.197 INFO [main] org.apache.catalina.core.StandardEngine.startInternal Starting Servlet Engine: Apache Tomcat/9.0.0.M19
17-Apr-2017 15:27:12.493 INFO [main] org.apache.jasper.servlet.TldScanner.scanJars At least one JAR was scanned for TLDs yet contained no TLDs. Enable debug logging for this logger for a complete list of JARs that were scanned but no TLDs were found in them. Skipping unneeded JARs during scanning can improve startup time and JSP compilation time.
SLF4J: Failed to load class "org.slf4j.impl.StaticLoggerBinder".
SLF4J: Defaulting to no-operation (NOP) logger implementation
SLF4J: See http://www.slf4j.org/codes.html#StaticLoggerBinder for further details.
17-Apr-2017 15:27:13.573 INFO [main] org.hibernate.validator.internal.util.Version.<clinit> HV000001: Hibernate Validator 5.4.1.Final
17-Apr-2017 15:27:14.046 INFO [main] org.hibernate.jpa.internal.util.LogHelper.logPersistenceUnitInformation HHH000204: Processing PersistenceUnitInfo [
	name: DeliverPU
	...]
17-Apr-2017 15:27:14.124 INFO [main] org.hibernate.Version.logVersion HHH000412: Hibernate Core {5.2.9.Final}
17-Apr-2017 15:27:14.125 INFO [main] org.hibernate.cfg.Environment.<clinit> HHH000206: hibernate.properties not found
17-Apr-2017 15:27:14.177 INFO [main] org.hibernate.annotations.common.reflection.java.JavaReflectionManager.<clinit> HCANN000001: Hibernate Commons Annotations {5.0.1.Final}
17-Apr-2017 15:27:14.305 INFO [main] org.hibernate.engine.jdbc.connections.internal.ConnectionProviderInitiator.initiateService HHH000130: Instantiating explicit connection provider: com.zaxxer.hikari.hibernate.HikariConnectionProvider
Mon Apr 17 15:27:14 CST 2017 WARN: Establishing SSL connection without server's identity verification is not recommended. According to MySQL 5.5.45+, 5.6.26+ and 5.7.6+ requirements SSL connection must be established by default if explicit option isn't set. For compliance with existing applications not using SSL the verifyServerCertificate property is set to 'false'. You need either to explicitly disable SSL by setting useSSL=false, or set useSSL=true and provide truststore for server certificate verification.
17-Apr-2017 15:27:14.729 INFO [main] org.hibernate.dialect.Dialect.<init> HHH000400: Using dialect: org.hibernate.dialect.MySQL5Dialect
Mon Apr 17 15:27:14 CST 2017 WARN: Establishing SSL connection without server's identity verification is not recommended. According to MySQL 5.5.45+, 5.6.26+ and 5.7.6+ requirements SSL connection must be established by default if explicit option isn't set. For compliance with existing applications not using SSL the verifyServerCertificate property is set to 'false'. You need either to explicitly disable SSL by setting useSSL=false, or set useSSL=true and provide truststore for server certificate verification.
Mon Apr 17 15:27:14 CST 2017 WARN: Establishing SSL connection without server's identity verification is not recommended. According to MySQL 5.5.45+, 5.6.26+ and 5.7.6+ requirements SSL connection must be established by default if explicit option isn't set. For compliance with existing applications not using SSL the verifyServerCertificate property is set to 'false'. You need either to explicitly disable SSL by setting useSSL=false, or set useSSL=true and provide truststore for server certificate verification.
Mon Apr 17 15:27:14 CST 2017 WARN: Establishing SSL connection without server's identity verification is not recommended. According to MySQL 5.5.45+, 5.6.26+ and 5.7.6+ requirements SSL connection must be established by default if explicit option isn't set. For compliance with existing applications not using SSL the verifyServerCertificate property is set to 'false'. You need either to explicitly disable SSL by setting useSSL=false, or set useSSL=true and provide truststore for server certificate verification.
Mon Apr 17 15:27:14 CST 2017 WARN: Establishing SSL connection without server's identity verification is not recommended. According to MySQL 5.5.45+, 5.6.26+ and 5.7.6+ requirements SSL connection must be established by default if explicit option isn't set. For compliance with existing applications not using SSL the verifyServerCertificate property is set to 'false'. You need either to explicitly disable SSL by setting useSSL=false, or set useSSL=true and provide truststore for server certificate verification.
17-Apr-2017 15:27:16.108 INFO [main] org.apache.coyote.AbstractProtocol.start Starting ProtocolHandler ["http-nio-8080"]
17-Apr-2017 15:27:16.115 INFO [main] org.apache.coyote.AbstractProtocol.start Starting ProtocolHandler ["ajp-nio-8009"]
17-Apr-2017 15:27:16.118 INFO [main] org.apache.catalina.startup.Catalina.start Server startup in 4948 ms
17-Apr-2017 15:27:39.385 INFO [main] org.apache.catalina.core.StandardServer.await A valid shutdown command was received via the shutdown port. Stopping the Server instance.
17-Apr-2017 15:27:39.385 INFO [main] org.apache.coyote.AbstractProtocol.pause Pausing ProtocolHandler ["http-nio-8080"]
17-Apr-2017 15:27:39.437 INFO [main] org.apache.coyote.AbstractProtocol.pause Pausing ProtocolHandler ["ajp-nio-8009"]
17-Apr-2017 15:27:39.488 INFO [main] org.apache.catalina.core.StandardService.stopInternal Stopping service Catalina
17-Apr-2017 15:27:39.584 WARNING [main] org.apache.catalina.loader.WebappClassLoaderBase.clearReferencesJdbc The web application [ROOT] registered the JDBC driver [com.mysql.jdbc.Driver] but failed to unregister it when the web application was stopped. To prevent a memory leak, the JDBC Driver has been forcibly unregistered.
17-Apr-2017 15:27:39.589 WARNING [main] org.apache.catalina.loader.WebappClassLoaderBase.clearReferencesThreads The web application [ROOT] appears to have started a thread named [Abandoned connection cleanup thread] but has failed to stop it. This is very likely to create a memory leak. Stack trace of thread:
 java.lang.Object.wait(Native Method)
 java.lang.ref.ReferenceQueue.remove(ReferenceQueue.java:143)
 com.mysql.jdbc.AbandonedConnectionCleanupThread.run(AbandonedConnectionCleanupThread.java:43)
17-Apr-2017 15:27:39.614 INFO [main] org.apache.coyote.AbstractProtocol.stop Stopping ProtocolHandler ["http-nio-8080"]
17-Apr-2017 15:27:39.619 INFO [main] org.apache.coyote.AbstractProtocol.stop Stopping ProtocolHandler ["ajp-nio-8009"]
17-Apr-2017 15:27:39.622 INFO [main] org.apache.coyote.AbstractProtocol.destroy Destroying ProtocolHandler ["http-nio-8080"]
17-Apr-2017 15:27:39.622 INFO [main] org.apache.coyote.AbstractProtocol.destroy Destroying ProtocolHandler ["ajp-nio-8009"]
08-May-2017 22:46:27.758 SEVERE [main] org.apache.catalina.startup.Catalina.initDirs Cannot find specified temporary folder at /home/deadoggy/WorkSpace/java/DeliverManagementSystem/Server/Build/temp
08-May-2017 22:46:28.186 INFO [main] org.apache.catalina.startup.VersionLoggerListener.log Server version:        Apache Tomcat/9.0.0.M19
08-May-2017 22:46:28.186 INFO [main] org.apache.catalina.startup.VersionLoggerListener.log Server built:          Apr 14 2017 06:00:06 UTC
08-May-2017 22:46:28.186 INFO [main] org.apache.catalina.startup.VersionLoggerListener.log Server number:         9.0.0.0
08-May-2017 22:46:28.187 INFO [main] org.apache.catalina.startup.VersionLoggerListener.log OS Name:               Linux
08-May-2017 22:46:28.187 INFO [main] org.apache.catalina.startup.VersionLoggerListener.log OS Version:            4.4.0-75-generic
08-May-2017 22:46:28.187 INFO [main] org.apache.catalina.startup.VersionLoggerListener.log Architecture:          amd64
08-May-2017 22:46:28.187 INFO [main] org.apache.catalina.startup.VersionLoggerListener.log Java Home:             /var/lib/java/jdk1.8.0_121/jre
08-May-2017 22:46:28.188 INFO [main] org.apache.catalina.startup.VersionLoggerListener.log JVM Version:           1.8.0_121-b13
08-May-2017 22:46:28.188 INFO [main] org.apache.catalina.startup.VersionLoggerListener.log JVM Vendor:            Oracle Corporation
08-May-2017 22:46:28.188 INFO [main] org.apache.catalina.startup.VersionLoggerListener.log CATALINA_BASE:         /home/deadoggy/WorkSpace/java/DeliverManagementSystem/Server/Build
08-May-2017 22:46:28.188 INFO [main] org.apache.catalina.startup.VersionLoggerListener.log CATALINA_HOME:         /home/deadoggy/WorkSpace/java/DeliverManagementSystem/Server/Build
08-May-2017 22:46:28.189 INFO [main] org.apache.catalina.startup.VersionLoggerListener.log Command line argument: -Djava.util.logging.config.file=/home/deadoggy/WorkSpace/java/DeliverManagementSystem/Server/Build/conf/logging.properties
08-May-2017 22:46:28.189 INFO [main] org.apache.catalina.startup.VersionLoggerListener.log Command line argument: -Djava.util.logging.manager=org.apache.juli.ClassLoaderLogManager
08-May-2017 22:46:28.189 INFO [main] org.apache.catalina.startup.VersionLoggerListener.log Command line argument: -Djdk.tls.ephemeralDHKeySize=2048
08-May-2017 22:46:28.189 INFO [main] org.apache.catalina.startup.VersionLoggerListener.log Command line argument: -Djava.protocol.handler.pkgs=org.apache.catalina.webresources
08-May-2017 22:46:28.190 INFO [main] org.apache.catalina.startup.VersionLoggerListener.log Command line argument: -Dcatalina.base=/home/deadoggy/WorkSpace/java/DeliverManagementSystem/Server/Build
08-May-2017 22:46:28.190 INFO [main] org.apache.catalina.startup.VersionLoggerListener.log Command line argument: -Dcatalina.home=/home/deadoggy/WorkSpace/java/DeliverManagementSystem/Server/Build
08-May-2017 22:46:28.190 INFO [main] org.apache.catalina.startup.VersionLoggerListener.log Command line argument: -Djava.io.tmpdir=/home/deadoggy/WorkSpace/java/DeliverManagementSystem/Server/Build/temp
08-May-2017 22:46:28.190 INFO [main] org.apache.catalina.core.AprLifecycleListener.lifecycleEvent The APR based Apache Tomcat Native library which allows optimal performance in production environments was not found on the java.library.path: /usr/java/packages/lib/amd64:/usr/lib64:/lib64:/lib:/usr/lib
08-May-2017 22:46:28.310 INFO [main] org.apache.coyote.AbstractProtocol.init Initializing ProtocolHandler ["http-nio-8080"]
08-May-2017 22:46:28.327 INFO [main] org.apache.tomcat.util.net.NioSelectorPool.getSharedSelector Using a shared selector for servlet write/read
08-May-2017 22:46:28.330 INFO [main] org.apache.coyote.AbstractProtocol.init Initializing ProtocolHandler ["ajp-nio-8009"]
08-May-2017 22:46:28.332 INFO [main] org.apache.tomcat.util.net.NioSelectorPool.getSharedSelector Using a shared selector for servlet write/read
08-May-2017 22:46:28.332 INFO [main] org.apache.catalina.startup.Catalina.load Initialization processed in 575 ms
08-May-2017 22:46:28.355 INFO [main] org.apache.catalina.core.StandardService.startInternal Starting service Catalina
08-May-2017 22:46:28.355 INFO [main] org.apache.catalina.core.StandardEngine.startInternal Starting Servlet Engine: Apache Tomcat/9.0.0.M19
08-May-2017 22:46:29.661 INFO [main] org.apache.jasper.servlet.TldScanner.scanJars At least one JAR was scanned for TLDs yet contained no TLDs. Enable debug logging for this logger for a complete list of JARs that were scanned but no TLDs were found in them. Skipping unneeded JARs during scanning can improve startup time and JSP compilation time.
08-May-2017 22:46:29.708 INFO [main] org.apache.coyote.AbstractProtocol.start Starting ProtocolHandler ["http-nio-8080"]
08-May-2017 22:46:29.716 INFO [main] org.apache.coyote.AbstractProtocol.start Starting ProtocolHandler ["ajp-nio-8009"]
08-May-2017 22:46:29.718 INFO [main] org.apache.catalina.startup.Catalina.start Server startup in 1384 ms
08-May-2017 22:46:44.994 INFO [main] org.apache.catalina.core.StandardServer.await A valid shutdown command was received via the shutdown port. Stopping the Server instance.
08-May-2017 22:46:44.994 INFO [main] org.apache.coyote.AbstractProtocol.pause Pausing ProtocolHandler ["http-nio-8080"]
08-May-2017 22:46:45.046 INFO [main] org.apache.coyote.AbstractProtocol.pause Pausing ProtocolHandler ["ajp-nio-8009"]
08-May-2017 22:46:45.098 INFO [main] org.apache.catalina.core.StandardService.stopInternal Stopping service Catalina
08-May-2017 22:46:45.130 INFO [main] org.apache.coyote.AbstractProtocol.stop Stopping ProtocolHandler ["http-nio-8080"]
08-May-2017 22:46:45.132 INFO [main] org.apache.coyote.AbstractProtocol.stop Stopping ProtocolHandler ["ajp-nio-8009"]
08-May-2017 22:46:45.133 INFO [main] org.apache.coyote.AbstractProtocol.destroy Destroying ProtocolHandler ["http-nio-8080"]
08-May-2017 22:46:45.134 INFO [main] org.apache.coyote.AbstractProtocol.destroy Destroying ProtocolHandler ["ajp-nio-8009"]
08-May-2017 22:47:04.584 SEVERE [main] org.apache.catalina.startup.Catalina.initDirs Cannot find specified temporary folder at /home/deadoggy/WorkSpace/java/DeliverManagementSystem/Server/Build/temp
08-May-2017 22:47:04.987 INFO [main] org.apache.catalina.startup.VersionLoggerListener.log Server version:        Apache Tomcat/9.0.0.M19
08-May-2017 22:47:04.987 INFO [main] org.apache.catalina.startup.VersionLoggerListener.log Server built:          Apr 14 2017 06:00:06 UTC
08-May-2017 22:47:04.988 INFO [main] org.apache.catalina.startup.VersionLoggerListener.log Server number:         9.0.0.0
08-May-2017 22:47:04.988 INFO [main] org.apache.catalina.startup.VersionLoggerListener.log OS Name:               Linux
08-May-2017 22:47:04.988 INFO [main] org.apache.catalina.startup.VersionLoggerListener.log OS Version:            4.4.0-75-generic
08-May-2017 22:47:04.988 INFO [main] org.apache.catalina.startup.VersionLoggerListener.log Architecture:          amd64
08-May-2017 22:47:04.988 INFO [main] org.apache.catalina.startup.VersionLoggerListener.log Java Home:             /var/lib/java/jdk1.8.0_121/jre
08-May-2017 22:47:04.988 INFO [main] org.apache.catalina.startup.VersionLoggerListener.log JVM Version:           1.8.0_121-b13
08-May-2017 22:47:04.988 INFO [main] org.apache.catalina.startup.VersionLoggerListener.log JVM Vendor:            Oracle Corporation
08-May-2017 22:47:04.988 INFO [main] org.apache.catalina.startup.VersionLoggerListener.log CATALINA_BASE:         /home/deadoggy/WorkSpace/java/DeliverManagementSystem/Server/Build
08-May-2017 22:47:04.988 INFO [main] org.apache.catalina.startup.VersionLoggerListener.log CATALINA_HOME:         /home/deadoggy/WorkSpace/java/DeliverManagementSystem/Server/Build
08-May-2017 22:47:04.989 INFO [main] org.apache.catalina.startup.VersionLoggerListener.log Command line argument: -Djava.util.logging.config.file=/home/deadoggy/WorkSpace/java/DeliverManagementSystem/Server/Build/conf/logging.properties
08-May-2017 22:47:04.989 INFO [main] org.apache.catalina.startup.VersionLoggerListener.log Command line argument: -Djava.util.logging.manager=org.apache.juli.ClassLoaderLogManager
08-May-2017 22:47:04.989 INFO [main] org.apache.catalina.startup.VersionLoggerListener.log Command line argument: -Djdk.tls.ephemeralDHKeySize=2048
08-May-2017 22:47:04.989 INFO [main] org.apache.catalina.startup.VersionLoggerListener.log Command line argument: -Djava.protocol.handler.pkgs=org.apache.catalina.webresources
08-May-2017 22:47:04.989 INFO [main] org.apache.catalina.startup.VersionLoggerListener.log Command line argument: -Dcatalina.base=/home/deadoggy/WorkSpace/java/DeliverManagementSystem/Server/Build
08-May-2017 22:47:04.989 INFO [main] org.apache.catalina.startup.VersionLoggerListener.log Command line argument: -Dcatalina.home=/home/deadoggy/WorkSpace/java/DeliverManagementSystem/Server/Build
08-May-2017 22:47:04.989 INFO [main] org.apache.catalina.startup.VersionLoggerListener.log Command line argument: -Djava.io.tmpdir=/home/deadoggy/WorkSpace/java/DeliverManagementSystem/Server/Build/temp
08-May-2017 22:47:04.989 INFO [main] org.apache.catalina.core.AprLifecycleListener.lifecycleEvent The APR based Apache Tomcat Native library which allows optimal performance in production environments was not found on the java.library.path: /usr/java/packages/lib/amd64:/usr/lib64:/lib64:/lib:/usr/lib
08-May-2017 22:47:05.114 INFO [main] org.apache.coyote.AbstractProtocol.init Initializing ProtocolHandler ["http-nio-8080"]
08-May-2017 22:47:05.126 INFO [main] org.apache.tomcat.util.net.NioSelectorPool.getSharedSelector Using a shared selector for servlet write/read
08-May-2017 22:47:05.128 INFO [main] org.apache.coyote.AbstractProtocol.init Initializing ProtocolHandler ["ajp-nio-8009"]
08-May-2017 22:47:05.129 INFO [main] org.apache.tomcat.util.net.NioSelectorPool.getSharedSelector Using a shared selector for servlet write/read
08-May-2017 22:47:05.129 INFO [main] org.apache.catalina.startup.Catalina.load Initialization processed in 545 ms
08-May-2017 22:47:05.152 INFO [main] org.apache.catalina.core.StandardService.startInternal Starting service Catalina
08-May-2017 22:47:05.152 INFO [main] org.apache.catalina.core.StandardEngine.startInternal Starting Servlet Engine: Apache Tomcat/9.0.0.M19
08-May-2017 22:47:06.442 INFO [main] org.apache.jasper.servlet.TldScanner.scanJars At least one JAR was scanned for TLDs yet contained no TLDs. Enable debug logging for this logger for a complete list of JARs that were scanned but no TLDs were found in them. Skipping unneeded JARs during scanning can improve startup time and JSP compilation time.
08-May-2017 22:47:06.482 INFO [main] org.apache.coyote.AbstractProtocol.start Starting ProtocolHandler ["http-nio-8080"]
08-May-2017 22:47:06.488 INFO [main] org.apache.coyote.AbstractProtocol.start Starting ProtocolHandler ["ajp-nio-8009"]
08-May-2017 22:47:06.490 INFO [main] org.apache.catalina.startup.Catalina.start Server startup in 1360 ms
08-May-2017 22:47:08.007 INFO [main] org.apache.catalina.core.StandardServer.await A valid shutdown command was received via the shutdown port. Stopping the Server instance.
08-May-2017 22:47:08.008 INFO [main] org.apache.coyote.AbstractProtocol.pause Pausing ProtocolHandler ["http-nio-8080"]
08-May-2017 22:47:08.013 INFO [main] org.apache.coyote.AbstractProtocol.pause Pausing ProtocolHandler ["ajp-nio-8009"]
08-May-2017 22:47:08.014 INFO [main] org.apache.catalina.core.StandardService.stopInternal Stopping service Catalina
08-May-2017 22:47:08.027 INFO [main] org.apache.coyote.AbstractProtocol.stop Stopping ProtocolHandler ["http-nio-8080"]
08-May-2017 22:47:08.029 INFO [main] org.apache.coyote.AbstractProtocol.stop Stopping ProtocolHandler ["ajp-nio-8009"]
08-May-2017 22:47:08.030 INFO [main] org.apache.coyote.AbstractProtocol.destroy Destroying ProtocolHandler ["http-nio-8080"]
08-May-2017 22:47:08.031 INFO [main] org.apache.coyote.AbstractProtocol.destroy Destroying ProtocolHandler ["ajp-nio-8009"]
