15-Apr-2017 22:52:49.133 INFO [main] org.apache.catalina.startup.VersionLoggerListener.log Server version:        Apache Tomcat/9.0.0.M19
15-Apr-2017 22:52:49.136 INFO [main] org.apache.catalina.startup.VersionLoggerListener.log Server built:          Apr 14 2017 06:00:06 UTC
15-Apr-2017 22:52:49.137 INFO [main] org.apache.catalina.startup.VersionLoggerListener.log Server number:         9.0.0.0
15-Apr-2017 22:52:49.137 INFO [main] org.apache.catalina.startup.VersionLoggerListener.log OS Name:               Linux
15-Apr-2017 22:52:49.138 INFO [main] org.apache.catalina.startup.VersionLoggerListener.log OS Version:            4.4.0-72-generic
15-Apr-2017 22:52:49.138 INFO [main] org.apache.catalina.startup.VersionLoggerListener.log Architecture:          amd64
15-Apr-2017 22:52:49.138 INFO [main] org.apache.catalina.startup.VersionLoggerListener.log Java Home:             /var/lib/java/jdk1.8.0_121/jre
15-Apr-2017 22:52:49.138 INFO [main] org.apache.catalina.startup.VersionLoggerListener.log JVM Version:           1.8.0_121-b13
15-Apr-2017 22:52:49.138 INFO [main] org.apache.catalina.startup.VersionLoggerListener.log JVM Vendor:            Oracle Corporation
15-Apr-2017 22:52:49.139 INFO [main] org.apache.catalina.startup.VersionLoggerListener.log CATALINA_BASE:         /home/deadoggy/WorkSpace/java/Deliver/Server/Build
15-Apr-2017 22:52:49.139 INFO [main] org.apache.catalina.startup.VersionLoggerListener.log CATALINA_HOME:         /home/deadoggy/WorkSpace/java/Deliver/Server/Build
15-Apr-2017 22:52:49.140 INFO [main] org.apache.catalina.startup.VersionLoggerListener.log Command line argument: -Djava.util.logging.config.file=/home/deadoggy/WorkSpace/java/Deliver/Server/Build/conf/logging.properties
15-Apr-2017 22:52:49.140 INFO [main] org.apache.catalina.startup.VersionLoggerListener.log Command line argument: -Djava.util.logging.manager=org.apache.juli.ClassLoaderLogManager
15-Apr-2017 22:52:49.140 INFO [main] org.apache.catalina.startup.VersionLoggerListener.log Command line argument: -Djdk.tls.ephemeralDHKeySize=2048
15-Apr-2017 22:52:49.140 INFO [main] org.apache.catalina.startup.VersionLoggerListener.log Command line argument: -Djava.protocol.handler.pkgs=org.apache.catalina.webresources
15-Apr-2017 22:52:49.141 INFO [main] org.apache.catalina.startup.VersionLoggerListener.log Command line argument: -Dcatalina.base=/home/deadoggy/WorkSpace/java/Deliver/Server/Build
15-Apr-2017 22:52:49.141 INFO [main] org.apache.catalina.startup.VersionLoggerListener.log Command line argument: -Dcatalina.home=/home/deadoggy/WorkSpace/java/Deliver/Server/Build
15-Apr-2017 22:52:49.141 INFO [main] org.apache.catalina.startup.VersionLoggerListener.log Command line argument: -Djava.io.tmpdir=/home/deadoggy/WorkSpace/java/Deliver/Server/Build/temp
15-Apr-2017 22:52:49.141 INFO [main] org.apache.catalina.core.AprLifecycleListener.lifecycleEvent The APR based Apache Tomcat Native library which allows optimal performance in production environments was not found on the java.library.path: /usr/java/packages/lib/amd64:/usr/lib64:/lib64:/lib:/usr/lib
15-Apr-2017 22:52:49.255 INFO [main] org.apache.coyote.AbstractProtocol.init Initializing ProtocolHandler ["http-nio-8080"]
15-Apr-2017 22:52:49.268 INFO [main] org.apache.tomcat.util.net.NioSelectorPool.getSharedSelector Using a shared selector for servlet write/read
15-Apr-2017 22:52:49.270 INFO [main] org.apache.coyote.AbstractProtocol.init Initializing ProtocolHandler ["ajp-nio-8009"]
15-Apr-2017 22:52:49.271 INFO [main] org.apache.tomcat.util.net.NioSelectorPool.getSharedSelector Using a shared selector for servlet write/read
15-Apr-2017 22:52:49.272 INFO [main] org.apache.catalina.startup.Catalina.load Initialization processed in 532 ms
15-Apr-2017 22:52:49.294 INFO [main] org.apache.catalina.core.StandardService.startInternal Starting service Catalina
15-Apr-2017 22:52:49.294 INFO [main] org.apache.catalina.core.StandardEngine.startInternal Starting Servlet Engine: Apache Tomcat/9.0.0.M19
15-Apr-2017 22:52:49.547 INFO [main] org.apache.catalina.startup.HostConfig.deployDirectory Deploying web application directory /home/deadoggy/WorkSpace/java/Deliver/Server/Build/webapps/manager
15-Apr-2017 22:52:49.576 INFO [main] org.apache.catalina.startup.HostConfig.deployDirectory Deployment of web application directory /home/deadoggy/WorkSpace/java/Deliver/Server/Build/webapps/manager has finished in 29 ms
15-Apr-2017 22:52:49.577 INFO [main] org.apache.catalina.startup.HostConfig.deployDirectory Deploying web application directory /home/deadoggy/WorkSpace/java/Deliver/Server/Build/webapps/host-manager
15-Apr-2017 22:52:49.593 INFO [main] org.apache.catalina.startup.HostConfig.deployDirectory Deployment of web application directory /home/deadoggy/WorkSpace/java/Deliver/Server/Build/webapps/host-manager has finished in 16 ms
15-Apr-2017 22:52:49.593 INFO [main] org.apache.catalina.startup.HostConfig.deployDirectory Deploying web application directory /home/deadoggy/WorkSpace/java/Deliver/Server/Build/webapps/docs
15-Apr-2017 22:52:49.608 INFO [main] org.apache.catalina.startup.HostConfig.deployDirectory Deployment of web application directory /home/deadoggy/WorkSpace/java/Deliver/Server/Build/webapps/docs has finished in 15 ms
15-Apr-2017 22:52:49.608 INFO [main] org.apache.catalina.startup.HostConfig.deployDirectory Deploying web application directory /home/deadoggy/WorkSpace/java/Deliver/Server/Build/webapps/examples
15-Apr-2017 22:52:49.878 INFO [main] org.apache.catalina.startup.HostConfig.deployDirectory Deployment of web application directory /home/deadoggy/WorkSpace/java/Deliver/Server/Build/webapps/examples has finished in 270 ms
15-Apr-2017 22:52:49.881 INFO [main] org.apache.coyote.AbstractProtocol.start Starting ProtocolHandler ["http-nio-8080"]
15-Apr-2017 22:52:49.888 INFO [main] org.apache.coyote.AbstractProtocol.start Starting ProtocolHandler ["ajp-nio-8009"]
15-Apr-2017 22:52:49.891 INFO [main] org.apache.catalina.startup.Catalina.start Server startup in 619 ms
15-Apr-2017 22:53:15.991 INFO [main] org.apache.catalina.startup.VersionLoggerListener.log Server version:        Apache Tomcat/9.0.0.M19
15-Apr-2017 22:53:15.993 INFO [main] org.apache.catalina.startup.VersionLoggerListener.log Server built:          Apr 14 2017 06:00:06 UTC
15-Apr-2017 22:53:15.993 INFO [main] org.apache.catalina.startup.VersionLoggerListener.log Server number:         9.0.0.0
15-Apr-2017 22:53:15.993 INFO [main] org.apache.catalina.startup.VersionLoggerListener.log OS Name:               Linux
15-Apr-2017 22:53:15.994 INFO [main] org.apache.catalina.startup.VersionLoggerListener.log OS Version:            4.4.0-72-generic
15-Apr-2017 22:53:15.994 INFO [main] org.apache.catalina.startup.VersionLoggerListener.log Architecture:          amd64
15-Apr-2017 22:53:15.994 INFO [main] org.apache.catalina.startup.VersionLoggerListener.log Java Home:             /var/lib/java/jdk1.8.0_121/jre
15-Apr-2017 22:53:15.994 INFO [main] org.apache.catalina.startup.VersionLoggerListener.log JVM Version:           1.8.0_121-b13
15-Apr-2017 22:53:15.994 INFO [main] org.apache.catalina.startup.VersionLoggerListener.log JVM Vendor:            Oracle Corporation
15-Apr-2017 22:53:15.994 INFO [main] org.apache.catalina.startup.VersionLoggerListener.log CATALINA_BASE:         /home/deadoggy/WorkSpace/java/Deliver/Server/Build
15-Apr-2017 22:53:15.994 INFO [main] org.apache.catalina.startup.VersionLoggerListener.log CATALINA_HOME:         /home/deadoggy/WorkSpace/java/Deliver/Server/Build
15-Apr-2017 22:53:15.995 INFO [main] org.apache.catalina.startup.VersionLoggerListener.log Command line argument: -Djava.util.logging.config.file=/home/deadoggy/WorkSpace/java/Deliver/Server/Build/conf/logging.properties
15-Apr-2017 22:53:15.995 INFO [main] org.apache.catalina.startup.VersionLoggerListener.log Command line argument: -Djava.util.logging.manager=org.apache.juli.ClassLoaderLogManager
15-Apr-2017 22:53:15.995 INFO [main] org.apache.catalina.startup.VersionLoggerListener.log Command line argument: -Djdk.tls.ephemeralDHKeySize=2048
15-Apr-2017 22:53:15.995 INFO [main] org.apache.catalina.startup.VersionLoggerListener.log Command line argument: -Djava.protocol.handler.pkgs=org.apache.catalina.webresources
15-Apr-2017 22:53:15.995 INFO [main] org.apache.catalina.startup.VersionLoggerListener.log Command line argument: -Dcatalina.base=/home/deadoggy/WorkSpace/java/Deliver/Server/Build
15-Apr-2017 22:53:15.995 INFO [main] org.apache.catalina.startup.VersionLoggerListener.log Command line argument: -Dcatalina.home=/home/deadoggy/WorkSpace/java/Deliver/Server/Build
15-Apr-2017 22:53:15.995 INFO [main] org.apache.catalina.startup.VersionLoggerListener.log Command line argument: -Djava.io.tmpdir=/home/deadoggy/WorkSpace/java/Deliver/Server/Build/temp
15-Apr-2017 22:53:15.995 INFO [main] org.apache.catalina.core.AprLifecycleListener.lifecycleEvent The APR based Apache Tomcat Native library which allows optimal performance in production environments was not found on the java.library.path: /usr/java/packages/lib/amd64:/usr/lib64:/lib64:/lib:/usr/lib
15-Apr-2017 22:53:16.111 INFO [main] org.apache.coyote.AbstractProtocol.init Initializing ProtocolHandler ["http-nio-8080"]
15-Apr-2017 22:53:16.126 SEVERE [main] org.apache.catalina.util.LifecycleBase.handleSubClassException Failed to initialize component [Connector[HTTP/1.1-8080]]
 org.apache.catalina.LifecycleException: Protocol handler initialization failed
	at org.apache.catalina.connector.Connector.initInternal(Connector.java:942)
	at org.apache.catalina.util.LifecycleBase.init(LifecycleBase.java:136)
	at org.apache.catalina.core.StandardService.initInternal(StandardService.java:530)
	at org.apache.catalina.util.LifecycleBase.init(LifecycleBase.java:136)
	at org.apache.catalina.core.StandardServer.initInternal(StandardServer.java:875)
	at org.apache.catalina.util.LifecycleBase.init(LifecycleBase.java:136)
	at org.apache.catalina.startup.Catalina.load(Catalina.java:606)
	at org.apache.catalina.startup.Catalina.start(Catalina.java:643)
	at sun.reflect.NativeMethodAccessorImpl.invoke0(Native Method)
	at sun.reflect.NativeMethodAccessorImpl.invoke(NativeMethodAccessorImpl.java:62)
	at sun.reflect.DelegatingMethodAccessorImpl.invoke(DelegatingMethodAccessorImpl.java:43)
	at java.lang.reflect.Method.invoke(Method.java:498)
	at org.apache.catalina.startup.Bootstrap.start(Bootstrap.java:355)
	at org.apache.catalina.startup.Bootstrap.main(Bootstrap.java:495)
Caused by: java.net.BindException: Address already in use
	at sun.nio.ch.Net.bind0(Native Method)
	at sun.nio.ch.Net.bind(Net.java:433)
	at sun.nio.ch.Net.bind(Net.java:425)
	at sun.nio.ch.ServerSocketChannelImpl.bind(ServerSocketChannelImpl.java:223)
	at sun.nio.ch.ServerSocketAdaptor.bind(ServerSocketAdaptor.java:74)
	at org.apache.tomcat.util.net.NioEndpoint.bind(NioEndpoint.java:206)
	at org.apache.tomcat.util.net.AbstractEndpoint.init(AbstractEndpoint.java:950)
	at org.apache.coyote.AbstractProtocol.init(AbstractProtocol.java:573)
	at org.apache.coyote.http11.AbstractHttp11Protocol.init(AbstractHttp11Protocol.java:70)
	at org.apache.catalina.connector.Connector.initInternal(Connector.java:939)
	... 13 more

15-Apr-2017 22:53:16.128 INFO [main] org.apache.coyote.AbstractProtocol.init Initializing ProtocolHandler ["ajp-nio-8009"]
15-Apr-2017 22:53:16.129 SEVERE [main] org.apache.catalina.util.LifecycleBase.handleSubClassException Failed to initialize component [Connector[AJP/1.3-8009]]
 org.apache.catalina.LifecycleException: Protocol handler initialization failed
	at org.apache.catalina.connector.Connector.initInternal(Connector.java:942)
	at org.apache.catalina.util.LifecycleBase.init(LifecycleBase.java:136)
	at org.apache.catalina.core.StandardService.initInternal(StandardService.java:530)
	at org.apache.catalina.util.LifecycleBase.init(LifecycleBase.java:136)
	at org.apache.catalina.core.StandardServer.initInternal(StandardServer.java:875)
	at org.apache.catalina.util.LifecycleBase.init(LifecycleBase.java:136)
	at org.apache.catalina.startup.Catalina.load(Catalina.java:606)
	at org.apache.catalina.startup.Catalina.start(Catalina.java:643)
	at sun.reflect.NativeMethodAccessorImpl.invoke0(Native Method)
	at sun.reflect.NativeMethodAccessorImpl.invoke(NativeMethodAccessorImpl.java:62)
	at sun.reflect.DelegatingMethodAccessorImpl.invoke(DelegatingMethodAccessorImpl.java:43)
	at java.lang.reflect.Method.invoke(Method.java:498)
	at org.apache.catalina.startup.Bootstrap.start(Bootstrap.java:355)
	at org.apache.catalina.startup.Bootstrap.main(Bootstrap.java:495)
Caused by: java.net.BindException: Address already in use
	at sun.nio.ch.Net.bind0(Native Method)
	at sun.nio.ch.Net.bind(Net.java:433)
	at sun.nio.ch.Net.bind(Net.java:425)
	at sun.nio.ch.ServerSocketChannelImpl.bind(ServerSocketChannelImpl.java:223)
	at sun.nio.ch.ServerSocketAdaptor.bind(ServerSocketAdaptor.java:74)
	at org.apache.tomcat.util.net.NioEndpoint.bind(NioEndpoint.java:206)
	at org.apache.tomcat.util.net.AbstractEndpoint.init(AbstractEndpoint.java:950)
	at org.apache.coyote.AbstractProtocol.init(AbstractProtocol.java:573)
	at org.apache.catalina.connector.Connector.initInternal(Connector.java:939)
	... 13 more

15-Apr-2017 22:53:16.130 INFO [main] org.apache.catalina.startup.Catalina.load Initialization processed in 547 ms
15-Apr-2017 22:53:16.149 INFO [main] org.apache.catalina.core.StandardService.startInternal Starting service Catalina
15-Apr-2017 22:53:16.150 INFO [main] org.apache.catalina.core.StandardEngine.startInternal Starting Servlet Engine: Apache Tomcat/9.0.0.M19
15-Apr-2017 22:53:16.390 INFO [main] org.apache.catalina.startup.HostConfig.deployDirectory Deploying web application directory /home/deadoggy/WorkSpace/java/Deliver/Server/Build/webapps/manager
15-Apr-2017 22:53:16.423 INFO [main] org.apache.catalina.startup.HostConfig.deployDirectory Deployment of web application directory /home/deadoggy/WorkSpace/java/Deliver/Server/Build/webapps/manager has finished in 33 ms
15-Apr-2017 22:53:16.424 INFO [main] org.apache.catalina.startup.HostConfig.deployDirectory Deploying web application directory /home/deadoggy/WorkSpace/java/Deliver/Server/Build/webapps/host-manager
15-Apr-2017 22:53:16.442 INFO [main] org.apache.catalina.startup.HostConfig.deployDirectory Deployment of web application directory /home/deadoggy/WorkSpace/java/Deliver/Server/Build/webapps/host-manager has finished in 19 ms
15-Apr-2017 22:53:16.442 INFO [main] org.apache.catalina.startup.HostConfig.deployDirectory Deploying web application directory /home/deadoggy/WorkSpace/java/Deliver/Server/Build/webapps/docs
15-Apr-2017 22:53:16.457 INFO [main] org.apache.catalina.startup.HostConfig.deployDirectory Deployment of web application directory /home/deadoggy/WorkSpace/java/Deliver/Server/Build/webapps/docs has finished in 15 ms
15-Apr-2017 22:53:16.457 INFO [main] org.apache.catalina.startup.HostConfig.deployDirectory Deploying web application directory /home/deadoggy/WorkSpace/java/Deliver/Server/Build/webapps/examples
15-Apr-2017 22:53:16.662 INFO [main] org.apache.catalina.startup.HostConfig.deployDirectory Deployment of web application directory /home/deadoggy/WorkSpace/java/Deliver/Server/Build/webapps/examples has finished in 205 ms
15-Apr-2017 22:53:16.664 INFO [main] org.apache.catalina.startup.Catalina.start Server startup in 534 ms
15-Apr-2017 22:53:16.666 SEVERE [main] org.apache.catalina.core.StandardServer.await StandardServer.await: create[localhost:8005]: 
 java.net.BindException: Address already in use (Bind failed)
	at java.net.PlainSocketImpl.socketBind(Native Method)
	at java.net.AbstractPlainSocketImpl.bind(AbstractPlainSocketImpl.java:387)
	at java.net.ServerSocket.bind(ServerSocket.java:375)
	at java.net.ServerSocket.<init>(ServerSocket.java:237)
	at org.apache.catalina.core.StandardServer.await(StandardServer.java:441)
	at org.apache.catalina.startup.Catalina.await(Catalina.java:743)
	at org.apache.catalina.startup.Catalina.start(Catalina.java:689)
	at sun.reflect.NativeMethodAccessorImpl.invoke0(Native Method)
	at sun.reflect.NativeMethodAccessorImpl.invoke(NativeMethodAccessorImpl.java:62)
	at sun.reflect.DelegatingMethodAccessorImpl.invoke(DelegatingMethodAccessorImpl.java:43)
	at java.lang.reflect.Method.invoke(Method.java:498)
	at org.apache.catalina.startup.Bootstrap.start(Bootstrap.java:355)
	at org.apache.catalina.startup.Bootstrap.main(Bootstrap.java:495)

15-Apr-2017 22:53:16.666 INFO [main] org.apache.coyote.AbstractProtocol.pause Pausing ProtocolHandler ["http-nio-8080"]
15-Apr-2017 22:53:16.666 INFO [main] org.apache.coyote.AbstractProtocol.pause Pausing ProtocolHandler ["ajp-nio-8009"]
15-Apr-2017 22:53:16.666 INFO [main] org.apache.catalina.core.StandardService.stopInternal Stopping service Catalina
15-Apr-2017 22:53:16.684 INFO [main] org.apache.coyote.AbstractProtocol.stop Stopping ProtocolHandler ["http-nio-8080"]
15-Apr-2017 22:53:16.685 INFO [main] org.apache.coyote.AbstractProtocol.destroy Destroying ProtocolHandler ["http-nio-8080"]
15-Apr-2017 22:53:16.685 INFO [main] org.apache.coyote.AbstractProtocol.stop Stopping ProtocolHandler ["ajp-nio-8009"]
15-Apr-2017 22:53:16.685 INFO [main] org.apache.coyote.AbstractProtocol.destroy Destroying ProtocolHandler ["ajp-nio-8009"]
15-Apr-2017 22:53:28.094 INFO [main] org.apache.catalina.startup.VersionLoggerListener.log Server version:        Apache Tomcat/9.0.0.M19
15-Apr-2017 22:53:28.097 INFO [main] org.apache.catalina.startup.VersionLoggerListener.log Server built:          Apr 14 2017 06:00:06 UTC
15-Apr-2017 22:53:28.097 INFO [main] org.apache.catalina.startup.VersionLoggerListener.log Server number:         9.0.0.0
15-Apr-2017 22:53:28.097 INFO [main] org.apache.catalina.startup.VersionLoggerListener.log OS Name:               Linux
15-Apr-2017 22:53:28.097 INFO [main] org.apache.catalina.startup.VersionLoggerListener.log OS Version:            4.4.0-72-generic
15-Apr-2017 22:53:28.097 INFO [main] org.apache.catalina.startup.VersionLoggerListener.log Architecture:          amd64
15-Apr-2017 22:53:28.097 INFO [main] org.apache.catalina.startup.VersionLoggerListener.log Java Home:             /var/lib/java/jdk1.8.0_121/jre
15-Apr-2017 22:53:28.097 INFO [main] org.apache.catalina.startup.VersionLoggerListener.log JVM Version:           1.8.0_121-b13
15-Apr-2017 22:53:28.097 INFO [main] org.apache.catalina.startup.VersionLoggerListener.log JVM Vendor:            Oracle Corporation
15-Apr-2017 22:53:28.098 INFO [main] org.apache.catalina.startup.VersionLoggerListener.log CATALINA_BASE:         /home/deadoggy/WorkSpace/java/Deliver/Server/Build
15-Apr-2017 22:53:28.099 INFO [main] org.apache.catalina.startup.VersionLoggerListener.log CATALINA_HOME:         /home/deadoggy/WorkSpace/java/Deliver/Server/Build
15-Apr-2017 22:53:28.099 INFO [main] org.apache.catalina.startup.VersionLoggerListener.log Command line argument: -Djava.util.logging.config.file=/home/deadoggy/WorkSpace/java/Deliver/Server/Build/conf/logging.properties
15-Apr-2017 22:53:28.099 INFO [main] org.apache.catalina.startup.VersionLoggerListener.log Command line argument: -Djava.util.logging.manager=org.apache.juli.ClassLoaderLogManager
15-Apr-2017 22:53:28.100 INFO [main] org.apache.catalina.startup.VersionLoggerListener.log Command line argument: -Djdk.tls.ephemeralDHKeySize=2048
15-Apr-2017 22:53:28.100 INFO [main] org.apache.catalina.startup.VersionLoggerListener.log Command line argument: -Djava.protocol.handler.pkgs=org.apache.catalina.webresources
15-Apr-2017 22:53:28.100 INFO [main] org.apache.catalina.startup.VersionLoggerListener.log Command line argument: -Dcatalina.base=/home/deadoggy/WorkSpace/java/Deliver/Server/Build
15-Apr-2017 22:53:28.100 INFO [main] org.apache.catalina.startup.VersionLoggerListener.log Command line argument: -Dcatalina.home=/home/deadoggy/WorkSpace/java/Deliver/Server/Build
15-Apr-2017 22:53:28.101 INFO [main] org.apache.catalina.startup.VersionLoggerListener.log Command line argument: -Djava.io.tmpdir=/home/deadoggy/WorkSpace/java/Deliver/Server/Build/temp
15-Apr-2017 22:53:28.101 INFO [main] org.apache.catalina.core.AprLifecycleListener.lifecycleEvent The APR based Apache Tomcat Native library which allows optimal performance in production environments was not found on the java.library.path: /usr/java/packages/lib/amd64:/usr/lib64:/lib64:/lib:/usr/lib
15-Apr-2017 22:53:28.224 INFO [main] org.apache.coyote.AbstractProtocol.init Initializing ProtocolHandler ["http-nio-8080"]
15-Apr-2017 22:53:28.238 SEVERE [main] org.apache.catalina.util.LifecycleBase.handleSubClassException Failed to initialize component [Connector[HTTP/1.1-8080]]
 org.apache.catalina.LifecycleException: Protocol handler initialization failed
	at org.apache.catalina.connector.Connector.initInternal(Connector.java:942)
	at org.apache.catalina.util.LifecycleBase.init(LifecycleBase.java:136)
	at org.apache.catalina.core.StandardService.initInternal(StandardService.java:530)
	at org.apache.catalina.util.LifecycleBase.init(LifecycleBase.java:136)
	at org.apache.catalina.core.StandardServer.initInternal(StandardServer.java:875)
	at org.apache.catalina.util.LifecycleBase.init(LifecycleBase.java:136)
	at org.apache.catalina.startup.Catalina.load(Catalina.java:606)
	at org.apache.catalina.startup.Catalina.load(Catalina.java:629)
	at sun.reflect.NativeMethodAccessorImpl.invoke0(Native Method)
	at sun.reflect.NativeMethodAccessorImpl.invoke(NativeMethodAccessorImpl.java:62)
	at sun.reflect.DelegatingMethodAccessorImpl.invoke(DelegatingMethodAccessorImpl.java:43)
	at java.lang.reflect.Method.invoke(Method.java:498)
	at org.apache.catalina.startup.Bootstrap.load(Bootstrap.java:311)
	at org.apache.catalina.startup.Bootstrap.main(Bootstrap.java:494)
Caused by: java.net.BindException: Address already in use
	at sun.nio.ch.Net.bind0(Native Method)
	at sun.nio.ch.Net.bind(Net.java:433)
	at sun.nio.ch.Net.bind(Net.java:425)
	at sun.nio.ch.ServerSocketChannelImpl.bind(ServerSocketChannelImpl.java:223)
	at sun.nio.ch.ServerSocketAdaptor.bind(ServerSocketAdaptor.java:74)
	at org.apache.tomcat.util.net.NioEndpoint.bind(NioEndpoint.java:206)
	at org.apache.tomcat.util.net.AbstractEndpoint.init(AbstractEndpoint.java:950)
	at org.apache.coyote.AbstractProtocol.init(AbstractProtocol.java:573)
	at org.apache.coyote.http11.AbstractHttp11Protocol.init(AbstractHttp11Protocol.java:70)
	at org.apache.catalina.connector.Connector.initInternal(Connector.java:939)
	... 13 more

15-Apr-2017 22:53:28.239 INFO [main] org.apache.coyote.AbstractProtocol.init Initializing ProtocolHandler ["ajp-nio-8009"]
15-Apr-2017 22:53:28.241 SEVERE [main] org.apache.catalina.util.LifecycleBase.handleSubClassException Failed to initialize component [Connector[AJP/1.3-8009]]
 org.apache.catalina.LifecycleException: Protocol handler initialization failed
	at org.apache.catalina.connector.Connector.initInternal(Connector.java:942)
	at org.apache.catalina.util.LifecycleBase.init(LifecycleBase.java:136)
	at org.apache.catalina.core.StandardService.initInternal(StandardService.java:530)
	at org.apache.catalina.util.LifecycleBase.init(LifecycleBase.java:136)
	at org.apache.catalina.core.StandardServer.initInternal(StandardServer.java:875)
	at org.apache.catalina.util.LifecycleBase.init(LifecycleBase.java:136)
	at org.apache.catalina.startup.Catalina.load(Catalina.java:606)
	at org.apache.catalina.startup.Catalina.load(Catalina.java:629)
	at sun.reflect.NativeMethodAccessorImpl.invoke0(Native Method)
	at sun.reflect.NativeMethodAccessorImpl.invoke(NativeMethodAccessorImpl.java:62)
	at sun.reflect.DelegatingMethodAccessorImpl.invoke(DelegatingMethodAccessorImpl.java:43)
	at java.lang.reflect.Method.invoke(Method.java:498)
	at org.apache.catalina.startup.Bootstrap.load(Bootstrap.java:311)
	at org.apache.catalina.startup.Bootstrap.main(Bootstrap.java:494)
Caused by: java.net.BindException: Address already in use
	at sun.nio.ch.Net.bind0(Native Method)
	at sun.nio.ch.Net.bind(Net.java:433)
	at sun.nio.ch.Net.bind(Net.java:425)
	at sun.nio.ch.ServerSocketChannelImpl.bind(ServerSocketChannelImpl.java:223)
	at sun.nio.ch.ServerSocketAdaptor.bind(ServerSocketAdaptor.java:74)
	at org.apache.tomcat.util.net.NioEndpoint.bind(NioEndpoint.java:206)
	at org.apache.tomcat.util.net.AbstractEndpoint.init(AbstractEndpoint.java:950)
	at org.apache.coyote.AbstractProtocol.init(AbstractProtocol.java:573)
	at org.apache.catalina.connector.Connector.initInternal(Connector.java:939)
	... 13 more

15-Apr-2017 22:53:28.241 INFO [main] org.apache.catalina.startup.Catalina.load Initialization processed in 538 ms
15-Apr-2017 22:53:28.263 INFO [main] org.apache.catalina.core.StandardService.startInternal Starting service Catalina
15-Apr-2017 22:53:28.264 INFO [main] org.apache.catalina.core.StandardEngine.startInternal Starting Servlet Engine: Apache Tomcat/9.0.0.M19
15-Apr-2017 22:53:28.536 INFO [main] org.apache.catalina.startup.HostConfig.deployDirectory Deploying web application directory /home/deadoggy/WorkSpace/java/Deliver/Server/Build/webapps/manager
15-Apr-2017 22:53:28.567 INFO [main] org.apache.catalina.startup.HostConfig.deployDirectory Deployment of web application directory /home/deadoggy/WorkSpace/java/Deliver/Server/Build/webapps/manager has finished in 30 ms
15-Apr-2017 22:53:28.567 INFO [main] org.apache.catalina.startup.HostConfig.deployDirectory Deploying web application directory /home/deadoggy/WorkSpace/java/Deliver/Server/Build/webapps/host-manager
15-Apr-2017 22:53:28.585 INFO [main] org.apache.catalina.startup.HostConfig.deployDirectory Deployment of web application directory /home/deadoggy/WorkSpace/java/Deliver/Server/Build/webapps/host-manager has finished in 18 ms
15-Apr-2017 22:53:28.585 INFO [main] org.apache.catalina.startup.HostConfig.deployDirectory Deploying web application directory /home/deadoggy/WorkSpace/java/Deliver/Server/Build/webapps/docs
15-Apr-2017 22:53:28.600 INFO [main] org.apache.catalina.startup.HostConfig.deployDirectory Deployment of web application directory /home/deadoggy/WorkSpace/java/Deliver/Server/Build/webapps/docs has finished in 15 ms
15-Apr-2017 22:53:28.601 INFO [main] org.apache.catalina.startup.HostConfig.deployDirectory Deploying web application directory /home/deadoggy/WorkSpace/java/Deliver/Server/Build/webapps/examples
15-Apr-2017 22:53:28.810 INFO [main] org.apache.catalina.startup.HostConfig.deployDirectory Deployment of web application directory /home/deadoggy/WorkSpace/java/Deliver/Server/Build/webapps/examples has finished in 210 ms
15-Apr-2017 22:53:28.813 INFO [main] org.apache.catalina.startup.Catalina.start Server startup in 570 ms
15-Apr-2017 22:53:28.813 SEVERE [main] org.apache.catalina.core.StandardServer.await StandardServer.await: create[localhost:8005]: 
 java.net.BindException: Address already in use (Bind failed)
	at java.net.PlainSocketImpl.socketBind(Native Method)
	at java.net.AbstractPlainSocketImpl.bind(AbstractPlainSocketImpl.java:387)
	at java.net.ServerSocket.bind(ServerSocket.java:375)
	at java.net.ServerSocket.<init>(ServerSocket.java:237)
	at org.apache.catalina.core.StandardServer.await(StandardServer.java:441)
	at org.apache.catalina.startup.Catalina.await(Catalina.java:743)
	at org.apache.catalina.startup.Catalina.start(Catalina.java:689)
	at sun.reflect.NativeMethodAccessorImpl.invoke0(Native Method)
	at sun.reflect.NativeMethodAccessorImpl.invoke(NativeMethodAccessorImpl.java:62)
	at sun.reflect.DelegatingMethodAccessorImpl.invoke(DelegatingMethodAccessorImpl.java:43)
	at java.lang.reflect.Method.invoke(Method.java:498)
	at org.apache.catalina.startup.Bootstrap.start(Bootstrap.java:355)
	at org.apache.catalina.startup.Bootstrap.main(Bootstrap.java:495)

15-Apr-2017 22:53:28.814 INFO [main] org.apache.coyote.AbstractProtocol.pause Pausing ProtocolHandler ["http-nio-8080"]
15-Apr-2017 22:53:28.814 INFO [main] org.apache.coyote.AbstractProtocol.pause Pausing ProtocolHandler ["ajp-nio-8009"]
15-Apr-2017 22:53:28.814 INFO [main] org.apache.catalina.core.StandardService.stopInternal Stopping service Catalina
15-Apr-2017 22:53:28.832 INFO [main] org.apache.coyote.AbstractProtocol.stop Stopping ProtocolHandler ["http-nio-8080"]
15-Apr-2017 22:53:28.832 INFO [main] org.apache.coyote.AbstractProtocol.destroy Destroying ProtocolHandler ["http-nio-8080"]
15-Apr-2017 22:53:28.832 INFO [main] org.apache.coyote.AbstractProtocol.stop Stopping ProtocolHandler ["ajp-nio-8009"]
15-Apr-2017 22:53:28.832 INFO [main] org.apache.coyote.AbstractProtocol.destroy Destroying ProtocolHandler ["ajp-nio-8009"]
15-Apr-2017 22:53:42.085 INFO [main] org.apache.catalina.startup.VersionLoggerListener.log Server version:        Apache Tomcat/9.0.0.M19
15-Apr-2017 22:53:42.088 INFO [main] org.apache.catalina.startup.VersionLoggerListener.log Server built:          Apr 14 2017 06:00:06 UTC
15-Apr-2017 22:53:42.088 INFO [main] org.apache.catalina.startup.VersionLoggerListener.log Server number:         9.0.0.0
15-Apr-2017 22:53:42.088 INFO [main] org.apache.catalina.startup.VersionLoggerListener.log OS Name:               Linux
15-Apr-2017 22:53:42.088 INFO [main] org.apache.catalina.startup.VersionLoggerListener.log OS Version:            4.4.0-72-generic
15-Apr-2017 22:53:42.088 INFO [main] org.apache.catalina.startup.VersionLoggerListener.log Architecture:          amd64
15-Apr-2017 22:53:42.089 INFO [main] org.apache.catalina.startup.VersionLoggerListener.log Java Home:             /var/lib/java/jdk1.8.0_121/jre
15-Apr-2017 22:53:42.089 INFO [main] org.apache.catalina.startup.VersionLoggerListener.log JVM Version:           1.8.0_121-b13
15-Apr-2017 22:53:42.089 INFO [main] org.apache.catalina.startup.VersionLoggerListener.log JVM Vendor:            Oracle Corporation
15-Apr-2017 22:53:42.089 INFO [main] org.apache.catalina.startup.VersionLoggerListener.log CATALINA_BASE:         /home/deadoggy/WorkSpace/java/Deliver/Server/Build
15-Apr-2017 22:53:42.089 INFO [main] org.apache.catalina.startup.VersionLoggerListener.log CATALINA_HOME:         /home/deadoggy/WorkSpace/java/Deliver/Server/Build
15-Apr-2017 22:53:42.093 INFO [main] org.apache.catalina.startup.VersionLoggerListener.log Command line argument: -Djava.util.logging.config.file=/home/deadoggy/WorkSpace/java/Deliver/Server/Build/conf/logging.properties
15-Apr-2017 22:53:42.094 INFO [main] org.apache.catalina.startup.VersionLoggerListener.log Command line argument: -Djava.util.logging.manager=org.apache.juli.ClassLoaderLogManager
15-Apr-2017 22:53:42.094 INFO [main] org.apache.catalina.startup.VersionLoggerListener.log Command line argument: -Djdk.tls.ephemeralDHKeySize=2048
15-Apr-2017 22:53:42.094 INFO [main] org.apache.catalina.startup.VersionLoggerListener.log Command line argument: -Djava.protocol.handler.pkgs=org.apache.catalina.webresources
15-Apr-2017 22:53:42.094 INFO [main] org.apache.catalina.startup.VersionLoggerListener.log Command line argument: -Dcatalina.base=/home/deadoggy/WorkSpace/java/Deliver/Server/Build
15-Apr-2017 22:53:42.095 INFO [main] org.apache.catalina.startup.VersionLoggerListener.log Command line argument: -Dcatalina.home=/home/deadoggy/WorkSpace/java/Deliver/Server/Build
15-Apr-2017 22:53:42.095 INFO [main] org.apache.catalina.startup.VersionLoggerListener.log Command line argument: -Djava.io.tmpdir=/home/deadoggy/WorkSpace/java/Deliver/Server/Build/temp
15-Apr-2017 22:53:42.095 INFO [main] org.apache.catalina.core.AprLifecycleListener.lifecycleEvent The APR based Apache Tomcat Native library which allows optimal performance in production environments was not found on the java.library.path: /usr/java/packages/lib/amd64:/usr/lib64:/lib64:/lib:/usr/lib
15-Apr-2017 22:53:42.214 INFO [main] org.apache.coyote.AbstractProtocol.init Initializing ProtocolHandler ["http-nio-8080"]
15-Apr-2017 22:53:42.229 SEVERE [main] org.apache.catalina.util.LifecycleBase.handleSubClassException Failed to initialize component [Connector[HTTP/1.1-8080]]
 org.apache.catalina.LifecycleException: Protocol handler initialization failed
	at org.apache.catalina.connector.Connector.initInternal(Connector.java:942)
	at org.apache.catalina.util.LifecycleBase.init(LifecycleBase.java:136)
	at org.apache.catalina.core.StandardService.initInternal(StandardService.java:530)
	at org.apache.catalina.util.LifecycleBase.init(LifecycleBase.java:136)
	at org.apache.catalina.core.StandardServer.initInternal(StandardServer.java:875)
	at org.apache.catalina.util.LifecycleBase.init(LifecycleBase.java:136)
	at org.apache.catalina.startup.Catalina.load(Catalina.java:606)
	at org.apache.catalina.startup.Catalina.load(Catalina.java:629)
	at sun.reflect.NativeMethodAccessorImpl.invoke0(Native Method)
	at sun.reflect.NativeMethodAccessorImpl.invoke(NativeMethodAccessorImpl.java:62)
	at sun.reflect.DelegatingMethodAccessorImpl.invoke(DelegatingMethodAccessorImpl.java:43)
	at java.lang.reflect.Method.invoke(Method.java:498)
	at org.apache.catalina.startup.Bootstrap.load(Bootstrap.java:311)
	at org.apache.catalina.startup.Bootstrap.main(Bootstrap.java:494)
Caused by: java.net.BindException: Address already in use
	at sun.nio.ch.Net.bind0(Native Method)
	at sun.nio.ch.Net.bind(Net.java:433)
	at sun.nio.ch.Net.bind(Net.java:425)
	at sun.nio.ch.ServerSocketChannelImpl.bind(ServerSocketChannelImpl.java:223)
	at sun.nio.ch.ServerSocketAdaptor.bind(ServerSocketAdaptor.java:74)
	at org.apache.tomcat.util.net.NioEndpoint.bind(NioEndpoint.java:206)
	at org.apache.tomcat.util.net.AbstractEndpoint.init(AbstractEndpoint.java:950)
	at org.apache.coyote.AbstractProtocol.init(AbstractProtocol.java:573)
	at org.apache.coyote.http11.AbstractHttp11Protocol.init(AbstractHttp11Protocol.java:70)
	at org.apache.catalina.connector.Connector.initInternal(Connector.java:939)
	... 13 more

15-Apr-2017 22:53:42.230 INFO [main] org.apache.coyote.AbstractProtocol.init Initializing ProtocolHandler ["ajp-nio-8009"]
15-Apr-2017 22:53:42.232 SEVERE [main] org.apache.catalina.util.LifecycleBase.handleSubClassException Failed to initialize component [Connector[AJP/1.3-8009]]
 org.apache.catalina.LifecycleException: Protocol handler initialization failed
	at org.apache.catalina.connector.Connector.initInternal(Connector.java:942)
	at org.apache.catalina.util.LifecycleBase.init(LifecycleBase.java:136)
	at org.apache.catalina.core.StandardService.initInternal(StandardService.java:530)
	at org.apache.catalina.util.LifecycleBase.init(LifecycleBase.java:136)
	at org.apache.catalina.core.StandardServer.initInternal(StandardServer.java:875)
	at org.apache.catalina.util.LifecycleBase.init(LifecycleBase.java:136)
	at org.apache.catalina.startup.Catalina.load(Catalina.java:606)
	at org.apache.catalina.startup.Catalina.load(Catalina.java:629)
	at sun.reflect.NativeMethodAccessorImpl.invoke0(Native Method)
	at sun.reflect.NativeMethodAccessorImpl.invoke(NativeMethodAccessorImpl.java:62)
	at sun.reflect.DelegatingMethodAccessorImpl.invoke(DelegatingMethodAccessorImpl.java:43)
	at java.lang.reflect.Method.invoke(Method.java:498)
	at org.apache.catalina.startup.Bootstrap.load(Bootstrap.java:311)
	at org.apache.catalina.startup.Bootstrap.main(Bootstrap.java:494)
Caused by: java.net.BindException: Address already in use
	at sun.nio.ch.Net.bind0(Native Method)
	at sun.nio.ch.Net.bind(Net.java:433)
	at sun.nio.ch.Net.bind(Net.java:425)
	at sun.nio.ch.ServerSocketChannelImpl.bind(ServerSocketChannelImpl.java:223)
	at sun.nio.ch.ServerSocketAdaptor.bind(ServerSocketAdaptor.java:74)
	at org.apache.tomcat.util.net.NioEndpoint.bind(NioEndpoint.java:206)
	at org.apache.tomcat.util.net.AbstractEndpoint.init(AbstractEndpoint.java:950)
	at org.apache.coyote.AbstractProtocol.init(AbstractProtocol.java:573)
	at org.apache.catalina.connector.Connector.initInternal(Connector.java:939)
	... 13 more

15-Apr-2017 22:53:42.232 INFO [main] org.apache.catalina.startup.Catalina.load Initialization processed in 541 ms
15-Apr-2017 22:53:42.255 INFO [main] org.apache.catalina.core.StandardService.startInternal Starting service Catalina
15-Apr-2017 22:53:42.256 INFO [main] org.apache.catalina.core.StandardEngine.startInternal Starting Servlet Engine: Apache Tomcat/9.0.0.M19
15-Apr-2017 22:53:42.526 INFO [main] org.apache.catalina.startup.HostConfig.deployDirectory Deploying web application directory /home/deadoggy/WorkSpace/java/Deliver/Server/Build/webapps/manager
15-Apr-2017 22:53:42.557 INFO [main] org.apache.catalina.startup.HostConfig.deployDirectory Deployment of web application directory /home/deadoggy/WorkSpace/java/Deliver/Server/Build/webapps/manager has finished in 30 ms
15-Apr-2017 22:53:42.557 INFO [main] org.apache.catalina.startup.HostConfig.deployDirectory Deploying web application directory /home/deadoggy/WorkSpace/java/Deliver/Server/Build/webapps/host-manager
15-Apr-2017 22:53:42.575 INFO [main] org.apache.catalina.startup.HostConfig.deployDirectory Deployment of web application directory /home/deadoggy/WorkSpace/java/Deliver/Server/Build/webapps/host-manager has finished in 18 ms
15-Apr-2017 22:53:42.575 INFO [main] org.apache.catalina.startup.HostConfig.deployDirectory Deploying web application directory /home/deadoggy/WorkSpace/java/Deliver/Server/Build/webapps/docs
15-Apr-2017 22:53:42.590 INFO [main] org.apache.catalina.startup.HostConfig.deployDirectory Deployment of web application directory /home/deadoggy/WorkSpace/java/Deliver/Server/Build/webapps/docs has finished in 15 ms
15-Apr-2017 22:53:42.591 INFO [main] org.apache.catalina.startup.HostConfig.deployDirectory Deploying web application directory /home/deadoggy/WorkSpace/java/Deliver/Server/Build/webapps/examples
15-Apr-2017 22:53:42.802 INFO [main] org.apache.catalina.startup.HostConfig.deployDirectory Deployment of web application directory /home/deadoggy/WorkSpace/java/Deliver/Server/Build/webapps/examples has finished in 211 ms
15-Apr-2017 22:53:42.806 INFO [main] org.apache.catalina.startup.Catalina.start Server startup in 573 ms
15-Apr-2017 22:53:42.807 SEVERE [main] org.apache.catalina.core.StandardServer.await StandardServer.await: create[localhost:8005]: 
 java.net.BindException: Address already in use (Bind failed)
	at java.net.PlainSocketImpl.socketBind(Native Method)
	at java.net.AbstractPlainSocketImpl.bind(AbstractPlainSocketImpl.java:387)
	at java.net.ServerSocket.bind(ServerSocket.java:375)
	at java.net.ServerSocket.<init>(ServerSocket.java:237)
	at org.apache.catalina.core.StandardServer.await(StandardServer.java:441)
	at org.apache.catalina.startup.Catalina.await(Catalina.java:743)
	at org.apache.catalina.startup.Catalina.start(Catalina.java:689)
	at sun.reflect.NativeMethodAccessorImpl.invoke0(Native Method)
	at sun.reflect.NativeMethodAccessorImpl.invoke(NativeMethodAccessorImpl.java:62)
	at sun.reflect.DelegatingMethodAccessorImpl.invoke(DelegatingMethodAccessorImpl.java:43)
	at java.lang.reflect.Method.invoke(Method.java:498)
	at org.apache.catalina.startup.Bootstrap.start(Bootstrap.java:355)
	at org.apache.catalina.startup.Bootstrap.main(Bootstrap.java:495)

15-Apr-2017 22:53:42.807 INFO [main] org.apache.coyote.AbstractProtocol.pause Pausing ProtocolHandler ["http-nio-8080"]
15-Apr-2017 22:53:42.807 INFO [main] org.apache.coyote.AbstractProtocol.pause Pausing ProtocolHandler ["ajp-nio-8009"]
15-Apr-2017 22:53:42.808 INFO [main] org.apache.catalina.core.StandardService.stopInternal Stopping service Catalina
15-Apr-2017 22:53:42.827 INFO [main] org.apache.coyote.AbstractProtocol.stop Stopping ProtocolHandler ["http-nio-8080"]
15-Apr-2017 22:53:42.827 INFO [main] org.apache.coyote.AbstractProtocol.destroy Destroying ProtocolHandler ["http-nio-8080"]
15-Apr-2017 22:53:42.827 INFO [main] org.apache.coyote.AbstractProtocol.stop Stopping ProtocolHandler ["ajp-nio-8009"]
15-Apr-2017 22:53:42.827 INFO [main] org.apache.coyote.AbstractProtocol.destroy Destroying ProtocolHandler ["ajp-nio-8009"]
15-Apr-2017 22:53:47.727 INFO [Thread-5] org.apache.coyote.AbstractProtocol.pause Pausing ProtocolHandler ["http-nio-8080"]
15-Apr-2017 22:53:47.789 INFO [Thread-5] org.apache.coyote.AbstractProtocol.pause Pausing ProtocolHandler ["ajp-nio-8009"]
15-Apr-2017 22:53:47.839 INFO [Thread-5] org.apache.catalina.core.StandardService.stopInternal Stopping service Catalina
15-Apr-2017 22:53:47.874 INFO [Thread-5] org.apache.coyote.AbstractProtocol.stop Stopping ProtocolHandler ["http-nio-8080"]
15-Apr-2017 22:53:47.876 INFO [Thread-5] org.apache.coyote.AbstractProtocol.stop Stopping ProtocolHandler ["ajp-nio-8009"]
15-Apr-2017 22:53:47.883 INFO [Thread-5] org.apache.coyote.AbstractProtocol.destroy Destroying ProtocolHandler ["http-nio-8080"]
15-Apr-2017 22:53:47.883 INFO [Thread-5] org.apache.coyote.AbstractProtocol.destroy Destroying ProtocolHandler ["ajp-nio-8009"]
15-Apr-2017 22:55:06.019 INFO [main] org.apache.catalina.startup.VersionLoggerListener.log Server version:        Apache Tomcat/9.0.0.M19
15-Apr-2017 22:55:06.022 INFO [main] org.apache.catalina.startup.VersionLoggerListener.log Server built:          Apr 14 2017 06:00:06 UTC
15-Apr-2017 22:55:06.022 INFO [main] org.apache.catalina.startup.VersionLoggerListener.log Server number:         9.0.0.0
15-Apr-2017 22:55:06.022 INFO [main] org.apache.catalina.startup.VersionLoggerListener.log OS Name:               Linux
15-Apr-2017 22:55:06.022 INFO [main] org.apache.catalina.startup.VersionLoggerListener.log OS Version:            4.4.0-72-generic
15-Apr-2017 22:55:06.023 INFO [main] org.apache.catalina.startup.VersionLoggerListener.log Architecture:          amd64
15-Apr-2017 22:55:06.023 INFO [main] org.apache.catalina.startup.VersionLoggerListener.log Java Home:             /var/lib/java/jdk1.8.0_121/jre
15-Apr-2017 22:55:06.023 INFO [main] org.apache.catalina.startup.VersionLoggerListener.log JVM Version:           1.8.0_121-b13
15-Apr-2017 22:55:06.023 INFO [main] org.apache.catalina.startup.VersionLoggerListener.log JVM Vendor:            Oracle Corporation
15-Apr-2017 22:55:06.023 INFO [main] org.apache.catalina.startup.VersionLoggerListener.log CATALINA_BASE:         /home/deadoggy/WorkSpace/java/Deliver/Server/Build
15-Apr-2017 22:55:06.023 INFO [main] org.apache.catalina.startup.VersionLoggerListener.log CATALINA_HOME:         /home/deadoggy/WorkSpace/java/Deliver/Server/Build
15-Apr-2017 22:55:06.023 INFO [main] org.apache.catalina.startup.VersionLoggerListener.log Command line argument: -Djava.util.logging.config.file=/home/deadoggy/WorkSpace/java/Deliver/Server/Build/conf/logging.properties
15-Apr-2017 22:55:06.023 INFO [main] org.apache.catalina.startup.VersionLoggerListener.log Command line argument: -Djava.util.logging.manager=org.apache.juli.ClassLoaderLogManager
15-Apr-2017 22:55:06.023 INFO [main] org.apache.catalina.startup.VersionLoggerListener.log Command line argument: -Djdk.tls.ephemeralDHKeySize=2048
15-Apr-2017 22:55:06.024 INFO [main] org.apache.catalina.startup.VersionLoggerListener.log Command line argument: -Djava.protocol.handler.pkgs=org.apache.catalina.webresources
15-Apr-2017 22:55:06.024 INFO [main] org.apache.catalina.startup.VersionLoggerListener.log Command line argument: -Dcatalina.base=/home/deadoggy/WorkSpace/java/Deliver/Server/Build
15-Apr-2017 22:55:06.024 INFO [main] org.apache.catalina.startup.VersionLoggerListener.log Command line argument: -Dcatalina.home=/home/deadoggy/WorkSpace/java/Deliver/Server/Build
15-Apr-2017 22:55:06.024 INFO [main] org.apache.catalina.startup.VersionLoggerListener.log Command line argument: -Djava.io.tmpdir=/home/deadoggy/WorkSpace/java/Deliver/Server/Build/temp
15-Apr-2017 22:55:06.024 INFO [main] org.apache.catalina.core.AprLifecycleListener.lifecycleEvent The APR based Apache Tomcat Native library which allows optimal performance in production environments was not found on the java.library.path: /usr/java/packages/lib/amd64:/usr/lib64:/lib64:/lib:/usr/lib
15-Apr-2017 22:55:06.154 INFO [main] org.apache.coyote.AbstractProtocol.init Initializing ProtocolHandler ["http-nio-8080"]
15-Apr-2017 22:55:06.173 INFO [main] org.apache.tomcat.util.net.NioSelectorPool.getSharedSelector Using a shared selector for servlet write/read
15-Apr-2017 22:55:06.176 INFO [main] org.apache.coyote.AbstractProtocol.init Initializing ProtocolHandler ["ajp-nio-8009"]
15-Apr-2017 22:55:06.177 INFO [main] org.apache.tomcat.util.net.NioSelectorPool.getSharedSelector Using a shared selector for servlet write/read
15-Apr-2017 22:55:06.177 INFO [main] org.apache.catalina.startup.Catalina.load Initialization processed in 606 ms
15-Apr-2017 22:55:06.198 INFO [main] org.apache.catalina.core.StandardService.startInternal Starting service Catalina
15-Apr-2017 22:55:06.198 INFO [main] org.apache.catalina.core.StandardEngine.startInternal Starting Servlet Engine: Apache Tomcat/9.0.0.M19
15-Apr-2017 22:55:06.498 INFO [main] org.apache.catalina.startup.HostConfig.deployDirectory Deploying web application directory /home/deadoggy/WorkSpace/java/Deliver/Server/Build/webapps/manager
15-Apr-2017 22:55:06.532 INFO [main] org.apache.catalina.startup.HostConfig.deployDirectory Deployment of web application directory /home/deadoggy/WorkSpace/java/Deliver/Server/Build/webapps/manager has finished in 33 ms
15-Apr-2017 22:55:06.532 INFO [main] org.apache.catalina.startup.HostConfig.deployDirectory Deploying web application directory /home/deadoggy/WorkSpace/java/Deliver/Server/Build/webapps/host-manager
15-Apr-2017 22:55:06.552 INFO [main] org.apache.catalina.startup.HostConfig.deployDirectory Deployment of web application directory /home/deadoggy/WorkSpace/java/Deliver/Server/Build/webapps/host-manager has finished in 20 ms
15-Apr-2017 22:55:06.553 INFO [main] org.apache.catalina.startup.HostConfig.deployDirectory Deploying web application directory /home/deadoggy/WorkSpace/java/Deliver/Server/Build/webapps/docs
15-Apr-2017 22:55:06.571 INFO [main] org.apache.catalina.startup.HostConfig.deployDirectory Deployment of web application directory /home/deadoggy/WorkSpace/java/Deliver/Server/Build/webapps/docs has finished in 19 ms
15-Apr-2017 22:55:06.572 INFO [main] org.apache.catalina.startup.HostConfig.deployDirectory Deploying web application directory /home/deadoggy/WorkSpace/java/Deliver/Server/Build/webapps/examples
15-Apr-2017 22:55:06.818 INFO [main] org.apache.catalina.startup.HostConfig.deployDirectory Deployment of web application directory /home/deadoggy/WorkSpace/java/Deliver/Server/Build/webapps/examples has finished in 247 ms
15-Apr-2017 22:55:06.820 INFO [main] org.apache.coyote.AbstractProtocol.start Starting ProtocolHandler ["http-nio-8080"]
15-Apr-2017 22:55:06.826 INFO [main] org.apache.coyote.AbstractProtocol.start Starting ProtocolHandler ["ajp-nio-8009"]
15-Apr-2017 22:55:06.828 INFO [main] org.apache.catalina.startup.Catalina.start Server startup in 650 ms
15-Apr-2017 22:56:25.977 INFO [main] org.apache.catalina.core.StandardServer.await A valid shutdown command was received via the shutdown port. Stopping the Server instance.
15-Apr-2017 22:56:25.977 INFO [main] org.apache.coyote.AbstractProtocol.pause Pausing ProtocolHandler ["http-nio-8080"]
15-Apr-2017 22:56:26.030 INFO [main] org.apache.coyote.AbstractProtocol.pause Pausing ProtocolHandler ["ajp-nio-8009"]
15-Apr-2017 22:56:26.081 INFO [main] org.apache.catalina.core.StandardService.stopInternal Stopping service Catalina
15-Apr-2017 22:56:26.189 INFO [main] org.apache.coyote.AbstractProtocol.stop Stopping ProtocolHandler ["http-nio-8080"]
15-Apr-2017 22:56:26.191 INFO [main] org.apache.coyote.AbstractProtocol.stop Stopping ProtocolHandler ["ajp-nio-8009"]
15-Apr-2017 22:56:26.192 INFO [main] org.apache.coyote.AbstractProtocol.destroy Destroying ProtocolHandler ["http-nio-8080"]
15-Apr-2017 22:56:26.193 INFO [main] org.apache.coyote.AbstractProtocol.destroy Destroying ProtocolHandler ["ajp-nio-8009"]
