16-Jun-2017 12:26:49.437 SEVERE [main] org.apache.catalina.startup.Catalina.initDirs Cannot find specified temporary folder at /home/deadoggy/WorkSpace/java/DeliverManagementSystem/Server/Build/temp
16-Jun-2017 12:26:49.812 INFO [main] org.apache.catalina.startup.VersionLoggerListener.log Server version:        Apache Tomcat/9.0.0.M19
16-Jun-2017 12:26:49.814 INFO [main] org.apache.catalina.startup.VersionLoggerListener.log Server built:          Apr 14 2017 06:00:06 UTC
16-Jun-2017 12:26:49.814 INFO [main] org.apache.catalina.startup.VersionLoggerListener.log Server number:         9.0.0.0
16-Jun-2017 12:26:49.814 INFO [main] org.apache.catalina.startup.VersionLoggerListener.log OS Name:               Linux
16-Jun-2017 12:26:49.814 INFO [main] org.apache.catalina.startup.VersionLoggerListener.log OS Version:            4.10.0-22-generic
16-Jun-2017 12:26:49.814 INFO [main] org.apache.catalina.startup.VersionLoggerListener.log Architecture:          amd64
16-Jun-2017 12:26:49.814 INFO [main] org.apache.catalina.startup.VersionLoggerListener.log Java Home:             /usr/share/java/jdk1.8.0_131/jre
16-Jun-2017 12:26:49.815 INFO [main] org.apache.catalina.startup.VersionLoggerListener.log JVM Version:           1.8.0_131-b11
16-Jun-2017 12:26:49.815 INFO [main] org.apache.catalina.startup.VersionLoggerListener.log JVM Vendor:            Oracle Corporation
16-Jun-2017 12:26:49.815 INFO [main] org.apache.catalina.startup.VersionLoggerListener.log CATALINA_BASE:         /home/deadoggy/WorkSpace/java/DeliverManagementSystem/Server/Build
16-Jun-2017 12:26:49.815 INFO [main] org.apache.catalina.startup.VersionLoggerListener.log CATALINA_HOME:         /home/deadoggy/WorkSpace/java/DeliverManagementSystem/Server/Build
16-Jun-2017 12:26:49.815 INFO [main] org.apache.catalina.startup.VersionLoggerListener.log Command line argument: -Djava.util.logging.config.file=/home/deadoggy/WorkSpace/java/DeliverManagementSystem/Server/Build/conf/logging.properties
16-Jun-2017 12:26:49.815 INFO [main] org.apache.catalina.startup.VersionLoggerListener.log Command line argument: -Djava.util.logging.manager=org.apache.juli.ClassLoaderLogManager
16-Jun-2017 12:26:49.815 INFO [main] org.apache.catalina.startup.VersionLoggerListener.log Command line argument: -Djdk.tls.ephemeralDHKeySize=2048
16-Jun-2017 12:26:49.816 INFO [main] org.apache.catalina.startup.VersionLoggerListener.log Command line argument: -Djava.protocol.handler.pkgs=org.apache.catalina.webresources
16-Jun-2017 12:26:49.816 INFO [main] org.apache.catalina.startup.VersionLoggerListener.log Command line argument: -Dcatalina.base=/home/deadoggy/WorkSpace/java/DeliverManagementSystem/Server/Build
16-Jun-2017 12:26:49.816 INFO [main] org.apache.catalina.startup.VersionLoggerListener.log Command line argument: -Dcatalina.home=/home/deadoggy/WorkSpace/java/DeliverManagementSystem/Server/Build
16-Jun-2017 12:26:49.816 INFO [main] org.apache.catalina.startup.VersionLoggerListener.log Command line argument: -Djava.io.tmpdir=/home/deadoggy/WorkSpace/java/DeliverManagementSystem/Server/Build/temp
16-Jun-2017 12:26:49.816 INFO [main] org.apache.catalina.core.AprLifecycleListener.lifecycleEvent The APR based Apache Tomcat Native library which allows optimal performance in production environments was not found on the java.library.path: /usr/java/packages/lib/amd64:/usr/lib64:/lib64:/lib:/usr/lib
16-Jun-2017 12:26:49.921 INFO [main] org.apache.coyote.AbstractProtocol.init Initializing ProtocolHandler ["http-nio-8080"]
16-Jun-2017 12:26:49.934 INFO [main] org.apache.tomcat.util.net.NioSelectorPool.getSharedSelector Using a shared selector for servlet write/read
16-Jun-2017 12:26:49.937 INFO [main] org.apache.coyote.AbstractProtocol.init Initializing ProtocolHandler ["ajp-nio-8009"]
16-Jun-2017 12:26:49.939 INFO [main] org.apache.tomcat.util.net.NioSelectorPool.getSharedSelector Using a shared selector for servlet write/read
16-Jun-2017 12:26:49.939 INFO [main] org.apache.catalina.startup.Catalina.load Initialization processed in 502 ms
16-Jun-2017 12:26:49.957 INFO [main] org.apache.catalina.core.StandardService.startInternal Starting service Catalina
16-Jun-2017 12:26:49.957 INFO [main] org.apache.catalina.core.StandardEngine.startInternal Starting Servlet Engine: Apache Tomcat/9.0.0.M19
16-Jun-2017 12:26:51.865 INFO [main] org.apache.jasper.servlet.TldScanner.scanJars At least one JAR was scanned for TLDs yet contained no TLDs. Enable debug logging for this logger for a complete list of JARs that were scanned but no TLDs were found in them. Skipping unneeded JARs during scanning can improve startup time and JSP compilation time.
16-Jun-2017 12:26:58.469 INFO [main] org.apache.coyote.AbstractProtocol.start Starting ProtocolHandler ["http-nio-8080"]
16-Jun-2017 12:26:58.487 INFO [main] org.apache.coyote.AbstractProtocol.start Starting ProtocolHandler ["ajp-nio-8009"]
16-Jun-2017 12:26:58.489 INFO [main] org.apache.catalina.startup.Catalina.start Server startup in 8549 ms
16-Jun-2017 12:28:03.377 INFO [main] org.apache.catalina.core.StandardServer.await A valid shutdown command was received via the shutdown port. Stopping the Server instance.
16-Jun-2017 12:28:03.377 INFO [main] org.apache.coyote.AbstractProtocol.pause Pausing ProtocolHandler ["http-nio-8080"]
16-Jun-2017 12:28:03.429 INFO [main] org.apache.coyote.AbstractProtocol.pause Pausing ProtocolHandler ["ajp-nio-8009"]
16-Jun-2017 12:28:03.480 INFO [main] org.apache.catalina.core.StandardService.stopInternal Stopping service Catalina
16-Jun-2017 12:28:03.555 WARNING [main] org.apache.catalina.loader.WebappClassLoaderBase.clearReferencesJdbc The web application [ROOT] registered the JDBC driver [com.mysql.jdbc.Driver] but failed to unregister it when the web application was stopped. To prevent a memory leak, the JDBC Driver has been forcibly unregistered.
16-Jun-2017 12:28:03.556 WARNING [main] org.apache.catalina.loader.WebappClassLoaderBase.clearReferencesThreads The web application [ROOT] appears to have started a thread named [Abandoned connection cleanup thread] but has failed to stop it. This is very likely to create a memory leak. Stack trace of thread:
 java.lang.Object.wait(Native Method)
 java.lang.ref.ReferenceQueue.remove(ReferenceQueue.java:143)
 com.mysql.jdbc.AbandonedConnectionCleanupThread.run(AbandonedConnectionCleanupThread.java:43)
16-Jun-2017 12:28:03.556 WARNING [main] org.apache.catalina.loader.WebappClassLoaderBase.clearReferencesThreads The web application [ROOT] appears to have started a thread named [commons-pool-EvictionTimer] but has failed to stop it. This is very likely to create a memory leak. Stack trace of thread:
 java.lang.Object.wait(Native Method)
 java.util.TimerThread.mainLoop(Timer.java:552)
 java.util.TimerThread.run(Timer.java:505)
16-Jun-2017 12:28:03.561 INFO [main] org.apache.coyote.AbstractProtocol.stop Stopping ProtocolHandler ["http-nio-8080"]
16-Jun-2017 12:28:03.562 INFO [main] org.apache.coyote.AbstractProtocol.stop Stopping ProtocolHandler ["ajp-nio-8009"]
16-Jun-2017 12:28:03.564 INFO [main] org.apache.coyote.AbstractProtocol.destroy Destroying ProtocolHandler ["http-nio-8080"]
16-Jun-2017 12:28:03.564 INFO [main] org.apache.coyote.AbstractProtocol.destroy Destroying ProtocolHandler ["ajp-nio-8009"]
16-Jun-2017 12:32:27.859 SEVERE [main] org.apache.catalina.startup.Catalina.initDirs Cannot find specified temporary folder at /home/deadoggy/WorkSpace/java/DeliverManagementSystem/Server/Build/temp
16-Jun-2017 12:32:28.233 INFO [main] org.apache.catalina.startup.VersionLoggerListener.log Server version:        Apache Tomcat/9.0.0.M19
16-Jun-2017 12:32:28.233 INFO [main] org.apache.catalina.startup.VersionLoggerListener.log Server built:          Apr 14 2017 06:00:06 UTC
16-Jun-2017 12:32:28.234 INFO [main] org.apache.catalina.startup.VersionLoggerListener.log Server number:         9.0.0.0
16-Jun-2017 12:32:28.234 INFO [main] org.apache.catalina.startup.VersionLoggerListener.log OS Name:               Linux
16-Jun-2017 12:32:28.234 INFO [main] org.apache.catalina.startup.VersionLoggerListener.log OS Version:            4.10.0-22-generic
16-Jun-2017 12:32:28.234 INFO [main] org.apache.catalina.startup.VersionLoggerListener.log Architecture:          amd64
16-Jun-2017 12:32:28.234 INFO [main] org.apache.catalina.startup.VersionLoggerListener.log Java Home:             /usr/share/java/jdk1.8.0_131/jre
16-Jun-2017 12:32:28.234 INFO [main] org.apache.catalina.startup.VersionLoggerListener.log JVM Version:           1.8.0_131-b11
16-Jun-2017 12:32:28.234 INFO [main] org.apache.catalina.startup.VersionLoggerListener.log JVM Vendor:            Oracle Corporation
16-Jun-2017 12:32:28.234 INFO [main] org.apache.catalina.startup.VersionLoggerListener.log CATALINA_BASE:         /home/deadoggy/WorkSpace/java/DeliverManagementSystem/Server/Build
16-Jun-2017 12:32:28.234 INFO [main] org.apache.catalina.startup.VersionLoggerListener.log CATALINA_HOME:         /home/deadoggy/WorkSpace/java/DeliverManagementSystem/Server/Build
16-Jun-2017 12:32:28.235 INFO [main] org.apache.catalina.startup.VersionLoggerListener.log Command line argument: -Djava.util.logging.config.file=/home/deadoggy/WorkSpace/java/DeliverManagementSystem/Server/Build/conf/logging.properties
16-Jun-2017 12:32:28.235 INFO [main] org.apache.catalina.startup.VersionLoggerListener.log Command line argument: -Djava.util.logging.manager=org.apache.juli.ClassLoaderLogManager
16-Jun-2017 12:32:28.235 INFO [main] org.apache.catalina.startup.VersionLoggerListener.log Command line argument: -Djdk.tls.ephemeralDHKeySize=2048
16-Jun-2017 12:32:28.235 INFO [main] org.apache.catalina.startup.VersionLoggerListener.log Command line argument: -Djava.protocol.handler.pkgs=org.apache.catalina.webresources
16-Jun-2017 12:32:28.235 INFO [main] org.apache.catalina.startup.VersionLoggerListener.log Command line argument: -Dcatalina.base=/home/deadoggy/WorkSpace/java/DeliverManagementSystem/Server/Build
16-Jun-2017 12:32:28.235 INFO [main] org.apache.catalina.startup.VersionLoggerListener.log Command line argument: -Dcatalina.home=/home/deadoggy/WorkSpace/java/DeliverManagementSystem/Server/Build
16-Jun-2017 12:32:28.235 INFO [main] org.apache.catalina.startup.VersionLoggerListener.log Command line argument: -Djava.io.tmpdir=/home/deadoggy/WorkSpace/java/DeliverManagementSystem/Server/Build/temp
16-Jun-2017 12:32:28.236 INFO [main] org.apache.catalina.core.AprLifecycleListener.lifecycleEvent The APR based Apache Tomcat Native library which allows optimal performance in production environments was not found on the java.library.path: /usr/java/packages/lib/amd64:/usr/lib64:/lib64:/lib:/usr/lib
16-Jun-2017 12:32:28.351 INFO [main] org.apache.coyote.AbstractProtocol.init Initializing ProtocolHandler ["http-nio-8080"]
16-Jun-2017 12:32:28.368 INFO [main] org.apache.tomcat.util.net.NioSelectorPool.getSharedSelector Using a shared selector for servlet write/read
16-Jun-2017 12:32:28.372 INFO [main] org.apache.coyote.AbstractProtocol.init Initializing ProtocolHandler ["ajp-nio-8009"]
16-Jun-2017 12:32:28.373 INFO [main] org.apache.tomcat.util.net.NioSelectorPool.getSharedSelector Using a shared selector for servlet write/read
16-Jun-2017 12:32:28.374 INFO [main] org.apache.catalina.startup.Catalina.load Initialization processed in 515 ms
16-Jun-2017 12:32:28.394 INFO [main] org.apache.catalina.core.StandardService.startInternal Starting service Catalina
16-Jun-2017 12:32:28.395 INFO [main] org.apache.catalina.core.StandardEngine.startInternal Starting Servlet Engine: Apache Tomcat/9.0.0.M19
16-Jun-2017 12:32:30.426 INFO [main] org.apache.jasper.servlet.TldScanner.scanJars At least one JAR was scanned for TLDs yet contained no TLDs. Enable debug logging for this logger for a complete list of JARs that were scanned but no TLDs were found in them. Skipping unneeded JARs during scanning can improve startup time and JSP compilation time.
16-Jun-2017 12:32:36.223 INFO [main] org.apache.coyote.AbstractProtocol.start Starting ProtocolHandler ["http-nio-8080"]
16-Jun-2017 12:32:36.239 INFO [main] org.apache.coyote.AbstractProtocol.start Starting ProtocolHandler ["ajp-nio-8009"]
16-Jun-2017 12:32:36.254 INFO [main] org.apache.catalina.startup.Catalina.start Server startup in 7880 ms
16-Jun-2017 12:46:15.859 INFO [main] org.apache.catalina.core.StandardServer.await A valid shutdown command was received via the shutdown port. Stopping the Server instance.
16-Jun-2017 12:46:15.860 INFO [main] org.apache.coyote.AbstractProtocol.pause Pausing ProtocolHandler ["http-nio-8080"]
16-Jun-2017 12:46:15.912 INFO [main] org.apache.coyote.AbstractProtocol.pause Pausing ProtocolHandler ["ajp-nio-8009"]
16-Jun-2017 12:46:15.963 INFO [main] org.apache.catalina.core.StandardService.stopInternal Stopping service Catalina
16-Jun-2017 12:46:16.086 WARNING [main] org.apache.catalina.loader.WebappClassLoaderBase.clearReferencesJdbc The web application [ROOT] registered the JDBC driver [com.mysql.jdbc.Driver] but failed to unregister it when the web application was stopped. To prevent a memory leak, the JDBC Driver has been forcibly unregistered.
16-Jun-2017 12:46:16.093 WARNING [main] org.apache.catalina.loader.WebappClassLoaderBase.clearReferencesThreads The web application [ROOT] appears to have started a thread named [Abandoned connection cleanup thread] but has failed to stop it. This is very likely to create a memory leak. Stack trace of thread:
 java.lang.Object.wait(Native Method)
 java.lang.ref.ReferenceQueue.remove(ReferenceQueue.java:143)
 com.mysql.jdbc.AbandonedConnectionCleanupThread.run(AbandonedConnectionCleanupThread.java:43)
16-Jun-2017 12:46:16.094 WARNING [main] org.apache.catalina.loader.WebappClassLoaderBase.clearReferencesThreads The web application [ROOT] appears to have started a thread named [commons-pool-EvictionTimer] but has failed to stop it. This is very likely to create a memory leak. Stack trace of thread:
 java.lang.Object.wait(Native Method)
 java.util.TimerThread.mainLoop(Timer.java:552)
 java.util.TimerThread.run(Timer.java:505)
16-Jun-2017 12:46:16.102 INFO [main] org.apache.coyote.AbstractProtocol.stop Stopping ProtocolHandler ["http-nio-8080"]
16-Jun-2017 12:46:16.103 INFO [main] org.apache.coyote.AbstractProtocol.stop Stopping ProtocolHandler ["ajp-nio-8009"]
16-Jun-2017 12:46:16.105 INFO [main] org.apache.coyote.AbstractProtocol.destroy Destroying ProtocolHandler ["http-nio-8080"]
16-Jun-2017 12:46:16.105 INFO [main] org.apache.coyote.AbstractProtocol.destroy Destroying ProtocolHandler ["ajp-nio-8009"]
16-Jun-2017 12:54:31.612 SEVERE [main] org.apache.catalina.startup.Catalina.initDirs Cannot find specified temporary folder at /home/deadoggy/WorkSpace/java/DeliverManagementSystem/Server/Build/temp
16-Jun-2017 12:54:31.975 INFO [main] org.apache.catalina.startup.VersionLoggerListener.log Server version:        Apache Tomcat/9.0.0.M19
16-Jun-2017 12:54:31.975 INFO [main] org.apache.catalina.startup.VersionLoggerListener.log Server built:          Apr 14 2017 06:00:06 UTC
16-Jun-2017 12:54:31.975 INFO [main] org.apache.catalina.startup.VersionLoggerListener.log Server number:         9.0.0.0
16-Jun-2017 12:54:31.975 INFO [main] org.apache.catalina.startup.VersionLoggerListener.log OS Name:               Linux
16-Jun-2017 12:54:31.975 INFO [main] org.apache.catalina.startup.VersionLoggerListener.log OS Version:            4.10.0-22-generic
16-Jun-2017 12:54:31.975 INFO [main] org.apache.catalina.startup.VersionLoggerListener.log Architecture:          amd64
16-Jun-2017 12:54:31.975 INFO [main] org.apache.catalina.startup.VersionLoggerListener.log Java Home:             /usr/share/java/jdk1.8.0_131/jre
16-Jun-2017 12:54:31.976 INFO [main] org.apache.catalina.startup.VersionLoggerListener.log JVM Version:           1.8.0_131-b11
16-Jun-2017 12:54:31.976 INFO [main] org.apache.catalina.startup.VersionLoggerListener.log JVM Vendor:            Oracle Corporation
16-Jun-2017 12:54:31.976 INFO [main] org.apache.catalina.startup.VersionLoggerListener.log CATALINA_BASE:         /home/deadoggy/WorkSpace/java/DeliverManagementSystem/Server/Build
16-Jun-2017 12:54:31.976 INFO [main] org.apache.catalina.startup.VersionLoggerListener.log CATALINA_HOME:         /home/deadoggy/WorkSpace/java/DeliverManagementSystem/Server/Build
16-Jun-2017 12:54:31.976 INFO [main] org.apache.catalina.startup.VersionLoggerListener.log Command line argument: -Djava.util.logging.config.file=/home/deadoggy/WorkSpace/java/DeliverManagementSystem/Server/Build/conf/logging.properties
16-Jun-2017 12:54:31.976 INFO [main] org.apache.catalina.startup.VersionLoggerListener.log Command line argument: -Djava.util.logging.manager=org.apache.juli.ClassLoaderLogManager
16-Jun-2017 12:54:31.976 INFO [main] org.apache.catalina.startup.VersionLoggerListener.log Command line argument: -Djdk.tls.ephemeralDHKeySize=2048
16-Jun-2017 12:54:31.977 INFO [main] org.apache.catalina.startup.VersionLoggerListener.log Command line argument: -Djava.protocol.handler.pkgs=org.apache.catalina.webresources
16-Jun-2017 12:54:31.977 INFO [main] org.apache.catalina.startup.VersionLoggerListener.log Command line argument: -Dcatalina.base=/home/deadoggy/WorkSpace/java/DeliverManagementSystem/Server/Build
16-Jun-2017 12:54:31.977 INFO [main] org.apache.catalina.startup.VersionLoggerListener.log Command line argument: -Dcatalina.home=/home/deadoggy/WorkSpace/java/DeliverManagementSystem/Server/Build
16-Jun-2017 12:54:31.977 INFO [main] org.apache.catalina.startup.VersionLoggerListener.log Command line argument: -Djava.io.tmpdir=/home/deadoggy/WorkSpace/java/DeliverManagementSystem/Server/Build/temp
16-Jun-2017 12:54:31.977 INFO [main] org.apache.catalina.core.AprLifecycleListener.lifecycleEvent The APR based Apache Tomcat Native library which allows optimal performance in production environments was not found on the java.library.path: /usr/java/packages/lib/amd64:/usr/lib64:/lib64:/lib:/usr/lib
16-Jun-2017 12:54:32.099 INFO [main] org.apache.coyote.AbstractProtocol.init Initializing ProtocolHandler ["http-nio-8080"]
16-Jun-2017 12:54:32.116 INFO [main] org.apache.tomcat.util.net.NioSelectorPool.getSharedSelector Using a shared selector for servlet write/read
16-Jun-2017 12:54:32.120 INFO [main] org.apache.coyote.AbstractProtocol.init Initializing ProtocolHandler ["ajp-nio-8009"]
16-Jun-2017 12:54:32.121 INFO [main] org.apache.tomcat.util.net.NioSelectorPool.getSharedSelector Using a shared selector for servlet write/read
16-Jun-2017 12:54:32.122 INFO [main] org.apache.catalina.startup.Catalina.load Initialization processed in 510 ms
16-Jun-2017 12:54:32.144 INFO [main] org.apache.catalina.core.StandardService.startInternal Starting service Catalina
16-Jun-2017 12:54:32.145 INFO [main] org.apache.catalina.core.StandardEngine.startInternal Starting Servlet Engine: Apache Tomcat/9.0.0.M19
16-Jun-2017 12:54:32.152 INFO [main] org.apache.catalina.startup.HostConfig.deployDescriptor Deploying configuration descriptor /home/deadoggy/WorkSpace/java/DeliverManagementSystem/Server/Build/conf/Catalina/localhost/ROOT.xml
16-Jun-2017 12:54:34.129 INFO [main] org.apache.jasper.servlet.TldScanner.scanJars At least one JAR was scanned for TLDs yet contained no TLDs. Enable debug logging for this logger for a complete list of JARs that were scanned but no TLDs were found in them. Skipping unneeded JARs during scanning can improve startup time and JSP compilation time.
16-Jun-2017 12:54:39.764 INFO [main] org.apache.catalina.startup.HostConfig.deployDescriptor Deployment of configuration descriptor /home/deadoggy/WorkSpace/java/DeliverManagementSystem/Server/Build/conf/Catalina/localhost/ROOT.xml has finished in 7,612 ms
16-Jun-2017 12:54:39.767 INFO [main] org.apache.coyote.AbstractProtocol.start Starting ProtocolHandler ["http-nio-8080"]
16-Jun-2017 12:54:39.786 INFO [main] org.apache.coyote.AbstractProtocol.start Starting ProtocolHandler ["ajp-nio-8009"]
16-Jun-2017 12:54:39.801 INFO [main] org.apache.catalina.startup.Catalina.start Server startup in 7679 ms
16-Jun-2017 12:55:29.231 INFO [main] org.apache.catalina.core.StandardServer.await A valid shutdown command was received via the shutdown port. Stopping the Server instance.
16-Jun-2017 12:55:29.232 INFO [main] org.apache.coyote.AbstractProtocol.pause Pausing ProtocolHandler ["http-nio-8080"]
16-Jun-2017 12:55:29.283 INFO [main] org.apache.coyote.AbstractProtocol.pause Pausing ProtocolHandler ["ajp-nio-8009"]
16-Jun-2017 12:55:29.334 INFO [main] org.apache.catalina.core.StandardService.stopInternal Stopping service Catalina
16-Jun-2017 12:55:29.464 WARNING [main] org.apache.catalina.loader.WebappClassLoaderBase.clearReferencesJdbc The web application [ROOT] registered the JDBC driver [com.mysql.jdbc.Driver] but failed to unregister it when the web application was stopped. To prevent a memory leak, the JDBC Driver has been forcibly unregistered.
16-Jun-2017 12:55:29.465 WARNING [main] org.apache.catalina.loader.WebappClassLoaderBase.clearReferencesThreads The web application [ROOT] appears to have started a thread named [Abandoned connection cleanup thread] but has failed to stop it. This is very likely to create a memory leak. Stack trace of thread:
 java.lang.Object.wait(Native Method)
 java.lang.ref.ReferenceQueue.remove(ReferenceQueue.java:143)
 com.mysql.jdbc.AbandonedConnectionCleanupThread.run(AbandonedConnectionCleanupThread.java:43)
16-Jun-2017 12:55:29.465 WARNING [main] org.apache.catalina.loader.WebappClassLoaderBase.clearReferencesThreads The web application [ROOT] appears to have started a thread named [commons-pool-EvictionTimer] but has failed to stop it. This is very likely to create a memory leak. Stack trace of thread:
 java.lang.Object.wait(Native Method)
 java.util.TimerThread.mainLoop(Timer.java:552)
 java.util.TimerThread.run(Timer.java:505)
16-Jun-2017 12:55:29.473 INFO [main] org.apache.coyote.AbstractProtocol.stop Stopping ProtocolHandler ["http-nio-8080"]
16-Jun-2017 12:55:29.478 INFO [main] org.apache.coyote.AbstractProtocol.stop Stopping ProtocolHandler ["ajp-nio-8009"]
16-Jun-2017 12:55:29.480 INFO [main] org.apache.coyote.AbstractProtocol.destroy Destroying ProtocolHandler ["http-nio-8080"]
16-Jun-2017 12:55:29.480 INFO [main] org.apache.coyote.AbstractProtocol.destroy Destroying ProtocolHandler ["ajp-nio-8009"]
16-Jun-2017 13:05:55.683 SEVERE [main] org.apache.catalina.startup.Catalina.initDirs Cannot find specified temporary folder at /home/deadoggy/WorkSpace/java/DeliverManagementSystem/Server/Build/temp
16-Jun-2017 13:05:56.046 INFO [main] org.apache.catalina.startup.VersionLoggerListener.log Server version:        Apache Tomcat/9.0.0.M19
16-Jun-2017 13:05:56.046 INFO [main] org.apache.catalina.startup.VersionLoggerListener.log Server built:          Apr 14 2017 06:00:06 UTC
16-Jun-2017 13:05:56.046 INFO [main] org.apache.catalina.startup.VersionLoggerListener.log Server number:         9.0.0.0
16-Jun-2017 13:05:56.046 INFO [main] org.apache.catalina.startup.VersionLoggerListener.log OS Name:               Linux
16-Jun-2017 13:05:56.047 INFO [main] org.apache.catalina.startup.VersionLoggerListener.log OS Version:            4.10.0-22-generic
16-Jun-2017 13:05:56.047 INFO [main] org.apache.catalina.startup.VersionLoggerListener.log Architecture:          amd64
16-Jun-2017 13:05:56.047 INFO [main] org.apache.catalina.startup.VersionLoggerListener.log Java Home:             /usr/share/java/jdk1.8.0_131/jre
16-Jun-2017 13:05:56.047 INFO [main] org.apache.catalina.startup.VersionLoggerListener.log JVM Version:           1.8.0_131-b11
16-Jun-2017 13:05:56.047 INFO [main] org.apache.catalina.startup.VersionLoggerListener.log JVM Vendor:            Oracle Corporation
16-Jun-2017 13:05:56.047 INFO [main] org.apache.catalina.startup.VersionLoggerListener.log CATALINA_BASE:         /home/deadoggy/WorkSpace/java/DeliverManagementSystem/Server/Build
16-Jun-2017 13:05:56.047 INFO [main] org.apache.catalina.startup.VersionLoggerListener.log CATALINA_HOME:         /home/deadoggy/WorkSpace/java/DeliverManagementSystem/Server/Build
16-Jun-2017 13:05:56.047 INFO [main] org.apache.catalina.startup.VersionLoggerListener.log Command line argument: -Djava.util.logging.config.file=/home/deadoggy/WorkSpace/java/DeliverManagementSystem/Server/Build/conf/logging.properties
16-Jun-2017 13:05:56.048 INFO [main] org.apache.catalina.startup.VersionLoggerListener.log Command line argument: -Djava.util.logging.manager=org.apache.juli.ClassLoaderLogManager
16-Jun-2017 13:05:56.048 INFO [main] org.apache.catalina.startup.VersionLoggerListener.log Command line argument: -Djdk.tls.ephemeralDHKeySize=2048
16-Jun-2017 13:05:56.048 INFO [main] org.apache.catalina.startup.VersionLoggerListener.log Command line argument: -Djava.protocol.handler.pkgs=org.apache.catalina.webresources
16-Jun-2017 13:05:56.048 INFO [main] org.apache.catalina.startup.VersionLoggerListener.log Command line argument: -Dcatalina.base=/home/deadoggy/WorkSpace/java/DeliverManagementSystem/Server/Build
16-Jun-2017 13:05:56.048 INFO [main] org.apache.catalina.startup.VersionLoggerListener.log Command line argument: -Dcatalina.home=/home/deadoggy/WorkSpace/java/DeliverManagementSystem/Server/Build
16-Jun-2017 13:05:56.048 INFO [main] org.apache.catalina.startup.VersionLoggerListener.log Command line argument: -Djava.io.tmpdir=/home/deadoggy/WorkSpace/java/DeliverManagementSystem/Server/Build/temp
16-Jun-2017 13:05:56.048 INFO [main] org.apache.catalina.core.AprLifecycleListener.lifecycleEvent The APR based Apache Tomcat Native library which allows optimal performance in production environments was not found on the java.library.path: /usr/java/packages/lib/amd64:/usr/lib64:/lib64:/lib:/usr/lib
16-Jun-2017 13:05:56.175 INFO [main] org.apache.coyote.AbstractProtocol.init Initializing ProtocolHandler ["http-nio-8080"]
16-Jun-2017 13:05:56.192 INFO [main] org.apache.tomcat.util.net.NioSelectorPool.getSharedSelector Using a shared selector for servlet write/read
16-Jun-2017 13:05:56.194 INFO [main] org.apache.coyote.AbstractProtocol.init Initializing ProtocolHandler ["ajp-nio-8009"]
16-Jun-2017 13:05:56.196 INFO [main] org.apache.tomcat.util.net.NioSelectorPool.getSharedSelector Using a shared selector for servlet write/read
16-Jun-2017 13:05:56.196 INFO [main] org.apache.catalina.startup.Catalina.load Initialization processed in 514 ms
16-Jun-2017 13:05:56.220 INFO [main] org.apache.catalina.core.StandardService.startInternal Starting service Catalina
16-Jun-2017 13:05:56.220 INFO [main] org.apache.catalina.core.StandardEngine.startInternal Starting Servlet Engine: Apache Tomcat/9.0.0.M19
16-Jun-2017 13:05:56.227 INFO [main] org.apache.catalina.startup.HostConfig.deployDescriptor Deploying configuration descriptor /home/deadoggy/WorkSpace/java/DeliverManagementSystem/Server/Build/conf/Catalina/localhost/ROOT.xml
16-Jun-2017 13:05:58.270 INFO [main] org.apache.jasper.servlet.TldScanner.scanJars At least one JAR was scanned for TLDs yet contained no TLDs. Enable debug logging for this logger for a complete list of JARs that were scanned but no TLDs were found in them. Skipping unneeded JARs during scanning can improve startup time and JSP compilation time.
16-Jun-2017 13:06:05.387 INFO [main] org.apache.catalina.startup.HostConfig.deployDescriptor Deployment of configuration descriptor /home/deadoggy/WorkSpace/java/DeliverManagementSystem/Server/Build/conf/Catalina/localhost/ROOT.xml has finished in 9,160 ms
16-Jun-2017 13:06:05.390 INFO [main] org.apache.coyote.AbstractProtocol.start Starting ProtocolHandler ["http-nio-8080"]
16-Jun-2017 13:06:05.406 INFO [main] org.apache.coyote.AbstractProtocol.start Starting ProtocolHandler ["ajp-nio-8009"]
16-Jun-2017 13:06:05.418 INFO [main] org.apache.catalina.startup.Catalina.start Server startup in 9221 ms
16-Jun-2017 13:07:58.353 INFO [main] org.apache.catalina.core.StandardServer.await A valid shutdown command was received via the shutdown port. Stopping the Server instance.
16-Jun-2017 13:07:58.354 INFO [main] org.apache.coyote.AbstractProtocol.pause Pausing ProtocolHandler ["http-nio-8080"]
16-Jun-2017 13:07:58.407 INFO [main] org.apache.coyote.AbstractProtocol.pause Pausing ProtocolHandler ["ajp-nio-8009"]
16-Jun-2017 13:07:58.457 INFO [main] org.apache.catalina.core.StandardService.stopInternal Stopping service Catalina
16-Jun-2017 13:07:58.526 WARNING [main] org.apache.catalina.loader.WebappClassLoaderBase.clearReferencesJdbc The web application [ROOT] registered the JDBC driver [com.mysql.jdbc.Driver] but failed to unregister it when the web application was stopped. To prevent a memory leak, the JDBC Driver has been forcibly unregistered.
16-Jun-2017 13:07:58.526 WARNING [main] org.apache.catalina.loader.WebappClassLoaderBase.clearReferencesThreads The web application [ROOT] appears to have started a thread named [Abandoned connection cleanup thread] but has failed to stop it. This is very likely to create a memory leak. Stack trace of thread:
 java.lang.Object.wait(Native Method)
 java.lang.ref.ReferenceQueue.remove(ReferenceQueue.java:143)
 com.mysql.jdbc.AbandonedConnectionCleanupThread.run(AbandonedConnectionCleanupThread.java:43)
16-Jun-2017 13:07:58.527 WARNING [main] org.apache.catalina.loader.WebappClassLoaderBase.clearReferencesThreads The web application [ROOT] appears to have started a thread named [commons-pool-EvictionTimer] but has failed to stop it. This is very likely to create a memory leak. Stack trace of thread:
 java.lang.Object.wait(Native Method)
 java.util.TimerThread.mainLoop(Timer.java:552)
 java.util.TimerThread.run(Timer.java:505)
16-Jun-2017 13:07:58.531 INFO [main] org.apache.coyote.AbstractProtocol.stop Stopping ProtocolHandler ["http-nio-8080"]
16-Jun-2017 13:07:58.532 INFO [main] org.apache.coyote.AbstractProtocol.stop Stopping ProtocolHandler ["ajp-nio-8009"]
16-Jun-2017 13:07:58.534 INFO [main] org.apache.coyote.AbstractProtocol.destroy Destroying ProtocolHandler ["http-nio-8080"]
16-Jun-2017 13:07:58.534 INFO [main] org.apache.coyote.AbstractProtocol.destroy Destroying ProtocolHandler ["ajp-nio-8009"]
16-Jun-2017 13:08:54.745 SEVERE [main] org.apache.catalina.startup.Catalina.initDirs Cannot find specified temporary folder at /home/deadoggy/WorkSpace/java/DeliverManagementSystem/Server/Build/temp
16-Jun-2017 13:08:55.108 INFO [main] org.apache.catalina.startup.VersionLoggerListener.log Server version:        Apache Tomcat/9.0.0.M19
16-Jun-2017 13:08:55.109 INFO [main] org.apache.catalina.startup.VersionLoggerListener.log Server built:          Apr 14 2017 06:00:06 UTC
16-Jun-2017 13:08:55.109 INFO [main] org.apache.catalina.startup.VersionLoggerListener.log Server number:         9.0.0.0
16-Jun-2017 13:08:55.109 INFO [main] org.apache.catalina.startup.VersionLoggerListener.log OS Name:               Linux
16-Jun-2017 13:08:55.110 INFO [main] org.apache.catalina.startup.VersionLoggerListener.log OS Version:            4.10.0-22-generic
16-Jun-2017 13:08:55.110 INFO [main] org.apache.catalina.startup.VersionLoggerListener.log Architecture:          amd64
16-Jun-2017 13:08:55.110 INFO [main] org.apache.catalina.startup.VersionLoggerListener.log Java Home:             /usr/share/java/jdk1.8.0_131/jre
16-Jun-2017 13:08:55.110 INFO [main] org.apache.catalina.startup.VersionLoggerListener.log JVM Version:           1.8.0_131-b11
16-Jun-2017 13:08:55.110 INFO [main] org.apache.catalina.startup.VersionLoggerListener.log JVM Vendor:            Oracle Corporation
16-Jun-2017 13:08:55.111 INFO [main] org.apache.catalina.startup.VersionLoggerListener.log CATALINA_BASE:         /home/deadoggy/WorkSpace/java/DeliverManagementSystem/Server/Build
16-Jun-2017 13:08:55.111 INFO [main] org.apache.catalina.startup.VersionLoggerListener.log CATALINA_HOME:         /home/deadoggy/WorkSpace/java/DeliverManagementSystem/Server/Build
16-Jun-2017 13:08:55.111 INFO [main] org.apache.catalina.startup.VersionLoggerListener.log Command line argument: -Djava.util.logging.config.file=/home/deadoggy/WorkSpace/java/DeliverManagementSystem/Server/Build/conf/logging.properties
16-Jun-2017 13:08:55.111 INFO [main] org.apache.catalina.startup.VersionLoggerListener.log Command line argument: -Djava.util.logging.manager=org.apache.juli.ClassLoaderLogManager
16-Jun-2017 13:08:55.111 INFO [main] org.apache.catalina.startup.VersionLoggerListener.log Command line argument: -Djdk.tls.ephemeralDHKeySize=2048
16-Jun-2017 13:08:55.111 INFO [main] org.apache.catalina.startup.VersionLoggerListener.log Command line argument: -Djava.protocol.handler.pkgs=org.apache.catalina.webresources
16-Jun-2017 13:08:55.111 INFO [main] org.apache.catalina.startup.VersionLoggerListener.log Command line argument: -Dcatalina.base=/home/deadoggy/WorkSpace/java/DeliverManagementSystem/Server/Build
16-Jun-2017 13:08:55.112 INFO [main] org.apache.catalina.startup.VersionLoggerListener.log Command line argument: -Dcatalina.home=/home/deadoggy/WorkSpace/java/DeliverManagementSystem/Server/Build
16-Jun-2017 13:08:55.112 INFO [main] org.apache.catalina.startup.VersionLoggerListener.log Command line argument: -Djava.io.tmpdir=/home/deadoggy/WorkSpace/java/DeliverManagementSystem/Server/Build/temp
16-Jun-2017 13:08:55.112 INFO [main] org.apache.catalina.core.AprLifecycleListener.lifecycleEvent The APR based Apache Tomcat Native library which allows optimal performance in production environments was not found on the java.library.path: /usr/java/packages/lib/amd64:/usr/lib64:/lib64:/lib:/usr/lib
16-Jun-2017 13:08:55.232 INFO [main] org.apache.coyote.AbstractProtocol.init Initializing ProtocolHandler ["http-nio-8080"]
16-Jun-2017 13:08:55.245 INFO [main] org.apache.tomcat.util.net.NioSelectorPool.getSharedSelector Using a shared selector for servlet write/read
16-Jun-2017 13:08:55.247 INFO [main] org.apache.coyote.AbstractProtocol.init Initializing ProtocolHandler ["ajp-nio-8009"]
16-Jun-2017 13:08:55.248 INFO [main] org.apache.tomcat.util.net.NioSelectorPool.getSharedSelector Using a shared selector for servlet write/read
16-Jun-2017 13:08:55.250 INFO [main] org.apache.catalina.startup.Catalina.load Initialization processed in 505 ms
16-Jun-2017 13:08:55.275 INFO [main] org.apache.catalina.core.StandardService.startInternal Starting service Catalina
16-Jun-2017 13:08:55.275 INFO [main] org.apache.catalina.core.StandardEngine.startInternal Starting Servlet Engine: Apache Tomcat/9.0.0.M19
16-Jun-2017 13:08:55.282 INFO [main] org.apache.catalina.startup.HostConfig.deployDescriptor Deploying configuration descriptor /home/deadoggy/WorkSpace/java/DeliverManagementSystem/Server/Build/conf/Catalina/localhost/ROOT.xml
16-Jun-2017 13:08:57.244 INFO [main] org.apache.jasper.servlet.TldScanner.scanJars At least one JAR was scanned for TLDs yet contained no TLDs. Enable debug logging for this logger for a complete list of JARs that were scanned but no TLDs were found in them. Skipping unneeded JARs during scanning can improve startup time and JSP compilation time.
16-Jun-2017 13:09:03.915 INFO [main] org.apache.catalina.startup.HostConfig.deployDescriptor Deployment of configuration descriptor /home/deadoggy/WorkSpace/java/DeliverManagementSystem/Server/Build/conf/Catalina/localhost/ROOT.xml has finished in 8,632 ms
16-Jun-2017 13:09:03.918 INFO [main] org.apache.coyote.AbstractProtocol.start Starting ProtocolHandler ["http-nio-8080"]
16-Jun-2017 13:09:03.929 INFO [main] org.apache.coyote.AbstractProtocol.start Starting ProtocolHandler ["ajp-nio-8009"]
16-Jun-2017 13:09:03.934 INFO [main] org.apache.catalina.startup.Catalina.start Server startup in 8683 ms
16-Jun-2017 13:23:19.477 INFO [main] org.apache.catalina.core.StandardServer.await A valid shutdown command was received via the shutdown port. Stopping the Server instance.
16-Jun-2017 13:23:19.478 INFO [main] org.apache.coyote.AbstractProtocol.pause Pausing ProtocolHandler ["http-nio-8080"]
16-Jun-2017 13:23:19.529 INFO [main] org.apache.coyote.AbstractProtocol.pause Pausing ProtocolHandler ["ajp-nio-8009"]
16-Jun-2017 13:23:19.582 INFO [main] org.apache.catalina.core.StandardService.stopInternal Stopping service Catalina
16-Jun-2017 13:23:19.647 WARNING [main] org.apache.catalina.loader.WebappClassLoaderBase.clearReferencesJdbc The web application [ROOT] registered the JDBC driver [com.mysql.jdbc.Driver] but failed to unregister it when the web application was stopped. To prevent a memory leak, the JDBC Driver has been forcibly unregistered.
16-Jun-2017 13:23:19.648 WARNING [main] org.apache.catalina.loader.WebappClassLoaderBase.clearReferencesThreads The web application [ROOT] appears to have started a thread named [Abandoned connection cleanup thread] but has failed to stop it. This is very likely to create a memory leak. Stack trace of thread:
 java.lang.Object.wait(Native Method)
 java.lang.ref.ReferenceQueue.remove(ReferenceQueue.java:143)
 com.mysql.jdbc.AbandonedConnectionCleanupThread.run(AbandonedConnectionCleanupThread.java:43)
16-Jun-2017 13:23:19.648 WARNING [main] org.apache.catalina.loader.WebappClassLoaderBase.clearReferencesThreads The web application [ROOT] appears to have started a thread named [commons-pool-EvictionTimer] but has failed to stop it. This is very likely to create a memory leak. Stack trace of thread:
 java.lang.Object.wait(Native Method)
 java.util.TimerThread.mainLoop(Timer.java:552)
 java.util.TimerThread.run(Timer.java:505)
16-Jun-2017 13:23:19.652 INFO [main] org.apache.coyote.AbstractProtocol.stop Stopping ProtocolHandler ["http-nio-8080"]
16-Jun-2017 13:23:19.653 INFO [main] org.apache.coyote.AbstractProtocol.stop Stopping ProtocolHandler ["ajp-nio-8009"]
16-Jun-2017 13:23:19.655 INFO [main] org.apache.coyote.AbstractProtocol.destroy Destroying ProtocolHandler ["http-nio-8080"]
16-Jun-2017 13:23:19.655 INFO [main] org.apache.coyote.AbstractProtocol.destroy Destroying ProtocolHandler ["ajp-nio-8009"]
16-Jun-2017 13:32:14.300 SEVERE [main] org.apache.catalina.startup.Catalina.initDirs Cannot find specified temporary folder at /home/deadoggy/WorkSpace/java/DeliverManagementSystem/Server/Build/temp
16-Jun-2017 13:32:14.668 INFO [main] org.apache.catalina.startup.VersionLoggerListener.log Server version:        Apache Tomcat/9.0.0.M19
16-Jun-2017 13:32:14.668 INFO [main] org.apache.catalina.startup.VersionLoggerListener.log Server built:          Apr 14 2017 06:00:06 UTC
16-Jun-2017 13:32:14.668 INFO [main] org.apache.catalina.startup.VersionLoggerListener.log Server number:         9.0.0.0
16-Jun-2017 13:32:14.669 INFO [main] org.apache.catalina.startup.VersionLoggerListener.log OS Name:               Linux
16-Jun-2017 13:32:14.669 INFO [main] org.apache.catalina.startup.VersionLoggerListener.log OS Version:            4.10.0-22-generic
16-Jun-2017 13:32:14.669 INFO [main] org.apache.catalina.startup.VersionLoggerListener.log Architecture:          amd64
16-Jun-2017 13:32:14.669 INFO [main] org.apache.catalina.startup.VersionLoggerListener.log Java Home:             /usr/share/java/jdk1.8.0_131/jre
16-Jun-2017 13:32:14.669 INFO [main] org.apache.catalina.startup.VersionLoggerListener.log JVM Version:           1.8.0_131-b11
16-Jun-2017 13:32:14.669 INFO [main] org.apache.catalina.startup.VersionLoggerListener.log JVM Vendor:            Oracle Corporation
16-Jun-2017 13:32:14.669 INFO [main] org.apache.catalina.startup.VersionLoggerListener.log CATALINA_BASE:         /home/deadoggy/WorkSpace/java/DeliverManagementSystem/Server/Build
16-Jun-2017 13:32:14.669 INFO [main] org.apache.catalina.startup.VersionLoggerListener.log CATALINA_HOME:         /home/deadoggy/WorkSpace/java/DeliverManagementSystem/Server/Build
16-Jun-2017 13:32:14.670 INFO [main] org.apache.catalina.startup.VersionLoggerListener.log Command line argument: -Djava.util.logging.config.file=/home/deadoggy/WorkSpace/java/DeliverManagementSystem/Server/Build/conf/logging.properties
16-Jun-2017 13:32:14.670 INFO [main] org.apache.catalina.startup.VersionLoggerListener.log Command line argument: -Djava.util.logging.manager=org.apache.juli.ClassLoaderLogManager
16-Jun-2017 13:32:14.670 INFO [main] org.apache.catalina.startup.VersionLoggerListener.log Command line argument: -Djdk.tls.ephemeralDHKeySize=2048
16-Jun-2017 13:32:14.670 INFO [main] org.apache.catalina.startup.VersionLoggerListener.log Command line argument: -Djava.protocol.handler.pkgs=org.apache.catalina.webresources
16-Jun-2017 13:32:14.670 INFO [main] org.apache.catalina.startup.VersionLoggerListener.log Command line argument: -Dcatalina.base=/home/deadoggy/WorkSpace/java/DeliverManagementSystem/Server/Build
16-Jun-2017 13:32:14.670 INFO [main] org.apache.catalina.startup.VersionLoggerListener.log Command line argument: -Dcatalina.home=/home/deadoggy/WorkSpace/java/DeliverManagementSystem/Server/Build
16-Jun-2017 13:32:14.670 INFO [main] org.apache.catalina.startup.VersionLoggerListener.log Command line argument: -Djava.io.tmpdir=/home/deadoggy/WorkSpace/java/DeliverManagementSystem/Server/Build/temp
16-Jun-2017 13:32:14.671 INFO [main] org.apache.catalina.core.AprLifecycleListener.lifecycleEvent The APR based Apache Tomcat Native library which allows optimal performance in production environments was not found on the java.library.path: /usr/java/packages/lib/amd64:/usr/lib64:/lib64:/lib:/usr/lib
16-Jun-2017 13:32:14.786 INFO [main] org.apache.coyote.AbstractProtocol.init Initializing ProtocolHandler ["http-nio-8080"]
16-Jun-2017 13:32:14.801 INFO [main] org.apache.tomcat.util.net.NioSelectorPool.getSharedSelector Using a shared selector for servlet write/read
16-Jun-2017 13:32:14.804 INFO [main] org.apache.coyote.AbstractProtocol.init Initializing ProtocolHandler ["ajp-nio-8009"]
16-Jun-2017 13:32:14.805 INFO [main] org.apache.tomcat.util.net.NioSelectorPool.getSharedSelector Using a shared selector for servlet write/read
16-Jun-2017 13:32:14.806 INFO [main] org.apache.catalina.startup.Catalina.load Initialization processed in 507 ms
16-Jun-2017 13:32:14.828 INFO [main] org.apache.catalina.core.StandardService.startInternal Starting service Catalina
16-Jun-2017 13:32:14.828 INFO [main] org.apache.catalina.core.StandardEngine.startInternal Starting Servlet Engine: Apache Tomcat/9.0.0.M19
16-Jun-2017 13:32:14.836 INFO [main] org.apache.catalina.startup.HostConfig.deployDescriptor Deploying configuration descriptor /home/deadoggy/WorkSpace/java/DeliverManagementSystem/Server/Build/conf/Catalina/localhost/ROOT.xml
16-Jun-2017 13:32:16.834 INFO [main] org.apache.jasper.servlet.TldScanner.scanJars At least one JAR was scanned for TLDs yet contained no TLDs. Enable debug logging for this logger for a complete list of JARs that were scanned but no TLDs were found in them. Skipping unneeded JARs during scanning can improve startup time and JSP compilation time.
16-Jun-2017 13:32:23.689 INFO [main] org.apache.catalina.startup.HostConfig.deployDescriptor Deployment of configuration descriptor /home/deadoggy/WorkSpace/java/DeliverManagementSystem/Server/Build/conf/Catalina/localhost/ROOT.xml has finished in 8,852 ms
16-Jun-2017 13:32:23.692 INFO [main] org.apache.coyote.AbstractProtocol.start Starting ProtocolHandler ["http-nio-8080"]
16-Jun-2017 13:32:23.702 INFO [main] org.apache.coyote.AbstractProtocol.start Starting ProtocolHandler ["ajp-nio-8009"]
16-Jun-2017 13:32:23.715 INFO [main] org.apache.catalina.startup.Catalina.start Server startup in 8908 ms
16-Jun-2017 13:32:47.301 INFO [main] org.apache.catalina.core.StandardServer.await A valid shutdown command was received via the shutdown port. Stopping the Server instance.
16-Jun-2017 13:32:47.301 INFO [main] org.apache.coyote.AbstractProtocol.pause Pausing ProtocolHandler ["http-nio-8080"]
16-Jun-2017 13:32:47.353 INFO [main] org.apache.coyote.AbstractProtocol.pause Pausing ProtocolHandler ["ajp-nio-8009"]
16-Jun-2017 13:32:47.406 INFO [main] org.apache.catalina.core.StandardService.stopInternal Stopping service Catalina
16-Jun-2017 13:32:47.531 WARNING [main] org.apache.catalina.loader.WebappClassLoaderBase.clearReferencesJdbc The web application [ROOT] registered the JDBC driver [com.mysql.jdbc.Driver] but failed to unregister it when the web application was stopped. To prevent a memory leak, the JDBC Driver has been forcibly unregistered.
16-Jun-2017 13:32:47.534 WARNING [main] org.apache.catalina.loader.WebappClassLoaderBase.clearReferencesThreads The web application [ROOT] appears to have started a thread named [Abandoned connection cleanup thread] but has failed to stop it. This is very likely to create a memory leak. Stack trace of thread:
 java.lang.Object.wait(Native Method)
 java.lang.ref.ReferenceQueue.remove(ReferenceQueue.java:143)
 com.mysql.jdbc.AbandonedConnectionCleanupThread.run(AbandonedConnectionCleanupThread.java:43)
16-Jun-2017 13:32:47.535 WARNING [main] org.apache.catalina.loader.WebappClassLoaderBase.clearReferencesThreads The web application [ROOT] appears to have started a thread named [commons-pool-EvictionTimer] but has failed to stop it. This is very likely to create a memory leak. Stack trace of thread:
 java.lang.Object.wait(Native Method)
 java.util.TimerThread.mainLoop(Timer.java:552)
 java.util.TimerThread.run(Timer.java:505)
16-Jun-2017 13:32:47.540 INFO [main] org.apache.coyote.AbstractProtocol.stop Stopping ProtocolHandler ["http-nio-8080"]
16-Jun-2017 13:32:47.542 INFO [main] org.apache.coyote.AbstractProtocol.stop Stopping ProtocolHandler ["ajp-nio-8009"]
16-Jun-2017 13:32:47.543 INFO [main] org.apache.coyote.AbstractProtocol.destroy Destroying ProtocolHandler ["http-nio-8080"]
16-Jun-2017 13:32:47.544 INFO [main] org.apache.coyote.AbstractProtocol.destroy Destroying ProtocolHandler ["ajp-nio-8009"]
16-Jun-2017 13:33:08.202 SEVERE [main] org.apache.catalina.startup.Catalina.initDirs Cannot find specified temporary folder at /home/deadoggy/WorkSpace/java/DeliverManagementSystem/Server/Build/temp
16-Jun-2017 13:33:08.559 INFO [main] org.apache.catalina.startup.VersionLoggerListener.log Server version:        Apache Tomcat/9.0.0.M19
16-Jun-2017 13:33:08.559 INFO [main] org.apache.catalina.startup.VersionLoggerListener.log Server built:          Apr 14 2017 06:00:06 UTC
16-Jun-2017 13:33:08.559 INFO [main] org.apache.catalina.startup.VersionLoggerListener.log Server number:         9.0.0.0
16-Jun-2017 13:33:08.560 INFO [main] org.apache.catalina.startup.VersionLoggerListener.log OS Name:               Linux
16-Jun-2017 13:33:08.560 INFO [main] org.apache.catalina.startup.VersionLoggerListener.log OS Version:            4.10.0-22-generic
16-Jun-2017 13:33:08.560 INFO [main] org.apache.catalina.startup.VersionLoggerListener.log Architecture:          amd64
16-Jun-2017 13:33:08.560 INFO [main] org.apache.catalina.startup.VersionLoggerListener.log Java Home:             /usr/share/java/jdk1.8.0_131/jre
16-Jun-2017 13:33:08.560 INFO [main] org.apache.catalina.startup.VersionLoggerListener.log JVM Version:           1.8.0_131-b11
16-Jun-2017 13:33:08.560 INFO [main] org.apache.catalina.startup.VersionLoggerListener.log JVM Vendor:            Oracle Corporation
16-Jun-2017 13:33:08.560 INFO [main] org.apache.catalina.startup.VersionLoggerListener.log CATALINA_BASE:         /home/deadoggy/WorkSpace/java/DeliverManagementSystem/Server/Build
16-Jun-2017 13:33:08.560 INFO [main] org.apache.catalina.startup.VersionLoggerListener.log CATALINA_HOME:         /home/deadoggy/WorkSpace/java/DeliverManagementSystem/Server/Build
16-Jun-2017 13:33:08.561 INFO [main] org.apache.catalina.startup.VersionLoggerListener.log Command line argument: -Djava.util.logging.config.file=/home/deadoggy/WorkSpace/java/DeliverManagementSystem/Server/Build/conf/logging.properties
16-Jun-2017 13:33:08.561 INFO [main] org.apache.catalina.startup.VersionLoggerListener.log Command line argument: -Djava.util.logging.manager=org.apache.juli.ClassLoaderLogManager
16-Jun-2017 13:33:08.561 INFO [main] org.apache.catalina.startup.VersionLoggerListener.log Command line argument: -Djdk.tls.ephemeralDHKeySize=2048
16-Jun-2017 13:33:08.561 INFO [main] org.apache.catalina.startup.VersionLoggerListener.log Command line argument: -Djava.protocol.handler.pkgs=org.apache.catalina.webresources
16-Jun-2017 13:33:08.561 INFO [main] org.apache.catalina.startup.VersionLoggerListener.log Command line argument: -Dcatalina.base=/home/deadoggy/WorkSpace/java/DeliverManagementSystem/Server/Build
16-Jun-2017 13:33:08.561 INFO [main] org.apache.catalina.startup.VersionLoggerListener.log Command line argument: -Dcatalina.home=/home/deadoggy/WorkSpace/java/DeliverManagementSystem/Server/Build
16-Jun-2017 13:33:08.561 INFO [main] org.apache.catalina.startup.VersionLoggerListener.log Command line argument: -Djava.io.tmpdir=/home/deadoggy/WorkSpace/java/DeliverManagementSystem/Server/Build/temp
16-Jun-2017 13:33:08.561 INFO [main] org.apache.catalina.core.AprLifecycleListener.lifecycleEvent The APR based Apache Tomcat Native library which allows optimal performance in production environments was not found on the java.library.path: /usr/java/packages/lib/amd64:/usr/lib64:/lib64:/lib:/usr/lib
16-Jun-2017 13:33:08.683 INFO [main] org.apache.coyote.AbstractProtocol.init Initializing ProtocolHandler ["http-nio-8080"]
16-Jun-2017 13:33:08.699 INFO [main] org.apache.tomcat.util.net.NioSelectorPool.getSharedSelector Using a shared selector for servlet write/read
16-Jun-2017 13:33:08.701 INFO [main] org.apache.coyote.AbstractProtocol.init Initializing ProtocolHandler ["ajp-nio-8009"]
16-Jun-2017 13:33:08.702 INFO [main] org.apache.tomcat.util.net.NioSelectorPool.getSharedSelector Using a shared selector for servlet write/read
16-Jun-2017 13:33:08.702 INFO [main] org.apache.catalina.startup.Catalina.load Initialization processed in 501 ms
16-Jun-2017 13:33:08.722 INFO [main] org.apache.catalina.core.StandardService.startInternal Starting service Catalina
16-Jun-2017 13:33:08.722 INFO [main] org.apache.catalina.core.StandardEngine.startInternal Starting Servlet Engine: Apache Tomcat/9.0.0.M19
16-Jun-2017 13:33:08.727 INFO [main] org.apache.catalina.startup.HostConfig.deployDescriptor Deploying configuration descriptor /home/deadoggy/WorkSpace/java/DeliverManagementSystem/Server/Build/conf/Catalina/localhost/ROOT.xml
16-Jun-2017 13:33:10.702 INFO [main] org.apache.jasper.servlet.TldScanner.scanJars At least one JAR was scanned for TLDs yet contained no TLDs. Enable debug logging for this logger for a complete list of JARs that were scanned but no TLDs were found in them. Skipping unneeded JARs during scanning can improve startup time and JSP compilation time.
16-Jun-2017 13:33:16.530 INFO [main] org.apache.catalina.startup.HostConfig.deployDescriptor Deployment of configuration descriptor /home/deadoggy/WorkSpace/java/DeliverManagementSystem/Server/Build/conf/Catalina/localhost/ROOT.xml has finished in 7,803 ms
16-Jun-2017 13:33:16.533 INFO [main] org.apache.coyote.AbstractProtocol.start Starting ProtocolHandler ["http-nio-8080"]
16-Jun-2017 13:33:16.548 INFO [main] org.apache.coyote.AbstractProtocol.start Starting ProtocolHandler ["ajp-nio-8009"]
16-Jun-2017 13:33:16.558 INFO [main] org.apache.catalina.startup.Catalina.start Server startup in 7855 ms
16-Jun-2017 13:36:25.236 WARNING [main] org.apache.catalina.core.StandardServer.await StandardServer.await: Invalid command '' received
16-Jun-2017 13:37:44.671 WARNING [main] org.apache.catalina.core.StandardServer.await StandardServer.await: Invalid command '' received
16-Jun-2017 13:38:32.178 INFO [main] org.apache.catalina.core.StandardServer.await A valid shutdown command was received via the shutdown port. Stopping the Server instance.
16-Jun-2017 13:38:32.179 INFO [main] org.apache.coyote.AbstractProtocol.pause Pausing ProtocolHandler ["http-nio-8080"]
16-Jun-2017 13:38:32.230 INFO [main] org.apache.coyote.AbstractProtocol.pause Pausing ProtocolHandler ["ajp-nio-8009"]
16-Jun-2017 13:38:32.282 INFO [main] org.apache.catalina.core.StandardService.stopInternal Stopping service Catalina
16-Jun-2017 13:38:32.403 WARNING [main] org.apache.catalina.loader.WebappClassLoaderBase.clearReferencesJdbc The web application [ROOT] registered the JDBC driver [com.mysql.jdbc.Driver] but failed to unregister it when the web application was stopped. To prevent a memory leak, the JDBC Driver has been forcibly unregistered.
16-Jun-2017 13:38:32.404 WARNING [main] org.apache.catalina.loader.WebappClassLoaderBase.clearReferencesThreads The web application [ROOT] appears to have started a thread named [Abandoned connection cleanup thread] but has failed to stop it. This is very likely to create a memory leak. Stack trace of thread:
 java.lang.Object.wait(Native Method)
 java.lang.ref.ReferenceQueue.remove(ReferenceQueue.java:143)
 com.mysql.jdbc.AbandonedConnectionCleanupThread.run(AbandonedConnectionCleanupThread.java:43)
16-Jun-2017 13:38:32.405 WARNING [main] org.apache.catalina.loader.WebappClassLoaderBase.clearReferencesThreads The web application [ROOT] appears to have started a thread named [commons-pool-EvictionTimer] but has failed to stop it. This is very likely to create a memory leak. Stack trace of thread:
 java.lang.Object.wait(Native Method)
 java.util.TimerThread.mainLoop(Timer.java:552)
 java.util.TimerThread.run(Timer.java:505)
16-Jun-2017 13:38:32.415 INFO [main] org.apache.coyote.AbstractProtocol.stop Stopping ProtocolHandler ["http-nio-8080"]
16-Jun-2017 13:38:32.418 INFO [main] org.apache.coyote.AbstractProtocol.stop Stopping ProtocolHandler ["ajp-nio-8009"]
16-Jun-2017 13:38:32.421 INFO [main] org.apache.coyote.AbstractProtocol.destroy Destroying ProtocolHandler ["http-nio-8080"]
16-Jun-2017 13:38:32.422 INFO [main] org.apache.coyote.AbstractProtocol.destroy Destroying ProtocolHandler ["ajp-nio-8009"]
