17-Apr-2017 15:23:45.022 SEVERE [main] org.apache.catalina.startup.Catalina.initDirs Cannot find specified temporary folder at /home/deadoggy/WorkSpace/java/DeliverManagementSystem/Server/Build/temp
17-Apr-2017 15:23:45.498 INFO [main] org.apache.catalina.startup.VersionLoggerListener.log Server version:        Apache Tomcat/9.0.0.M19
17-Apr-2017 15:23:45.498 INFO [main] org.apache.catalina.startup.VersionLoggerListener.log Server built:          Apr 14 2017 06:00:06 UTC
17-Apr-2017 15:23:45.498 INFO [main] org.apache.catalina.startup.VersionLoggerListener.log Server number:         9.0.0.0
17-Apr-2017 15:23:45.498 INFO [main] org.apache.catalina.startup.VersionLoggerListener.log OS Name:               Linux
17-Apr-2017 15:23:45.499 INFO [main] org.apache.catalina.startup.VersionLoggerListener.log OS Version:            4.4.0-72-generic
17-Apr-2017 15:23:45.499 INFO [main] org.apache.catalina.startup.VersionLoggerListener.log Architecture:          amd64
17-Apr-2017 15:23:45.499 INFO [main] org.apache.catalina.startup.VersionLoggerListener.log Java Home:             /var/lib/java/jdk1.8.0_121/jre
17-Apr-2017 15:23:45.499 INFO [main] org.apache.catalina.startup.VersionLoggerListener.log JVM Version:           1.8.0_121-b13
17-Apr-2017 15:23:45.499 INFO [main] org.apache.catalina.startup.VersionLoggerListener.log JVM Vendor:            Oracle Corporation
17-Apr-2017 15:23:45.499 INFO [main] org.apache.catalina.startup.VersionLoggerListener.log CATALINA_BASE:         /home/deadoggy/WorkSpace/java/DeliverManagementSystem/Server/Build
17-Apr-2017 15:23:45.499 INFO [main] org.apache.catalina.startup.VersionLoggerListener.log CATALINA_HOME:         /home/deadoggy/WorkSpace/java/DeliverManagementSystem/Server/Build
17-Apr-2017 15:23:45.499 INFO [main] org.apache.catalina.startup.VersionLoggerListener.log Command line argument: -Djava.util.logging.config.file=/home/deadoggy/WorkSpace/java/DeliverManagementSystem/Server/Build/conf/logging.properties
17-Apr-2017 15:23:45.500 INFO [main] org.apache.catalina.startup.VersionLoggerListener.log Command line argument: -Djava.util.logging.manager=org.apache.juli.ClassLoaderLogManager
17-Apr-2017 15:23:45.500 INFO [main] org.apache.catalina.startup.VersionLoggerListener.log Command line argument: -Djdk.tls.ephemeralDHKeySize=2048
17-Apr-2017 15:23:45.500 INFO [main] org.apache.catalina.startup.VersionLoggerListener.log Command line argument: -Djava.protocol.handler.pkgs=org.apache.catalina.webresources
17-Apr-2017 15:23:45.500 INFO [main] org.apache.catalina.startup.VersionLoggerListener.log Command line argument: -Dcatalina.base=/home/deadoggy/WorkSpace/java/DeliverManagementSystem/Server/Build
17-Apr-2017 15:23:45.500 INFO [main] org.apache.catalina.startup.VersionLoggerListener.log Command line argument: -Dcatalina.home=/home/deadoggy/WorkSpace/java/DeliverManagementSystem/Server/Build
17-Apr-2017 15:23:45.500 INFO [main] org.apache.catalina.startup.VersionLoggerListener.log Command line argument: -Djava.io.tmpdir=/home/deadoggy/WorkSpace/java/DeliverManagementSystem/Server/Build/temp
17-Apr-2017 15:23:45.500 INFO [main] org.apache.catalina.core.AprLifecycleListener.lifecycleEvent The APR based Apache Tomcat Native library which allows optimal performance in production environments was not found on the java.library.path: /usr/java/packages/lib/amd64:/usr/lib64:/lib64:/lib:/usr/lib
17-Apr-2017 15:23:45.631 INFO [main] org.apache.coyote.AbstractProtocol.init Initializing ProtocolHandler ["http-nio-8080"]
17-Apr-2017 15:23:45.649 INFO [main] org.apache.tomcat.util.net.NioSelectorPool.getSharedSelector Using a shared selector for servlet write/read
17-Apr-2017 15:23:45.653 INFO [main] org.apache.coyote.AbstractProtocol.init Initializing ProtocolHandler ["ajp-nio-8009"]
17-Apr-2017 15:23:45.654 INFO [main] org.apache.tomcat.util.net.NioSelectorPool.getSharedSelector Using a shared selector for servlet write/read
17-Apr-2017 15:23:45.654 INFO [main] org.apache.catalina.startup.Catalina.load Initialization processed in 634 ms
17-Apr-2017 15:23:45.673 INFO [main] org.apache.catalina.core.StandardService.startInternal Starting service Catalina
17-Apr-2017 15:23:45.673 INFO [main] org.apache.catalina.core.StandardEngine.startInternal Starting Servlet Engine: Apache Tomcat/9.0.0.M19
17-Apr-2017 15:23:46.939 INFO [main] org.apache.jasper.servlet.TldScanner.scanJars At least one JAR was scanned for TLDs yet contained no TLDs. Enable debug logging for this logger for a complete list of JARs that were scanned but no TLDs were found in them. Skipping unneeded JARs during scanning can improve startup time and JSP compilation time.
17-Apr-2017 15:23:47.894 INFO [main] org.hibernate.validator.internal.util.Version.<clinit> HV000001: Hibernate Validator 5.4.1.Final
17-Apr-2017 15:23:48.224 INFO [main] org.hibernate.jpa.internal.util.LogHelper.logPersistenceUnitInformation HHH000204: Processing PersistenceUnitInfo [
	name: DeliverPU
	...]
17-Apr-2017 15:23:48.296 INFO [main] org.hibernate.Version.logVersion HHH000412: Hibernate Core {5.2.9.Final}
17-Apr-2017 15:23:48.297 INFO [main] org.hibernate.cfg.Environment.<clinit> HHH000206: hibernate.properties not found
17-Apr-2017 15:23:48.337 INFO [main] org.hibernate.annotations.common.reflection.java.JavaReflectionManager.<clinit> HCANN000001: Hibernate Commons Annotations {5.0.1.Final}
17-Apr-2017 15:23:48.466 INFO [main] org.hibernate.engine.jdbc.connections.internal.ConnectionProviderInitiator.initiateService HHH000130: Instantiating explicit connection provider: com.zaxxer.hikari.hibernate.HikariConnectionProvider
17-Apr-2017 15:23:48.833 INFO [main] org.hibernate.dialect.Dialect.<init> HHH000400: Using dialect: org.hibernate.dialect.MySQL5Dialect
17-Apr-2017 15:23:49.804 INFO [main] org.apache.coyote.AbstractProtocol.start Starting ProtocolHandler ["http-nio-8080"]
17-Apr-2017 15:23:49.810 INFO [main] org.apache.coyote.AbstractProtocol.start Starting ProtocolHandler ["ajp-nio-8009"]
17-Apr-2017 15:23:49.811 INFO [main] org.apache.catalina.startup.Catalina.start Server startup in 4156 ms
17-Apr-2017 15:24:23.973 INFO [main] org.apache.catalina.core.StandardServer.await A valid shutdown command was received via the shutdown port. Stopping the Server instance.
17-Apr-2017 15:24:23.973 INFO [main] org.apache.coyote.AbstractProtocol.pause Pausing ProtocolHandler ["http-nio-8080"]
17-Apr-2017 15:24:24.024 INFO [main] org.apache.coyote.AbstractProtocol.pause Pausing ProtocolHandler ["ajp-nio-8009"]
17-Apr-2017 15:24:24.075 INFO [main] org.apache.catalina.core.StandardService.stopInternal Stopping service Catalina
17-Apr-2017 15:24:24.156 WARNING [main] org.apache.catalina.loader.WebappClassLoaderBase.clearReferencesJdbc The web application [ROOT] registered the JDBC driver [com.mysql.jdbc.Driver] but failed to unregister it when the web application was stopped. To prevent a memory leak, the JDBC Driver has been forcibly unregistered.
17-Apr-2017 15:24:24.159 WARNING [main] org.apache.catalina.loader.WebappClassLoaderBase.clearReferencesThreads The web application [ROOT] appears to have started a thread named [Abandoned connection cleanup thread] but has failed to stop it. This is very likely to create a memory leak. Stack trace of thread:
 java.lang.Object.wait(Native Method)
 java.lang.ref.ReferenceQueue.remove(ReferenceQueue.java:143)
 com.mysql.jdbc.AbandonedConnectionCleanupThread.run(AbandonedConnectionCleanupThread.java:43)
17-Apr-2017 15:24:24.181 INFO [main] org.apache.coyote.AbstractProtocol.stop Stopping ProtocolHandler ["http-nio-8080"]
17-Apr-2017 15:24:24.184 INFO [main] org.apache.coyote.AbstractProtocol.stop Stopping ProtocolHandler ["ajp-nio-8009"]
17-Apr-2017 15:24:24.187 INFO [main] org.apache.coyote.AbstractProtocol.destroy Destroying ProtocolHandler ["http-nio-8080"]
17-Apr-2017 15:24:24.188 INFO [main] org.apache.coyote.AbstractProtocol.destroy Destroying ProtocolHandler ["ajp-nio-8009"]
17-Apr-2017 15:27:10.590 SEVERE [main] org.apache.catalina.startup.Catalina.initDirs Cannot find specified temporary folder at /home/deadoggy/WorkSpace/java/DeliverManagementSystem/Server/Build/temp
17-Apr-2017 15:27:11.024 INFO [main] org.apache.catalina.startup.VersionLoggerListener.log Server version:        Apache Tomcat/9.0.0.M19
17-Apr-2017 15:27:11.025 INFO [main] org.apache.catalina.startup.VersionLoggerListener.log Server built:          Apr 14 2017 06:00:06 UTC
17-Apr-2017 15:27:11.025 INFO [main] org.apache.catalina.startup.VersionLoggerListener.log Server number:         9.0.0.0
17-Apr-2017 15:27:11.025 INFO [main] org.apache.catalina.startup.VersionLoggerListener.log OS Name:               Linux
17-Apr-2017 15:27:11.025 INFO [main] org.apache.catalina.startup.VersionLoggerListener.log OS Version:            4.4.0-72-generic
17-Apr-2017 15:27:11.025 INFO [main] org.apache.catalina.startup.VersionLoggerListener.log Architecture:          amd64
17-Apr-2017 15:27:11.025 INFO [main] org.apache.catalina.startup.VersionLoggerListener.log Java Home:             /var/lib/java/jdk1.8.0_121/jre
17-Apr-2017 15:27:11.025 INFO [main] org.apache.catalina.startup.VersionLoggerListener.log JVM Version:           1.8.0_121-b13
17-Apr-2017 15:27:11.025 INFO [main] org.apache.catalina.startup.VersionLoggerListener.log JVM Vendor:            Oracle Corporation
17-Apr-2017 15:27:11.025 INFO [main] org.apache.catalina.startup.VersionLoggerListener.log CATALINA_BASE:         /home/deadoggy/WorkSpace/java/DeliverManagementSystem/Server/Build
17-Apr-2017 15:27:11.026 INFO [main] org.apache.catalina.startup.VersionLoggerListener.log CATALINA_HOME:         /home/deadoggy/WorkSpace/java/DeliverManagementSystem/Server/Build
17-Apr-2017 15:27:11.026 INFO [main] org.apache.catalina.startup.VersionLoggerListener.log Command line argument: -Djava.util.logging.config.file=/home/deadoggy/WorkSpace/java/DeliverManagementSystem/Server/Build/conf/logging.properties
17-Apr-2017 15:27:11.026 INFO [main] org.apache.catalina.startup.VersionLoggerListener.log Command line argument: -Djava.util.logging.manager=org.apache.juli.ClassLoaderLogManager
17-Apr-2017 15:27:11.026 INFO [main] org.apache.catalina.startup.VersionLoggerListener.log Command line argument: -Djdk.tls.ephemeralDHKeySize=2048
17-Apr-2017 15:27:11.026 INFO [main] org.apache.catalina.startup.VersionLoggerListener.log Command line argument: -Djava.protocol.handler.pkgs=org.apache.catalina.webresources
17-Apr-2017 15:27:11.026 INFO [main] org.apache.catalina.startup.VersionLoggerListener.log Command line argument: -Dcatalina.base=/home/deadoggy/WorkSpace/java/DeliverManagementSystem/Server/Build
17-Apr-2017 15:27:11.026 INFO [main] org.apache.catalina.startup.VersionLoggerListener.log Command line argument: -Dcatalina.home=/home/deadoggy/WorkSpace/java/DeliverManagementSystem/Server/Build
17-Apr-2017 15:27:11.026 INFO [main] org.apache.catalina.startup.VersionLoggerListener.log Command line argument: -Djava.io.tmpdir=/home/deadoggy/WorkSpace/java/DeliverManagementSystem/Server/Build/temp
17-Apr-2017 15:27:11.026 INFO [main] org.apache.catalina.core.AprLifecycleListener.lifecycleEvent The APR based Apache Tomcat Native library which allows optimal performance in production environments was not found on the java.library.path: /usr/java/packages/lib/amd64:/usr/lib64:/lib64:/lib:/usr/lib
17-Apr-2017 15:27:11.146 INFO [main] org.apache.coyote.AbstractProtocol.init Initializing ProtocolHandler ["http-nio-8080"]
17-Apr-2017 15:27:11.163 INFO [main] org.apache.tomcat.util.net.NioSelectorPool.getSharedSelector Using a shared selector for servlet write/read
17-Apr-2017 15:27:11.166 INFO [main] org.apache.coyote.AbstractProtocol.init Initializing ProtocolHandler ["ajp-nio-8009"]
17-Apr-2017 15:27:11.167 INFO [main] org.apache.tomcat.util.net.NioSelectorPool.getSharedSelector Using a shared selector for servlet write/read
17-Apr-2017 15:27:11.170 INFO [main] org.apache.catalina.startup.Catalina.load Initialization processed in 580 ms
17-Apr-2017 15:27:11.197 INFO [main] org.apache.catalina.core.StandardService.startInternal Starting service Catalina
17-Apr-2017 15:27:11.197 INFO [main] org.apache.catalina.core.StandardEngine.startInternal Starting Servlet Engine: Apache Tomcat/9.0.0.M19
17-Apr-2017 15:27:12.493 INFO [main] org.apache.jasper.servlet.TldScanner.scanJars At least one JAR was scanned for TLDs yet contained no TLDs. Enable debug logging for this logger for a complete list of JARs that were scanned but no TLDs were found in them. Skipping unneeded JARs during scanning can improve startup time and JSP compilation time.
17-Apr-2017 15:27:13.573 INFO [main] org.hibernate.validator.internal.util.Version.<clinit> HV000001: Hibernate Validator 5.4.1.Final
17-Apr-2017 15:27:14.046 INFO [main] org.hibernate.jpa.internal.util.LogHelper.logPersistenceUnitInformation HHH000204: Processing PersistenceUnitInfo [
	name: DeliverPU
	...]
17-Apr-2017 15:27:14.124 INFO [main] org.hibernate.Version.logVersion HHH000412: Hibernate Core {5.2.9.Final}
17-Apr-2017 15:27:14.125 INFO [main] org.hibernate.cfg.Environment.<clinit> HHH000206: hibernate.properties not found
17-Apr-2017 15:27:14.177 INFO [main] org.hibernate.annotations.common.reflection.java.JavaReflectionManager.<clinit> HCANN000001: Hibernate Commons Annotations {5.0.1.Final}
17-Apr-2017 15:27:14.305 INFO [main] org.hibernate.engine.jdbc.connections.internal.ConnectionProviderInitiator.initiateService HHH000130: Instantiating explicit connection provider: com.zaxxer.hikari.hibernate.HikariConnectionProvider
17-Apr-2017 15:27:14.729 INFO [main] org.hibernate.dialect.Dialect.<init> HHH000400: Using dialect: org.hibernate.dialect.MySQL5Dialect
17-Apr-2017 15:27:16.108 INFO [main] org.apache.coyote.AbstractProtocol.start Starting ProtocolHandler ["http-nio-8080"]
17-Apr-2017 15:27:16.115 INFO [main] org.apache.coyote.AbstractProtocol.start Starting ProtocolHandler ["ajp-nio-8009"]
17-Apr-2017 15:27:16.118 INFO [main] org.apache.catalina.startup.Catalina.start Server startup in 4948 ms
17-Apr-2017 15:27:39.385 INFO [main] org.apache.catalina.core.StandardServer.await A valid shutdown command was received via the shutdown port. Stopping the Server instance.
17-Apr-2017 15:27:39.385 INFO [main] org.apache.coyote.AbstractProtocol.pause Pausing ProtocolHandler ["http-nio-8080"]
17-Apr-2017 15:27:39.437 INFO [main] org.apache.coyote.AbstractProtocol.pause Pausing ProtocolHandler ["ajp-nio-8009"]
17-Apr-2017 15:27:39.488 INFO [main] org.apache.catalina.core.StandardService.stopInternal Stopping service Catalina
17-Apr-2017 15:27:39.584 WARNING [main] org.apache.catalina.loader.WebappClassLoaderBase.clearReferencesJdbc The web application [ROOT] registered the JDBC driver [com.mysql.jdbc.Driver] but failed to unregister it when the web application was stopped. To prevent a memory leak, the JDBC Driver has been forcibly unregistered.
17-Apr-2017 15:27:39.589 WARNING [main] org.apache.catalina.loader.WebappClassLoaderBase.clearReferencesThreads The web application [ROOT] appears to have started a thread named [Abandoned connection cleanup thread] but has failed to stop it. This is very likely to create a memory leak. Stack trace of thread:
 java.lang.Object.wait(Native Method)
 java.lang.ref.ReferenceQueue.remove(ReferenceQueue.java:143)
 com.mysql.jdbc.AbandonedConnectionCleanupThread.run(AbandonedConnectionCleanupThread.java:43)
17-Apr-2017 15:27:39.614 INFO [main] org.apache.coyote.AbstractProtocol.stop Stopping ProtocolHandler ["http-nio-8080"]
17-Apr-2017 15:27:39.619 INFO [main] org.apache.coyote.AbstractProtocol.stop Stopping ProtocolHandler ["ajp-nio-8009"]
17-Apr-2017 15:27:39.622 INFO [main] org.apache.coyote.AbstractProtocol.destroy Destroying ProtocolHandler ["http-nio-8080"]
17-Apr-2017 15:27:39.622 INFO [main] org.apache.coyote.AbstractProtocol.destroy Destroying ProtocolHandler ["ajp-nio-8009"]
17-Apr-2017 15:28:17.411 SEVERE [main] org.apache.catalina.startup.Catalina.initDirs Cannot find specified temporary folder at /home/deadoggy/WorkSpace/java/DeliverManagementSystem/Server/Build/temp
17-Apr-2017 15:28:17.814 INFO [main] org.apache.catalina.startup.VersionLoggerListener.log Server version:        Apache Tomcat/9.0.0.M19
17-Apr-2017 15:28:17.814 INFO [main] org.apache.catalina.startup.VersionLoggerListener.log Server built:          Apr 14 2017 06:00:06 UTC
17-Apr-2017 15:28:17.814 INFO [main] org.apache.catalina.startup.VersionLoggerListener.log Server number:         9.0.0.0
17-Apr-2017 15:28:17.814 INFO [main] org.apache.catalina.startup.VersionLoggerListener.log OS Name:               Linux
17-Apr-2017 15:28:17.815 INFO [main] org.apache.catalina.startup.VersionLoggerListener.log OS Version:            4.4.0-72-generic
17-Apr-2017 15:28:17.815 INFO [main] org.apache.catalina.startup.VersionLoggerListener.log Architecture:          amd64
17-Apr-2017 15:28:17.815 INFO [main] org.apache.catalina.startup.VersionLoggerListener.log Java Home:             /var/lib/java/jdk1.8.0_121/jre
17-Apr-2017 15:28:17.815 INFO [main] org.apache.catalina.startup.VersionLoggerListener.log JVM Version:           1.8.0_121-b13
17-Apr-2017 15:28:17.815 INFO [main] org.apache.catalina.startup.VersionLoggerListener.log JVM Vendor:            Oracle Corporation
17-Apr-2017 15:28:17.815 INFO [main] org.apache.catalina.startup.VersionLoggerListener.log CATALINA_BASE:         /home/deadoggy/WorkSpace/java/DeliverManagementSystem/Server/Build
17-Apr-2017 15:28:17.816 INFO [main] org.apache.catalina.startup.VersionLoggerListener.log CATALINA_HOME:         /home/deadoggy/WorkSpace/java/DeliverManagementSystem/Server/Build
17-Apr-2017 15:28:17.816 INFO [main] org.apache.catalina.startup.VersionLoggerListener.log Command line argument: -Djava.util.logging.config.file=/home/deadoggy/WorkSpace/java/DeliverManagementSystem/Server/Build/conf/logging.properties
17-Apr-2017 15:28:17.816 INFO [main] org.apache.catalina.startup.VersionLoggerListener.log Command line argument: -Djava.util.logging.manager=org.apache.juli.ClassLoaderLogManager
17-Apr-2017 15:28:17.816 INFO [main] org.apache.catalina.startup.VersionLoggerListener.log Command line argument: -Djdk.tls.ephemeralDHKeySize=2048
17-Apr-2017 15:28:17.816 INFO [main] org.apache.catalina.startup.VersionLoggerListener.log Command line argument: -Djava.protocol.handler.pkgs=org.apache.catalina.webresources
17-Apr-2017 15:28:17.816 INFO [main] org.apache.catalina.startup.VersionLoggerListener.log Command line argument: -Dcatalina.base=/home/deadoggy/WorkSpace/java/DeliverManagementSystem/Server/Build
17-Apr-2017 15:28:17.816 INFO [main] org.apache.catalina.startup.VersionLoggerListener.log Command line argument: -Dcatalina.home=/home/deadoggy/WorkSpace/java/DeliverManagementSystem/Server/Build
17-Apr-2017 15:28:17.816 INFO [main] org.apache.catalina.startup.VersionLoggerListener.log Command line argument: -Djava.io.tmpdir=/home/deadoggy/WorkSpace/java/DeliverManagementSystem/Server/Build/temp
17-Apr-2017 15:28:17.817 INFO [main] org.apache.catalina.core.AprLifecycleListener.lifecycleEvent The APR based Apache Tomcat Native library which allows optimal performance in production environments was not found on the java.library.path: /usr/java/packages/lib/amd64:/usr/lib64:/lib64:/lib:/usr/lib
17-Apr-2017 15:28:17.934 INFO [main] org.apache.coyote.AbstractProtocol.init Initializing ProtocolHandler ["http-nio-8080"]
17-Apr-2017 15:28:17.950 INFO [main] org.apache.tomcat.util.net.NioSelectorPool.getSharedSelector Using a shared selector for servlet write/read
17-Apr-2017 15:28:17.952 INFO [main] org.apache.coyote.AbstractProtocol.init Initializing ProtocolHandler ["ajp-nio-8009"]
17-Apr-2017 15:28:17.953 INFO [main] org.apache.tomcat.util.net.NioSelectorPool.getSharedSelector Using a shared selector for servlet write/read
17-Apr-2017 15:28:17.953 INFO [main] org.apache.catalina.startup.Catalina.load Initialization processed in 543 ms
17-Apr-2017 15:28:17.978 INFO [main] org.apache.catalina.core.StandardService.startInternal Starting service Catalina
17-Apr-2017 15:28:17.978 INFO [main] org.apache.catalina.core.StandardEngine.startInternal Starting Servlet Engine: Apache Tomcat/9.0.0.M19
17-Apr-2017 15:28:19.177 INFO [main] org.apache.jasper.servlet.TldScanner.scanJars At least one JAR was scanned for TLDs yet contained no TLDs. Enable debug logging for this logger for a complete list of JARs that were scanned but no TLDs were found in them. Skipping unneeded JARs during scanning can improve startup time and JSP compilation time.
17-Apr-2017 15:28:20.155 INFO [main] org.hibernate.validator.internal.util.Version.<clinit> HV000001: Hibernate Validator 5.4.1.Final
17-Apr-2017 15:28:20.537 INFO [main] org.hibernate.jpa.internal.util.LogHelper.logPersistenceUnitInformation HHH000204: Processing PersistenceUnitInfo [
	name: DeliverPU
	...]
17-Apr-2017 15:28:20.628 INFO [main] org.hibernate.Version.logVersion HHH000412: Hibernate Core {5.2.9.Final}
17-Apr-2017 15:28:20.631 INFO [main] org.hibernate.cfg.Environment.<clinit> HHH000206: hibernate.properties not found
17-Apr-2017 15:28:20.683 INFO [main] org.hibernate.annotations.common.reflection.java.JavaReflectionManager.<clinit> HCANN000001: Hibernate Commons Annotations {5.0.1.Final}
17-Apr-2017 15:28:20.821 INFO [main] org.hibernate.engine.jdbc.connections.internal.ConnectionProviderInitiator.initiateService HHH000130: Instantiating explicit connection provider: com.zaxxer.hikari.hibernate.HikariConnectionProvider
17-Apr-2017 15:28:21.191 INFO [main] org.hibernate.dialect.Dialect.<init> HHH000400: Using dialect: org.hibernate.dialect.MySQL5Dialect
17-Apr-2017 15:28:22.294 INFO [main] org.apache.coyote.AbstractProtocol.start Starting ProtocolHandler ["http-nio-8080"]
17-Apr-2017 15:28:22.301 INFO [main] org.apache.coyote.AbstractProtocol.start Starting ProtocolHandler ["ajp-nio-8009"]
17-Apr-2017 15:28:22.302 INFO [main] org.apache.catalina.startup.Catalina.start Server startup in 4348 ms
17-Apr-2017 15:31:33.373 INFO [main] org.apache.catalina.core.StandardServer.await A valid shutdown command was received via the shutdown port. Stopping the Server instance.
17-Apr-2017 15:31:33.374 INFO [main] org.apache.coyote.AbstractProtocol.pause Pausing ProtocolHandler ["http-nio-8080"]
17-Apr-2017 15:31:33.425 INFO [main] org.apache.coyote.AbstractProtocol.pause Pausing ProtocolHandler ["ajp-nio-8009"]
17-Apr-2017 15:31:33.476 INFO [main] org.apache.catalina.core.StandardService.stopInternal Stopping service Catalina
17-Apr-2017 15:31:33.551 WARNING [main] org.apache.catalina.loader.WebappClassLoaderBase.clearReferencesJdbc The web application [ROOT] registered the JDBC driver [com.mysql.jdbc.Driver] but failed to unregister it when the web application was stopped. To prevent a memory leak, the JDBC Driver has been forcibly unregistered.
17-Apr-2017 15:31:33.554 WARNING [main] org.apache.catalina.loader.WebappClassLoaderBase.clearReferencesThreads The web application [ROOT] appears to have started a thread named [Abandoned connection cleanup thread] but has failed to stop it. This is very likely to create a memory leak. Stack trace of thread:
 java.lang.Object.wait(Native Method)
 java.lang.ref.ReferenceQueue.remove(ReferenceQueue.java:143)
 com.mysql.jdbc.AbandonedConnectionCleanupThread.run(AbandonedConnectionCleanupThread.java:43)
17-Apr-2017 15:31:33.589 INFO [main] org.apache.coyote.AbstractProtocol.stop Stopping ProtocolHandler ["http-nio-8080"]
17-Apr-2017 15:31:33.595 INFO [main] org.apache.coyote.AbstractProtocol.stop Stopping ProtocolHandler ["ajp-nio-8009"]
17-Apr-2017 15:31:33.598 INFO [main] org.apache.coyote.AbstractProtocol.destroy Destroying ProtocolHandler ["http-nio-8080"]
17-Apr-2017 15:31:33.599 INFO [main] org.apache.coyote.AbstractProtocol.destroy Destroying ProtocolHandler ["ajp-nio-8009"]
17-Apr-2017 15:31:37.068 SEVERE [main] org.apache.catalina.startup.Catalina.initDirs Cannot find specified temporary folder at /home/deadoggy/WorkSpace/java/DeliverManagementSystem/Server/Build/temp
17-Apr-2017 15:31:37.514 INFO [main] org.apache.catalina.startup.VersionLoggerListener.log Server version:        Apache Tomcat/9.0.0.M19
17-Apr-2017 15:31:37.514 INFO [main] org.apache.catalina.startup.VersionLoggerListener.log Server built:          Apr 14 2017 06:00:06 UTC
17-Apr-2017 15:31:37.514 INFO [main] org.apache.catalina.startup.VersionLoggerListener.log Server number:         9.0.0.0
17-Apr-2017 15:31:37.514 INFO [main] org.apache.catalina.startup.VersionLoggerListener.log OS Name:               Linux
17-Apr-2017 15:31:37.514 INFO [main] org.apache.catalina.startup.VersionLoggerListener.log OS Version:            4.4.0-72-generic
17-Apr-2017 15:31:37.514 INFO [main] org.apache.catalina.startup.VersionLoggerListener.log Architecture:          amd64
17-Apr-2017 15:31:37.514 INFO [main] org.apache.catalina.startup.VersionLoggerListener.log Java Home:             /var/lib/java/jdk1.8.0_121/jre
17-Apr-2017 15:31:37.514 INFO [main] org.apache.catalina.startup.VersionLoggerListener.log JVM Version:           1.8.0_121-b13
17-Apr-2017 15:31:37.515 INFO [main] org.apache.catalina.startup.VersionLoggerListener.log JVM Vendor:            Oracle Corporation
17-Apr-2017 15:31:37.515 INFO [main] org.apache.catalina.startup.VersionLoggerListener.log CATALINA_BASE:         /home/deadoggy/WorkSpace/java/DeliverManagementSystem/Server/Build
17-Apr-2017 15:31:37.515 INFO [main] org.apache.catalina.startup.VersionLoggerListener.log CATALINA_HOME:         /home/deadoggy/WorkSpace/java/DeliverManagementSystem/Server/Build
17-Apr-2017 15:31:37.515 INFO [main] org.apache.catalina.startup.VersionLoggerListener.log Command line argument: -Djava.util.logging.config.file=/home/deadoggy/WorkSpace/java/DeliverManagementSystem/Server/Build/conf/logging.properties
17-Apr-2017 15:31:37.515 INFO [main] org.apache.catalina.startup.VersionLoggerListener.log Command line argument: -Djava.util.logging.manager=org.apache.juli.ClassLoaderLogManager
17-Apr-2017 15:31:37.515 INFO [main] org.apache.catalina.startup.VersionLoggerListener.log Command line argument: -Djdk.tls.ephemeralDHKeySize=2048
17-Apr-2017 15:31:37.515 INFO [main] org.apache.catalina.startup.VersionLoggerListener.log Command line argument: -Djava.protocol.handler.pkgs=org.apache.catalina.webresources
17-Apr-2017 15:31:37.515 INFO [main] org.apache.catalina.startup.VersionLoggerListener.log Command line argument: -Dcatalina.base=/home/deadoggy/WorkSpace/java/DeliverManagementSystem/Server/Build
17-Apr-2017 15:31:37.515 INFO [main] org.apache.catalina.startup.VersionLoggerListener.log Command line argument: -Dcatalina.home=/home/deadoggy/WorkSpace/java/DeliverManagementSystem/Server/Build
17-Apr-2017 15:31:37.516 INFO [main] org.apache.catalina.startup.VersionLoggerListener.log Command line argument: -Djava.io.tmpdir=/home/deadoggy/WorkSpace/java/DeliverManagementSystem/Server/Build/temp
17-Apr-2017 15:31:37.516 INFO [main] org.apache.catalina.core.AprLifecycleListener.lifecycleEvent The APR based Apache Tomcat Native library which allows optimal performance in production environments was not found on the java.library.path: /usr/java/packages/lib/amd64:/usr/lib64:/lib64:/lib:/usr/lib
17-Apr-2017 15:31:37.639 INFO [main] org.apache.coyote.AbstractProtocol.init Initializing ProtocolHandler ["http-nio-8080"]
17-Apr-2017 15:31:37.653 INFO [main] org.apache.tomcat.util.net.NioSelectorPool.getSharedSelector Using a shared selector for servlet write/read
17-Apr-2017 15:31:37.655 INFO [main] org.apache.coyote.AbstractProtocol.init Initializing ProtocolHandler ["ajp-nio-8009"]
17-Apr-2017 15:31:37.657 INFO [main] org.apache.tomcat.util.net.NioSelectorPool.getSharedSelector Using a shared selector for servlet write/read
17-Apr-2017 15:31:37.657 INFO [main] org.apache.catalina.startup.Catalina.load Initialization processed in 589 ms
17-Apr-2017 15:31:37.677 INFO [main] org.apache.catalina.core.StandardService.startInternal Starting service Catalina
17-Apr-2017 15:31:37.678 INFO [main] org.apache.catalina.core.StandardEngine.startInternal Starting Servlet Engine: Apache Tomcat/9.0.0.M19
17-Apr-2017 15:31:38.926 INFO [main] org.apache.jasper.servlet.TldScanner.scanJars At least one JAR was scanned for TLDs yet contained no TLDs. Enable debug logging for this logger for a complete list of JARs that were scanned but no TLDs were found in them. Skipping unneeded JARs during scanning can improve startup time and JSP compilation time.
17-Apr-2017 15:31:39.879 INFO [main] org.hibernate.validator.internal.util.Version.<clinit> HV000001: Hibernate Validator 5.4.1.Final
17-Apr-2017 15:31:40.267 INFO [main] org.hibernate.jpa.internal.util.LogHelper.logPersistenceUnitInformation HHH000204: Processing PersistenceUnitInfo [
	name: DeliverPU
	...]
17-Apr-2017 15:31:40.362 INFO [main] org.hibernate.Version.logVersion HHH000412: Hibernate Core {5.2.9.Final}
17-Apr-2017 15:31:40.364 INFO [main] org.hibernate.cfg.Environment.<clinit> HHH000206: hibernate.properties not found
17-Apr-2017 15:31:40.426 INFO [main] org.hibernate.annotations.common.reflection.java.JavaReflectionManager.<clinit> HCANN000001: Hibernate Commons Annotations {5.0.1.Final}
17-Apr-2017 15:31:40.595 INFO [main] org.hibernate.engine.jdbc.connections.internal.ConnectionProviderInitiator.initiateService HHH000130: Instantiating explicit connection provider: com.zaxxer.hikari.hibernate.HikariConnectionProvider
17-Apr-2017 15:31:41.003 INFO [main] org.hibernate.dialect.Dialect.<init> HHH000400: Using dialect: org.hibernate.dialect.MySQL5Dialect
17-Apr-2017 15:31:42.047 INFO [main] org.apache.coyote.AbstractProtocol.start Starting ProtocolHandler ["http-nio-8080"]
17-Apr-2017 15:31:42.067 INFO [main] org.apache.coyote.AbstractProtocol.start Starting ProtocolHandler ["ajp-nio-8009"]
17-Apr-2017 15:31:42.069 INFO [main] org.apache.catalina.startup.Catalina.start Server startup in 4411 ms
17-Apr-2017 15:55:08.850 WARNING [main] org.apache.catalina.core.StandardServer.await StandardServer.await: Invalid command '' received
17-Apr-2017 15:55:21.261 INFO [main] org.apache.catalina.core.StandardServer.await A valid shutdown command was received via the shutdown port. Stopping the Server instance.
17-Apr-2017 15:55:21.262 INFO [main] org.apache.coyote.AbstractProtocol.pause Pausing ProtocolHandler ["http-nio-8080"]
17-Apr-2017 15:55:21.313 INFO [main] org.apache.coyote.AbstractProtocol.pause Pausing ProtocolHandler ["ajp-nio-8009"]
17-Apr-2017 15:55:21.366 INFO [main] org.apache.catalina.core.StandardService.stopInternal Stopping service Catalina
17-Apr-2017 15:55:21.464 WARNING [main] org.apache.catalina.loader.WebappClassLoaderBase.clearReferencesJdbc The web application [ROOT] registered the JDBC driver [com.mysql.jdbc.Driver] but failed to unregister it when the web application was stopped. To prevent a memory leak, the JDBC Driver has been forcibly unregistered.
17-Apr-2017 15:55:21.466 WARNING [main] org.apache.catalina.loader.WebappClassLoaderBase.clearReferencesThreads The web application [ROOT] appears to have started a thread named [Abandoned connection cleanup thread] but has failed to stop it. This is very likely to create a memory leak. Stack trace of thread:
 java.lang.Object.wait(Native Method)
 java.lang.ref.ReferenceQueue.remove(ReferenceQueue.java:143)
 com.mysql.jdbc.AbandonedConnectionCleanupThread.run(AbandonedConnectionCleanupThread.java:43)
17-Apr-2017 15:55:21.481 INFO [main] org.apache.coyote.AbstractProtocol.stop Stopping ProtocolHandler ["http-nio-8080"]
17-Apr-2017 15:55:21.488 INFO [main] org.apache.coyote.AbstractProtocol.stop Stopping ProtocolHandler ["ajp-nio-8009"]
17-Apr-2017 15:55:21.492 INFO [main] org.apache.coyote.AbstractProtocol.destroy Destroying ProtocolHandler ["http-nio-8080"]
17-Apr-2017 15:55:21.495 INFO [main] org.apache.coyote.AbstractProtocol.destroy Destroying ProtocolHandler ["ajp-nio-8009"]
17-Apr-2017 16:00:21.232 SEVERE [main] org.apache.catalina.startup.Catalina.initDirs Cannot find specified temporary folder at /home/deadoggy/WorkSpace/java/DeliverManagementSystem/Server/Build/temp
17-Apr-2017 16:00:21.654 INFO [main] org.apache.catalina.startup.VersionLoggerListener.log Server version:        Apache Tomcat/9.0.0.M19
17-Apr-2017 16:00:21.654 INFO [main] org.apache.catalina.startup.VersionLoggerListener.log Server built:          Apr 14 2017 06:00:06 UTC
17-Apr-2017 16:00:21.654 INFO [main] org.apache.catalina.startup.VersionLoggerListener.log Server number:         9.0.0.0
17-Apr-2017 16:00:21.654 INFO [main] org.apache.catalina.startup.VersionLoggerListener.log OS Name:               Linux
17-Apr-2017 16:00:21.654 INFO [main] org.apache.catalina.startup.VersionLoggerListener.log OS Version:            4.4.0-72-generic
17-Apr-2017 16:00:21.654 INFO [main] org.apache.catalina.startup.VersionLoggerListener.log Architecture:          amd64
17-Apr-2017 16:00:21.654 INFO [main] org.apache.catalina.startup.VersionLoggerListener.log Java Home:             /var/lib/java/jdk1.8.0_121/jre
17-Apr-2017 16:00:21.655 INFO [main] org.apache.catalina.startup.VersionLoggerListener.log JVM Version:           1.8.0_121-b13
17-Apr-2017 16:00:21.655 INFO [main] org.apache.catalina.startup.VersionLoggerListener.log JVM Vendor:            Oracle Corporation
17-Apr-2017 16:00:21.655 INFO [main] org.apache.catalina.startup.VersionLoggerListener.log CATALINA_BASE:         /home/deadoggy/WorkSpace/java/DeliverManagementSystem/Server/Build
17-Apr-2017 16:00:21.655 INFO [main] org.apache.catalina.startup.VersionLoggerListener.log CATALINA_HOME:         /home/deadoggy/WorkSpace/java/DeliverManagementSystem/Server/Build
17-Apr-2017 16:00:21.655 INFO [main] org.apache.catalina.startup.VersionLoggerListener.log Command line argument: -Djava.util.logging.config.file=/home/deadoggy/WorkSpace/java/DeliverManagementSystem/Server/Build/conf/logging.properties
17-Apr-2017 16:00:21.655 INFO [main] org.apache.catalina.startup.VersionLoggerListener.log Command line argument: -Djava.util.logging.manager=org.apache.juli.ClassLoaderLogManager
17-Apr-2017 16:00:21.655 INFO [main] org.apache.catalina.startup.VersionLoggerListener.log Command line argument: -Djdk.tls.ephemeralDHKeySize=2048
17-Apr-2017 16:00:21.655 INFO [main] org.apache.catalina.startup.VersionLoggerListener.log Command line argument: -Djava.protocol.handler.pkgs=org.apache.catalina.webresources
17-Apr-2017 16:00:21.656 INFO [main] org.apache.catalina.startup.VersionLoggerListener.log Command line argument: -Dcatalina.base=/home/deadoggy/WorkSpace/java/DeliverManagementSystem/Server/Build
17-Apr-2017 16:00:21.656 INFO [main] org.apache.catalina.startup.VersionLoggerListener.log Command line argument: -Dcatalina.home=/home/deadoggy/WorkSpace/java/DeliverManagementSystem/Server/Build
17-Apr-2017 16:00:21.656 INFO [main] org.apache.catalina.startup.VersionLoggerListener.log Command line argument: -Djava.io.tmpdir=/home/deadoggy/WorkSpace/java/DeliverManagementSystem/Server/Build/temp
17-Apr-2017 16:00:21.656 INFO [main] org.apache.catalina.core.AprLifecycleListener.lifecycleEvent The APR based Apache Tomcat Native library which allows optimal performance in production environments was not found on the java.library.path: /usr/java/packages/lib/amd64:/usr/lib64:/lib64:/lib:/usr/lib
17-Apr-2017 16:00:21.775 INFO [main] org.apache.coyote.AbstractProtocol.init Initializing ProtocolHandler ["http-nio-8080"]
17-Apr-2017 16:00:21.788 INFO [main] org.apache.tomcat.util.net.NioSelectorPool.getSharedSelector Using a shared selector for servlet write/read
17-Apr-2017 16:00:21.791 INFO [main] org.apache.coyote.AbstractProtocol.init Initializing ProtocolHandler ["ajp-nio-8009"]
17-Apr-2017 16:00:21.792 INFO [main] org.apache.tomcat.util.net.NioSelectorPool.getSharedSelector Using a shared selector for servlet write/read
17-Apr-2017 16:00:21.793 INFO [main] org.apache.catalina.startup.Catalina.load Initialization processed in 561 ms
17-Apr-2017 16:00:21.813 INFO [main] org.apache.catalina.core.StandardService.startInternal Starting service Catalina
17-Apr-2017 16:00:21.813 INFO [main] org.apache.catalina.core.StandardEngine.startInternal Starting Servlet Engine: Apache Tomcat/9.0.0.M19
17-Apr-2017 16:00:23.025 INFO [main] org.apache.jasper.servlet.TldScanner.scanJars At least one JAR was scanned for TLDs yet contained no TLDs. Enable debug logging for this logger for a complete list of JARs that were scanned but no TLDs were found in them. Skipping unneeded JARs during scanning can improve startup time and JSP compilation time.
17-Apr-2017 16:00:24.241 INFO [main] org.hibernate.validator.internal.util.Version.<clinit> HV000001: Hibernate Validator 5.4.1.Final
17-Apr-2017 16:00:24.632 INFO [main] org.hibernate.jpa.internal.util.LogHelper.logPersistenceUnitInformation HHH000204: Processing PersistenceUnitInfo [
	name: DeliverPU
	...]
17-Apr-2017 16:00:24.760 INFO [main] org.hibernate.Version.logVersion HHH000412: Hibernate Core {5.2.9.Final}
17-Apr-2017 16:00:24.762 INFO [main] org.hibernate.cfg.Environment.<clinit> HHH000206: hibernate.properties not found
17-Apr-2017 16:00:24.831 INFO [main] org.hibernate.annotations.common.reflection.java.JavaReflectionManager.<clinit> HCANN000001: Hibernate Commons Annotations {5.0.1.Final}
17-Apr-2017 16:00:24.994 INFO [main] org.hibernate.engine.jdbc.connections.internal.ConnectionProviderInitiator.initiateService HHH000130: Instantiating explicit connection provider: com.zaxxer.hikari.hibernate.HikariConnectionProvider
17-Apr-2017 16:00:25.315 INFO [main] org.hibernate.dialect.Dialect.<init> HHH000400: Using dialect: org.hibernate.dialect.MySQL5Dialect
17-Apr-2017 16:00:26.168 INFO [main] org.apache.coyote.AbstractProtocol.start Starting ProtocolHandler ["http-nio-8080"]
17-Apr-2017 16:00:26.175 INFO [main] org.apache.coyote.AbstractProtocol.start Starting ProtocolHandler ["ajp-nio-8009"]
17-Apr-2017 16:00:26.176 INFO [main] org.apache.catalina.startup.Catalina.start Server startup in 4382 ms
17-Apr-2017 16:00:53.202 INFO [main] org.apache.catalina.core.StandardServer.await A valid shutdown command was received via the shutdown port. Stopping the Server instance.
17-Apr-2017 16:00:53.203 INFO [main] org.apache.coyote.AbstractProtocol.pause Pausing ProtocolHandler ["http-nio-8080"]
17-Apr-2017 16:00:53.254 INFO [main] org.apache.coyote.AbstractProtocol.pause Pausing ProtocolHandler ["ajp-nio-8009"]
17-Apr-2017 16:00:53.307 INFO [main] org.apache.catalina.core.StandardService.stopInternal Stopping service Catalina
17-Apr-2017 16:00:53.348 WARNING [main] org.apache.catalina.loader.WebappClassLoaderBase.clearReferencesJdbc The web application [ROOT] registered the JDBC driver [com.mysql.jdbc.Driver] but failed to unregister it when the web application was stopped. To prevent a memory leak, the JDBC Driver has been forcibly unregistered.
17-Apr-2017 16:00:53.349 WARNING [main] org.apache.catalina.loader.WebappClassLoaderBase.clearReferencesThreads The web application [ROOT] appears to have started a thread named [Abandoned connection cleanup thread] but has failed to stop it. This is very likely to create a memory leak. Stack trace of thread:
 java.lang.Object.wait(Native Method)
 java.lang.ref.ReferenceQueue.remove(ReferenceQueue.java:143)
 com.mysql.jdbc.AbandonedConnectionCleanupThread.run(AbandonedConnectionCleanupThread.java:43)
17-Apr-2017 16:00:53.362 INFO [main] org.apache.coyote.AbstractProtocol.stop Stopping ProtocolHandler ["http-nio-8080"]
17-Apr-2017 16:00:53.365 INFO [main] org.apache.coyote.AbstractProtocol.stop Stopping ProtocolHandler ["ajp-nio-8009"]
17-Apr-2017 16:00:53.368 INFO [main] org.apache.coyote.AbstractProtocol.destroy Destroying ProtocolHandler ["http-nio-8080"]
17-Apr-2017 16:00:53.369 INFO [main] org.apache.coyote.AbstractProtocol.destroy Destroying ProtocolHandler ["ajp-nio-8009"]
17-Apr-2017 16:01:51.957 SEVERE [main] org.apache.catalina.startup.Catalina.initDirs Cannot find specified temporary folder at /home/deadoggy/WorkSpace/java/DeliverManagementSystem/Server/Build/temp
17-Apr-2017 16:01:52.393 INFO [main] org.apache.catalina.startup.VersionLoggerListener.log Server version:        Apache Tomcat/9.0.0.M19
17-Apr-2017 16:01:52.394 INFO [main] org.apache.catalina.startup.VersionLoggerListener.log Server built:          Apr 14 2017 06:00:06 UTC
17-Apr-2017 16:01:52.394 INFO [main] org.apache.catalina.startup.VersionLoggerListener.log Server number:         9.0.0.0
17-Apr-2017 16:01:52.394 INFO [main] org.apache.catalina.startup.VersionLoggerListener.log OS Name:               Linux
17-Apr-2017 16:01:52.394 INFO [main] org.apache.catalina.startup.VersionLoggerListener.log OS Version:            4.4.0-72-generic
17-Apr-2017 16:01:52.394 INFO [main] org.apache.catalina.startup.VersionLoggerListener.log Architecture:          amd64
17-Apr-2017 16:01:52.394 INFO [main] org.apache.catalina.startup.VersionLoggerListener.log Java Home:             /var/lib/java/jdk1.8.0_121/jre
17-Apr-2017 16:01:52.394 INFO [main] org.apache.catalina.startup.VersionLoggerListener.log JVM Version:           1.8.0_121-b13
17-Apr-2017 16:01:52.394 INFO [main] org.apache.catalina.startup.VersionLoggerListener.log JVM Vendor:            Oracle Corporation
17-Apr-2017 16:01:52.394 INFO [main] org.apache.catalina.startup.VersionLoggerListener.log CATALINA_BASE:         /home/deadoggy/WorkSpace/java/DeliverManagementSystem/Server/Build
17-Apr-2017 16:01:52.395 INFO [main] org.apache.catalina.startup.VersionLoggerListener.log CATALINA_HOME:         /home/deadoggy/WorkSpace/java/DeliverManagementSystem/Server/Build
17-Apr-2017 16:01:52.395 INFO [main] org.apache.catalina.startup.VersionLoggerListener.log Command line argument: -Djava.util.logging.config.file=/home/deadoggy/WorkSpace/java/DeliverManagementSystem/Server/Build/conf/logging.properties
17-Apr-2017 16:01:52.395 INFO [main] org.apache.catalina.startup.VersionLoggerListener.log Command line argument: -Djava.util.logging.manager=org.apache.juli.ClassLoaderLogManager
17-Apr-2017 16:01:52.395 INFO [main] org.apache.catalina.startup.VersionLoggerListener.log Command line argument: -Djdk.tls.ephemeralDHKeySize=2048
17-Apr-2017 16:01:52.395 INFO [main] org.apache.catalina.startup.VersionLoggerListener.log Command line argument: -Djava.protocol.handler.pkgs=org.apache.catalina.webresources
17-Apr-2017 16:01:52.395 INFO [main] org.apache.catalina.startup.VersionLoggerListener.log Command line argument: -Dcatalina.base=/home/deadoggy/WorkSpace/java/DeliverManagementSystem/Server/Build
17-Apr-2017 16:01:52.396 INFO [main] org.apache.catalina.startup.VersionLoggerListener.log Command line argument: -Dcatalina.home=/home/deadoggy/WorkSpace/java/DeliverManagementSystem/Server/Build
17-Apr-2017 16:01:52.396 INFO [main] org.apache.catalina.startup.VersionLoggerListener.log Command line argument: -Djava.io.tmpdir=/home/deadoggy/WorkSpace/java/DeliverManagementSystem/Server/Build/temp
17-Apr-2017 16:01:52.396 INFO [main] org.apache.catalina.core.AprLifecycleListener.lifecycleEvent The APR based Apache Tomcat Native library which allows optimal performance in production environments was not found on the java.library.path: /usr/java/packages/lib/amd64:/usr/lib64:/lib64:/lib:/usr/lib
17-Apr-2017 16:01:52.528 INFO [main] org.apache.coyote.AbstractProtocol.init Initializing ProtocolHandler ["http-nio-8080"]
17-Apr-2017 16:01:52.541 INFO [main] org.apache.tomcat.util.net.NioSelectorPool.getSharedSelector Using a shared selector for servlet write/read
17-Apr-2017 16:01:52.544 INFO [main] org.apache.coyote.AbstractProtocol.init Initializing ProtocolHandler ["ajp-nio-8009"]
17-Apr-2017 16:01:52.545 INFO [main] org.apache.tomcat.util.net.NioSelectorPool.getSharedSelector Using a shared selector for servlet write/read
17-Apr-2017 16:01:52.545 INFO [main] org.apache.catalina.startup.Catalina.load Initialization processed in 589 ms
17-Apr-2017 16:01:52.566 INFO [main] org.apache.catalina.core.StandardService.startInternal Starting service Catalina
17-Apr-2017 16:01:52.566 INFO [main] org.apache.catalina.core.StandardEngine.startInternal Starting Servlet Engine: Apache Tomcat/9.0.0.M19
17-Apr-2017 16:01:53.881 INFO [main] org.apache.jasper.servlet.TldScanner.scanJars At least one JAR was scanned for TLDs yet contained no TLDs. Enable debug logging for this logger for a complete list of JARs that were scanned but no TLDs were found in them. Skipping unneeded JARs during scanning can improve startup time and JSP compilation time.
17-Apr-2017 16:01:55.023 INFO [main] org.hibernate.validator.internal.util.Version.<clinit> HV000001: Hibernate Validator 5.4.1.Final
17-Apr-2017 16:01:55.383 INFO [main] org.hibernate.jpa.internal.util.LogHelper.logPersistenceUnitInformation HHH000204: Processing PersistenceUnitInfo [
	name: DeliverPU
	...]
17-Apr-2017 16:01:55.483 INFO [main] org.hibernate.Version.logVersion HHH000412: Hibernate Core {5.2.9.Final}
17-Apr-2017 16:01:55.485 INFO [main] org.hibernate.cfg.Environment.<clinit> HHH000206: hibernate.properties not found
17-Apr-2017 16:01:55.555 INFO [main] org.hibernate.annotations.common.reflection.java.JavaReflectionManager.<clinit> HCANN000001: Hibernate Commons Annotations {5.0.1.Final}
17-Apr-2017 16:01:55.712 INFO [main] org.hibernate.engine.jdbc.connections.internal.ConnectionProviderInitiator.initiateService HHH000130: Instantiating explicit connection provider: com.zaxxer.hikari.hibernate.HikariConnectionProvider
17-Apr-2017 16:01:56.002 INFO [main] org.hibernate.dialect.Dialect.<init> HHH000400: Using dialect: org.hibernate.dialect.MySQL5Dialect
17-Apr-2017 16:01:56.946 INFO [main] org.apache.coyote.AbstractProtocol.start Starting ProtocolHandler ["http-nio-8080"]
17-Apr-2017 16:01:56.965 INFO [main] org.apache.coyote.AbstractProtocol.start Starting ProtocolHandler ["ajp-nio-8009"]
17-Apr-2017 16:01:56.966 INFO [main] org.apache.catalina.startup.Catalina.start Server startup in 4420 ms
17-Apr-2017 16:02:20.601 INFO [main] org.apache.catalina.core.StandardServer.await A valid shutdown command was received via the shutdown port. Stopping the Server instance.
17-Apr-2017 16:02:20.602 INFO [main] org.apache.coyote.AbstractProtocol.pause Pausing ProtocolHandler ["http-nio-8080"]
17-Apr-2017 16:02:20.653 INFO [main] org.apache.coyote.AbstractProtocol.pause Pausing ProtocolHandler ["ajp-nio-8009"]
17-Apr-2017 16:02:20.704 INFO [main] org.apache.catalina.core.StandardService.stopInternal Stopping service Catalina
17-Apr-2017 16:02:20.812 WARNING [main] org.apache.catalina.loader.WebappClassLoaderBase.clearReferencesJdbc The web application [ROOT] registered the JDBC driver [com.mysql.jdbc.Driver] but failed to unregister it when the web application was stopped. To prevent a memory leak, the JDBC Driver has been forcibly unregistered.
17-Apr-2017 16:02:20.816 WARNING [main] org.apache.catalina.loader.WebappClassLoaderBase.clearReferencesThreads The web application [ROOT] appears to have started a thread named [Abandoned connection cleanup thread] but has failed to stop it. This is very likely to create a memory leak. Stack trace of thread:
 java.lang.Object.wait(Native Method)
 java.lang.ref.ReferenceQueue.remove(ReferenceQueue.java:143)
 com.mysql.jdbc.AbandonedConnectionCleanupThread.run(AbandonedConnectionCleanupThread.java:43)
17-Apr-2017 16:02:20.830 INFO [main] org.apache.coyote.AbstractProtocol.stop Stopping ProtocolHandler ["http-nio-8080"]
17-Apr-2017 16:02:20.833 INFO [main] org.apache.coyote.AbstractProtocol.stop Stopping ProtocolHandler ["ajp-nio-8009"]
17-Apr-2017 16:02:20.835 INFO [main] org.apache.coyote.AbstractProtocol.destroy Destroying ProtocolHandler ["http-nio-8080"]
17-Apr-2017 16:02:20.835 INFO [main] org.apache.coyote.AbstractProtocol.destroy Destroying ProtocolHandler ["ajp-nio-8009"]
