15-Apr-2017 22:52:49.874 INFO [main] org.apache.catalina.core.ApplicationContext.log ContextListener: contextInitialized()
15-Apr-2017 22:52:49.874 INFO [main] org.apache.catalina.core.ApplicationContext.log SessionListener: contextInitialized()
15-Apr-2017 22:53:16.658 INFO [main] org.apache.catalina.core.ApplicationContext.log ContextListener: contextInitialized()
15-Apr-2017 22:53:16.659 INFO [main] org.apache.catalina.core.ApplicationContext.log SessionListener: contextInitialized()
15-Apr-2017 22:53:16.675 INFO [main] org.apache.catalina.core.ApplicationContext.log SessionListener: contextDestroyed()
15-Apr-2017 22:53:16.675 INFO [main] org.apache.catalina.core.ApplicationContext.log ContextListener: contextDestroyed()
15-Apr-2017 22:53:28.807 INFO [main] org.apache.catalina.core.ApplicationContext.log ContextListener: contextInitialized()
15-Apr-2017 22:53:28.807 INFO [main] org.apache.catalina.core.ApplicationContext.log SessionListener: contextInitialized()
15-Apr-2017 22:53:28.822 INFO [main] org.apache.catalina.core.ApplicationContext.log SessionListener: contextDestroyed()
15-Apr-2017 22:53:28.822 INFO [main] org.apache.catalina.core.ApplicationContext.log ContextListener: contextDestroyed()
15-Apr-2017 22:53:42.798 INFO [main] org.apache.catalina.core.ApplicationContext.log ContextListener: contextInitialized()
15-Apr-2017 22:53:42.798 INFO [main] org.apache.catalina.core.ApplicationContext.log SessionListener: contextInitialized()
15-Apr-2017 22:53:42.816 INFO [main] org.apache.catalina.core.ApplicationContext.log SessionListener: contextDestroyed()
15-Apr-2017 22:53:42.817 INFO [main] org.apache.catalina.core.ApplicationContext.log ContextListener: contextDestroyed()
15-Apr-2017 22:53:47.862 INFO [Thread-5] org.apache.catalina.core.ApplicationContext.log SessionListener: contextDestroyed()
15-Apr-2017 22:53:47.862 INFO [Thread-5] org.apache.catalina.core.ApplicationContext.log ContextListener: contextDestroyed()
15-Apr-2017 22:55:06.809 INFO [main] org.apache.catalina.core.ApplicationContext.log ContextListener: contextInitialized()
15-Apr-2017 22:55:06.809 INFO [main] org.apache.catalina.core.ApplicationContext.log SessionListener: contextInitialized()
15-Apr-2017 22:56:26.171 INFO [main] org.apache.catalina.core.ApplicationContext.log SessionListener: contextDestroyed()
15-Apr-2017 22:56:26.171 INFO [main] org.apache.catalina.core.ApplicationContext.log ContextListener: contextDestroyed()
